[0.268s] Invoking command in '/home/miguel/robos_autonomos/build/tb3_ra_bringup': CMAKE_PREFIX_PATH=${CMAKE_PREFIX_PATH}:/home/miguel/robos_autonomos/install/tb3_ra:/opt/ros/humble /usr/bin/cmake /home/miguel/robos_autonomos/src/tb3_ra_bringup -DAMENT_CMAKE_SYMLINK_INSTALL=1 -DCMAKE_INSTALL_PREFIX=/home/miguel/robos_autonomos/install/tb3_ra_bringup
[0.357s] -- The C compiler identification is GNU 11.3.0
[0.431s] -- The CXX compiler identification is GNU 11.3.0
[0.440s] -- Detecting C compiler ABI info
[0.494s] -- Detecting C compiler ABI info - done
[0.502s] -- Check for working C compiler: /usr/bin/cc - skipped
[0.503s] -- Detecting C compile features
[0.503s] -- Detecting C compile features - done
[0.507s] -- Detecting CXX compiler ABI info
[0.570s] -- Detecting CXX compiler ABI info - done
[0.578s] -- Check for working CXX compiler: /usr/bin/c++ - skipped
[0.578s] -- Detecting CXX compile features
[0.579s] -- Detecting CXX compile features - done
[0.583s] -- Found ament_cmake: 1.3.3 (/opt/ros/humble/share/ament_cmake/cmake)
[0.747s] -- Found Python3: /usr/bin/python3.10 (found version "3.10.6") found components: Interpreter 
[0.809s] -- Override CMake install command with custom implementation using symlinks instead of copying resources
[0.907s] -- Configuring done
[0.909s] -- Generating done
[0.910s] -- Build files have been written to: /home/miguel/robos_autonomos/build/tb3_ra_bringup
[0.914s] Invoked command in '/home/miguel/robos_autonomos/build/tb3_ra_bringup' returned '0': CMAKE_PREFIX_PATH=${CMAKE_PREFIX_PATH}:/home/miguel/robos_autonomos/install/tb3_ra:/opt/ros/humble /usr/bin/cmake /home/miguel/robos_autonomos/src/tb3_ra_bringup -DAMENT_CMAKE_SYMLINK_INSTALL=1 -DCMAKE_INSTALL_PREFIX=/home/miguel/robos_autonomos/install/tb3_ra_bringup
[0.915s] Invoking command in '/home/miguel/robos_autonomos/build/tb3_ra_bringup': CMAKE_PREFIX_PATH=${CMAKE_PREFIX_PATH}:/home/miguel/robos_autonomos/install/tb3_ra:/opt/ros/humble /usr/bin/cmake --build /home/miguel/robos_autonomos/build/tb3_ra_bringup -- -j8 -l8
[0.945s] Invoked command in '/home/miguel/robos_autonomos/build/tb3_ra_bringup' returned '0': CMAKE_PREFIX_PATH=${CMAKE_PREFIX_PATH}:/home/miguel/robos_autonomos/install/tb3_ra:/opt/ros/humble /usr/bin/cmake --build /home/miguel/robos_autonomos/build/tb3_ra_bringup -- -j8 -l8
[0.966s] Invoking command in '/home/miguel/robos_autonomos/build/tb3_ra_bringup': CMAKE_PREFIX_PATH=${CMAKE_PREFIX_PATH}:/home/miguel/robos_autonomos/install/tb3_ra:/opt/ros/humble /usr/bin/cmake --install /home/miguel/robos_autonomos/build/tb3_ra_bringup
[0.972s] -- Install configuration: ""
[0.972s] -- Execute custom install script
[0.973s] -- Symlinking: /home/miguel/robos_autonomos/install/tb3_ra_bringup/share/tb3_ra_bringup/launch/tb3_ra_project.launch.py
[0.980s] -- Symlinking: /home/miguel/robos_autonomos/install/tb3_ra_bringup/share/ament_index/resource_index/package_run_dependencies/tb3_ra_bringup
[0.986s] -- Symlinking: /home/miguel/robos_autonomos/install/tb3_ra_bringup/share/ament_index/resource_index/parent_prefix_path/tb3_ra_bringup
[0.993s] -- Symlinking: /home/miguel/robos_autonomos/install/tb3_ra_bringup/share/tb3_ra_bringup/environment/ament_prefix_path.sh
[1.000s] -- Symlinking: /home/miguel/robos_autonomos/install/tb3_ra_bringup/share/tb3_ra_bringup/environment/ament_prefix_path.dsv
[1.006s] -- Symlinking: /home/miguel/robos_autonomos/install/tb3_ra_bringup/share/tb3_ra_bringup/environment/path.sh
[1.013s] -- Symlinking: /home/miguel/robos_autonomos/install/tb3_ra_bringup/share/tb3_ra_bringup/environment/path.dsv
[1.020s] -- Symlinking: /home/miguel/robos_autonomos/install/tb3_ra_bringup/share/tb3_ra_bringup/local_setup.bash
[1.027s] -- Symlinking: /home/miguel/robos_autonomos/install/tb3_ra_bringup/share/tb3_ra_bringup/local_setup.sh
[1.033s] -- Symlinking: /home/miguel/robos_autonomos/install/tb3_ra_bringup/share/tb3_ra_bringup/local_setup.zsh
[1.040s] -- Symlinking: /home/miguel/robos_autonomos/install/tb3_ra_bringup/share/tb3_ra_bringup/local_setup.dsv
[1.046s] -- Symlinking: /home/miguel/robos_autonomos/install/tb3_ra_bringup/share/tb3_ra_bringup/package.dsv
[1.053s] -- Symlinking: /home/miguel/robos_autonomos/install/tb3_ra_bringup/share/ament_index/resource_index/packages/tb3_ra_bringup
[1.059s] -- Symlinking: /home/miguel/robos_autonomos/install/tb3_ra_bringup/share/tb3_ra_bringup/cmake/tb3_ra_bringupConfig.cmake
[1.065s] -- Symlinking: /home/miguel/robos_autonomos/install/tb3_ra_bringup/share/tb3_ra_bringup/cmake/tb3_ra_bringupConfig-version.cmake
[1.072s] -- Symlinking: /home/miguel/robos_autonomos/install/tb3_ra_bringup/share/tb3_ra_bringup/package.xml
[1.080s] Invoked command in '/home/miguel/robos_autonomos/build/tb3_ra_bringup' returned '0': CMAKE_PREFIX_PATH=${CMAKE_PREFIX_PATH}:/home/miguel/robos_autonomos/install/tb3_ra:/opt/ros/humble /usr/bin/cmake --install /home/miguel/robos_autonomos/build/tb3_ra_bringup
