[0.185s] DEBUG:colcon:Command line arguments: ['/usr/bin/colcon', 'build', '--symlink-install']
[0.185s] DEBUG:colcon:Parsed command line arguments: Namespace(log_base=None, log_level=None, verb_name='build', build_base='build', install_base='install', merge_install=False, symlink_install=True, test_result_base=None, continue_on_error=False, executor='parallel', parallel_workers=8, event_handlers=None, ignore_user_meta=False, metas=['./colcon.meta'], base_paths=['.'], packages_ignore=None, packages_ignore_regex=None, paths=None, packages_up_to=None, packages_up_to_regex=None, packages_above=None, packages_above_and_dependencies=None, packages_above_depth=None, packages_select_by_dep=None, packages_skip_by_dep=None, packages_skip_up_to=None, packages_select_build_failed=False, packages_skip_build_finished=False, packages_select_test_failures=False, packages_skip_test_passed=False, packages_select=None, packages_skip=None, packages_select_regex=None, packages_skip_regex=None, packages_start=None, packages_end=None, allow_overriding=[], cmake_args=None, cmake_target=None, cmake_target_skip_unavailable=False, cmake_clean_cache=False, cmake_clean_first=False, cmake_force_configure=False, ament_cmake_args=None, catkin_cmake_args=None, catkin_skip_building_tests=False, verb_parser=<colcon_defaults.argument_parser.defaults.DefaultArgumentsDecorator object at 0x7f7428862650>, verb_extension=<colcon_core.verb.build.BuildVerb object at 0x7f74288620e0>, main=<bound method BuildVerb.main of <colcon_core.verb.build.BuildVerb object at 0x7f74288620e0>>)
[0.219s] Level 1:colcon.colcon_core.package_discovery:discover_packages(colcon_meta) check parameters
[0.219s] Level 1:colcon.colcon_core.package_discovery:discover_packages(recursive) check parameters
[0.220s] Level 1:colcon.colcon_core.package_discovery:discover_packages(ignore) check parameters
[0.220s] Level 1:colcon.colcon_core.package_discovery:discover_packages(path) check parameters
[0.220s] Level 1:colcon.colcon_core.package_discovery:discover_packages(colcon_meta) discover
[0.220s] Level 1:colcon.colcon_core.package_discovery:discover_packages(recursive) discover
[0.220s] INFO:colcon.colcon_core.package_discovery:Crawling recursively for packages in '/home/miguel/robos_autonomos'
[0.220s] Level 1:colcon.colcon_core.package_identification:_identify(.) by extensions ['ignore', 'ignore_ament_install']
[0.220s] Level 1:colcon.colcon_core.package_identification:_identify(.) by extension 'ignore'
[0.220s] Level 1:colcon.colcon_core.package_identification:_identify(.) by extension 'ignore_ament_install'
[0.220s] Level 1:colcon.colcon_core.package_identification:_identify(.) by extensions ['colcon_pkg']
[0.220s] Level 1:colcon.colcon_core.package_identification:_identify(.) by extension 'colcon_pkg'
[0.220s] Level 1:colcon.colcon_core.package_identification:_identify(.) by extensions ['colcon_meta']
[0.220s] Level 1:colcon.colcon_core.package_identification:_identify(.) by extension 'colcon_meta'
[0.220s] Level 1:colcon.colcon_core.package_identification:_identify(.) by extensions ['ros']
[0.220s] Level 1:colcon.colcon_core.package_identification:_identify(.) by extension 'ros'
[0.235s] Level 1:colcon.colcon_core.package_identification:_identify(.) by extensions ['cmake', 'python']
[0.235s] Level 1:colcon.colcon_core.package_identification:_identify(.) by extension 'cmake'
[0.235s] Level 1:colcon.colcon_core.package_identification:_identify(.) by extension 'python'
[0.235s] Level 1:colcon.colcon_core.package_identification:_identify(.) by extensions ['python_setup_py']
[0.235s] Level 1:colcon.colcon_core.package_identification:_identify(.) by extension 'python_setup_py'
[0.235s] Level 1:colcon.colcon_core.package_identification:_identify(build) by extensions ['ignore', 'ignore_ament_install']
[0.236s] Level 1:colcon.colcon_core.package_identification:_identify(build) by extension 'ignore'
[0.236s] Level 1:colcon.colcon_core.package_identification:_identify(build) ignored
[0.236s] Level 1:colcon.colcon_core.package_identification:_identify(install) by extensions ['ignore', 'ignore_ament_install']
[0.236s] Level 1:colcon.colcon_core.package_identification:_identify(install) by extension 'ignore'
[0.236s] Level 1:colcon.colcon_core.package_identification:_identify(install) ignored
[0.236s] Level 1:colcon.colcon_core.package_identification:_identify(log) by extensions ['ignore', 'ignore_ament_install']
[0.236s] Level 1:colcon.colcon_core.package_identification:_identify(log) by extension 'ignore'
[0.236s] Level 1:colcon.colcon_core.package_identification:_identify(log) ignored
[0.236s] Level 1:colcon.colcon_core.package_identification:_identify(src) by extensions ['ignore', 'ignore_ament_install']
[0.236s] Level 1:colcon.colcon_core.package_identification:_identify(src) by extension 'ignore'
[0.237s] Level 1:colcon.colcon_core.package_identification:_identify(src) by extension 'ignore_ament_install'
[0.237s] Level 1:colcon.colcon_core.package_identification:_identify(src) by extensions ['colcon_pkg']
[0.237s] Level 1:colcon.colcon_core.package_identification:_identify(src) by extension 'colcon_pkg'
[0.237s] Level 1:colcon.colcon_core.package_identification:_identify(src) by extensions ['colcon_meta']
[0.237s] Level 1:colcon.colcon_core.package_identification:_identify(src) by extension 'colcon_meta'
[0.237s] Level 1:colcon.colcon_core.package_identification:_identify(src) by extensions ['ros']
[0.237s] Level 1:colcon.colcon_core.package_identification:_identify(src) by extension 'ros'
[0.237s] Level 1:colcon.colcon_core.package_identification:_identify(src) by extensions ['cmake', 'python']
[0.237s] Level 1:colcon.colcon_core.package_identification:_identify(src) by extension 'cmake'
[0.237s] Level 1:colcon.colcon_core.package_identification:_identify(src) by extension 'python'
[0.237s] Level 1:colcon.colcon_core.package_identification:_identify(src) by extensions ['python_setup_py']
[0.237s] Level 1:colcon.colcon_core.package_identification:_identify(src) by extension 'python_setup_py'
[0.237s] Level 1:colcon.colcon_core.package_identification:_identify(src/tb3_ra) by extensions ['ignore', 'ignore_ament_install']
[0.237s] Level 1:colcon.colcon_core.package_identification:_identify(src/tb3_ra) by extension 'ignore'
[0.237s] Level 1:colcon.colcon_core.package_identification:_identify(src/tb3_ra) by extension 'ignore_ament_install'
[0.237s] Level 1:colcon.colcon_core.package_identification:_identify(src/tb3_ra) by extensions ['colcon_pkg']
[0.237s] Level 1:colcon.colcon_core.package_identification:_identify(src/tb3_ra) by extension 'colcon_pkg'
[0.237s] Level 1:colcon.colcon_core.package_identification:_identify(src/tb3_ra) by extensions ['colcon_meta']
[0.237s] Level 1:colcon.colcon_core.package_identification:_identify(src/tb3_ra) by extension 'colcon_meta'
[0.237s] Level 1:colcon.colcon_core.package_identification:_identify(src/tb3_ra) by extensions ['ros']
[0.237s] Level 1:colcon.colcon_core.package_identification:_identify(src/tb3_ra) by extension 'ros'
[0.241s] DEBUG:colcon.colcon_core.package_identification:Package 'src/tb3_ra' with type 'ros.ament_python' and name 'tb3_ra'
[0.241s] Level 1:colcon.colcon_core.package_identification:_identify(src/tb3_ra2) by extensions ['ignore', 'ignore_ament_install']
[0.241s] Level 1:colcon.colcon_core.package_identification:_identify(src/tb3_ra2) by extension 'ignore'
[0.241s] Level 1:colcon.colcon_core.package_identification:_identify(src/tb3_ra2) by extension 'ignore_ament_install'
[0.241s] Level 1:colcon.colcon_core.package_identification:_identify(src/tb3_ra2) by extensions ['colcon_pkg']
[0.241s] Level 1:colcon.colcon_core.package_identification:_identify(src/tb3_ra2) by extension 'colcon_pkg'
[0.241s] Level 1:colcon.colcon_core.package_identification:_identify(src/tb3_ra2) by extensions ['colcon_meta']
[0.241s] Level 1:colcon.colcon_core.package_identification:_identify(src/tb3_ra2) by extension 'colcon_meta'
[0.241s] Level 1:colcon.colcon_core.package_identification:_identify(src/tb3_ra2) by extensions ['ros']
[0.241s] Level 1:colcon.colcon_core.package_identification:_identify(src/tb3_ra2) by extension 'ros'
[0.242s] DEBUG:colcon.colcon_core.package_identification:Package 'src/tb3_ra2' with type 'ros.ament_python' and name 'tb3_ra2'
[0.242s] Level 1:colcon.colcon_core.package_identification:_identify(src/tb3_ra_bringup) by extensions ['ignore', 'ignore_ament_install']
[0.242s] Level 1:colcon.colcon_core.package_identification:_identify(src/tb3_ra_bringup) by extension 'ignore'
[0.242s] Level 1:colcon.colcon_core.package_identification:_identify(src/tb3_ra_bringup) by extension 'ignore_ament_install'
[0.242s] Level 1:colcon.colcon_core.package_identification:_identify(src/tb3_ra_bringup) by extensions ['colcon_pkg']
[0.242s] Level 1:colcon.colcon_core.package_identification:_identify(src/tb3_ra_bringup) by extension 'colcon_pkg'
[0.242s] Level 1:colcon.colcon_core.package_identification:_identify(src/tb3_ra_bringup) by extensions ['colcon_meta']
[0.242s] Level 1:colcon.colcon_core.package_identification:_identify(src/tb3_ra_bringup) by extension 'colcon_meta'
[0.242s] Level 1:colcon.colcon_core.package_identification:_identify(src/tb3_ra_bringup) by extensions ['ros']
[0.242s] Level 1:colcon.colcon_core.package_identification:_identify(src/tb3_ra_bringup) by extension 'ros'
[0.243s] DEBUG:colcon.colcon_core.package_identification:Package 'src/tb3_ra_bringup' with type 'ros.ament_cmake' and name 'tb3_ra_bringup'
[0.243s] Level 1:colcon.colcon_core.package_identification:_identify(src/tb3_ra_interfaces) by extensions ['ignore', 'ignore_ament_install']
[0.243s] Level 1:colcon.colcon_core.package_identification:_identify(src/tb3_ra_interfaces) by extension 'ignore'
[0.243s] Level 1:colcon.colcon_core.package_identification:_identify(src/tb3_ra_interfaces) by extension 'ignore_ament_install'
[0.243s] Level 1:colcon.colcon_core.package_identification:_identify(src/tb3_ra_interfaces) by extensions ['colcon_pkg']
[0.243s] Level 1:colcon.colcon_core.package_identification:_identify(src/tb3_ra_interfaces) by extension 'colcon_pkg'
[0.243s] Level 1:colcon.colcon_core.package_identification:_identify(src/tb3_ra_interfaces) by extensions ['colcon_meta']
[0.243s] Level 1:colcon.colcon_core.package_identification:_identify(src/tb3_ra_interfaces) by extension 'colcon_meta'
[0.243s] Level 1:colcon.colcon_core.package_identification:_identify(src/tb3_ra_interfaces) by extensions ['ros']
[0.243s] Level 1:colcon.colcon_core.package_identification:_identify(src/tb3_ra_interfaces) by extension 'ros'
[0.244s] DEBUG:colcon.colcon_core.package_identification:Package 'src/tb3_ra_interfaces' with type 'ros.ament_cmake' and name 'tb3_ra_interfaces'
[0.244s] Level 1:colcon.colcon_core.package_discovery:discover_packages(recursive) using defaults
[0.244s] Level 1:colcon.colcon_core.package_discovery:discover_packages(ignore) discover
[0.244s] Level 1:colcon.colcon_core.package_discovery:discover_packages(ignore) using defaults
[0.244s] Level 1:colcon.colcon_core.package_discovery:discover_packages(path) discover
[0.244s] Level 1:colcon.colcon_core.package_discovery:discover_packages(path) using defaults
[0.273s] Level 1:colcon.colcon_core.package_discovery:discover_packages(prefix_path) check parameters
[0.273s] Level 1:colcon.colcon_core.package_discovery:discover_packages(prefix_path) discover
[0.276s] DEBUG:colcon.colcon_installed_package_information.package_discovery:Found 3 installed packages in /home/miguel/turtlebot3_ws/install
[0.277s] DEBUG:colcon.colcon_installed_package_information.package_discovery:Found 4 installed packages in /home/miguel/robos_autonomos/install
[0.279s] DEBUG:colcon.colcon_installed_package_information.package_discovery:Found 371 installed packages in /opt/ros/humble
[0.281s] Level 1:colcon.colcon_core.package_discovery:discover_packages(prefix_path) using defaults
[0.365s] Level 5:colcon.colcon_core.verb:set package 'tb3_ra' build argument 'cmake_args' from command line to 'None'
[0.366s] Level 5:colcon.colcon_core.verb:set package 'tb3_ra' build argument 'cmake_target' from command line to 'None'
[0.366s] Level 5:colcon.colcon_core.verb:set package 'tb3_ra' build argument 'cmake_target_skip_unavailable' from command line to 'False'
[0.366s] Level 5:colcon.colcon_core.verb:set package 'tb3_ra' build argument 'cmake_clean_cache' from command line to 'False'
[0.366s] Level 5:colcon.colcon_core.verb:set package 'tb3_ra' build argument 'cmake_clean_first' from command line to 'False'
[0.366s] Level 5:colcon.colcon_core.verb:set package 'tb3_ra' build argument 'cmake_force_configure' from command line to 'False'
[0.366s] Level 5:colcon.colcon_core.verb:set package 'tb3_ra' build argument 'ament_cmake_args' from command line to 'None'
[0.366s] Level 5:colcon.colcon_core.verb:set package 'tb3_ra' build argument 'catkin_cmake_args' from command line to 'None'
[0.366s] Level 5:colcon.colcon_core.verb:set package 'tb3_ra' build argument 'catkin_skip_building_tests' from command line to 'False'
[0.366s] DEBUG:colcon.colcon_core.verb:Building package 'tb3_ra' with the following arguments: {'ament_cmake_args': None, 'build_base': '/home/miguel/robos_autonomos/build/tb3_ra', 'catkin_cmake_args': None, 'catkin_skip_building_tests': False, 'cmake_args': None, 'cmake_clean_cache': False, 'cmake_clean_first': False, 'cmake_force_configure': False, 'cmake_target': None, 'cmake_target_skip_unavailable': False, 'install_base': '/home/miguel/robos_autonomos/install/tb3_ra', 'merge_install': False, 'path': '/home/miguel/robos_autonomos/src/tb3_ra', 'symlink_install': True, 'test_result_base': None}
[0.367s] Level 5:colcon.colcon_core.verb:set package 'tb3_ra2' build argument 'cmake_args' from command line to 'None'
[0.367s] Level 5:colcon.colcon_core.verb:set package 'tb3_ra2' build argument 'cmake_target' from command line to 'None'
[0.367s] Level 5:colcon.colcon_core.verb:set package 'tb3_ra2' build argument 'cmake_target_skip_unavailable' from command line to 'False'
[0.367s] Level 5:colcon.colcon_core.verb:set package 'tb3_ra2' build argument 'cmake_clean_cache' from command line to 'False'
[0.367s] Level 5:colcon.colcon_core.verb:set package 'tb3_ra2' build argument 'cmake_clean_first' from command line to 'False'
[0.367s] Level 5:colcon.colcon_core.verb:set package 'tb3_ra2' build argument 'cmake_force_configure' from command line to 'False'
[0.367s] Level 5:colcon.colcon_core.verb:set package 'tb3_ra2' build argument 'ament_cmake_args' from command line to 'None'
[0.367s] Level 5:colcon.colcon_core.verb:set package 'tb3_ra2' build argument 'catkin_cmake_args' from command line to 'None'
[0.367s] Level 5:colcon.colcon_core.verb:set package 'tb3_ra2' build argument 'catkin_skip_building_tests' from command line to 'False'
[0.367s] DEBUG:colcon.colcon_core.verb:Building package 'tb3_ra2' with the following arguments: {'ament_cmake_args': None, 'build_base': '/home/miguel/robos_autonomos/build/tb3_ra2', 'catkin_cmake_args': None, 'catkin_skip_building_tests': False, 'cmake_args': None, 'cmake_clean_cache': False, 'cmake_clean_first': False, 'cmake_force_configure': False, 'cmake_target': None, 'cmake_target_skip_unavailable': False, 'install_base': '/home/miguel/robos_autonomos/install/tb3_ra2', 'merge_install': False, 'path': '/home/miguel/robos_autonomos/src/tb3_ra2', 'symlink_install': True, 'test_result_base': None}
[0.368s] Level 5:colcon.colcon_core.verb:set package 'tb3_ra_interfaces' build argument 'cmake_args' from command line to 'None'
[0.368s] Level 5:colcon.colcon_core.verb:set package 'tb3_ra_interfaces' build argument 'cmake_target' from command line to 'None'
[0.368s] Level 5:colcon.colcon_core.verb:set package 'tb3_ra_interfaces' build argument 'cmake_target_skip_unavailable' from command line to 'False'
[0.368s] Level 5:colcon.colcon_core.verb:set package 'tb3_ra_interfaces' build argument 'cmake_clean_cache' from command line to 'False'
[0.368s] Level 5:colcon.colcon_core.verb:set package 'tb3_ra_interfaces' build argument 'cmake_clean_first' from command line to 'False'
[0.368s] Level 5:colcon.colcon_core.verb:set package 'tb3_ra_interfaces' build argument 'cmake_force_configure' from command line to 'False'
[0.368s] Level 5:colcon.colcon_core.verb:set package 'tb3_ra_interfaces' build argument 'ament_cmake_args' from command line to 'None'
[0.369s] Level 5:colcon.colcon_core.verb:set package 'tb3_ra_interfaces' build argument 'catkin_cmake_args' from command line to 'None'
[0.369s] Level 5:colcon.colcon_core.verb:set package 'tb3_ra_interfaces' build argument 'catkin_skip_building_tests' from command line to 'False'
[0.369s] DEBUG:colcon.colcon_core.verb:Building package 'tb3_ra_interfaces' with the following arguments: {'ament_cmake_args': None, 'build_base': '/home/miguel/robos_autonomos/build/tb3_ra_interfaces', 'catkin_cmake_args': None, 'catkin_skip_building_tests': False, 'cmake_args': None, 'cmake_clean_cache': False, 'cmake_clean_first': False, 'cmake_force_configure': False, 'cmake_target': None, 'cmake_target_skip_unavailable': False, 'install_base': '/home/miguel/robos_autonomos/install/tb3_ra_interfaces', 'merge_install': False, 'path': '/home/miguel/robos_autonomos/src/tb3_ra_interfaces', 'symlink_install': True, 'test_result_base': None}
[0.370s] Level 5:colcon.colcon_core.verb:set package 'tb3_ra_bringup' build argument 'cmake_args' from command line to 'None'
[0.370s] Level 5:colcon.colcon_core.verb:set package 'tb3_ra_bringup' build argument 'cmake_target' from command line to 'None'
[0.370s] Level 5:colcon.colcon_core.verb:set package 'tb3_ra_bringup' build argument 'cmake_target_skip_unavailable' from command line to 'False'
[0.370s] Level 5:colcon.colcon_core.verb:set package 'tb3_ra_bringup' build argument 'cmake_clean_cache' from command line to 'False'
[0.370s] Level 5:colcon.colcon_core.verb:set package 'tb3_ra_bringup' build argument 'cmake_clean_first' from command line to 'False'
[0.370s] Level 5:colcon.colcon_core.verb:set package 'tb3_ra_bringup' build argument 'cmake_force_configure' from command line to 'False'
[0.370s] Level 5:colcon.colcon_core.verb:set package 'tb3_ra_bringup' build argument 'ament_cmake_args' from command line to 'None'
[0.370s] Level 5:colcon.colcon_core.verb:set package 'tb3_ra_bringup' build argument 'catkin_cmake_args' from command line to 'None'
[0.370s] Level 5:colcon.colcon_core.verb:set package 'tb3_ra_bringup' build argument 'catkin_skip_building_tests' from command line to 'False'
[0.370s] DEBUG:colcon.colcon_core.verb:Building package 'tb3_ra_bringup' with the following arguments: {'ament_cmake_args': None, 'build_base': '/home/miguel/robos_autonomos/build/tb3_ra_bringup', 'catkin_cmake_args': None, 'catkin_skip_building_tests': False, 'cmake_args': None, 'cmake_clean_cache': False, 'cmake_clean_first': False, 'cmake_force_configure': False, 'cmake_target': None, 'cmake_target_skip_unavailable': False, 'install_base': '/home/miguel/robos_autonomos/install/tb3_ra_bringup', 'merge_install': False, 'path': '/home/miguel/robos_autonomos/src/tb3_ra_bringup', 'symlink_install': True, 'test_result_base': None}
[0.371s] INFO:colcon.colcon_core.executor:Executing jobs using 'parallel' executor
[0.374s] DEBUG:colcon.colcon_parallel_executor.executor.parallel:run_until_complete
[0.375s] INFO:colcon.colcon_ros.task.ament_python.build:Building ROS package in '/home/miguel/robos_autonomos/src/tb3_ra' with build type 'ament_python'
[0.375s] Level 1:colcon.colcon_core.shell:create_environment_hook('tb3_ra', 'ament_prefix_path')
[0.379s] INFO:colcon.colcon_core.plugin_system:Skipping extension 'colcon_core.shell.bat': Not used on non-Windows systems
[0.379s] INFO:colcon.colcon_core.shell:Creating environment hook '/home/miguel/robos_autonomos/install/tb3_ra/share/tb3_ra/hook/ament_prefix_path.ps1'
[0.380s] INFO:colcon.colcon_core.shell:Creating environment descriptor '/home/miguel/robos_autonomos/install/tb3_ra/share/tb3_ra/hook/ament_prefix_path.dsv'
[0.380s] INFO:colcon.colcon_core.shell:Creating environment hook '/home/miguel/robos_autonomos/install/tb3_ra/share/tb3_ra/hook/ament_prefix_path.sh'
[0.383s] INFO:colcon.colcon_core.shell:Skip shell extension 'powershell' for command environment: Not usable outside of PowerShell
[0.383s] DEBUG:colcon.colcon_core.shell:Skip shell extension 'dsv' for command environment
[0.389s] INFO:colcon.colcon_ros.task.ament_python.build:Building ROS package in '/home/miguel/robos_autonomos/src/tb3_ra2' with build type 'ament_python'
[0.389s] Level 1:colcon.colcon_core.shell:create_environment_hook('tb3_ra2', 'ament_prefix_path')
[0.391s] INFO:colcon.colcon_core.shell:Creating environment hook '/home/miguel/robos_autonomos/install/tb3_ra2/share/tb3_ra2/hook/ament_prefix_path.ps1'
[0.392s] INFO:colcon.colcon_core.shell:Creating environment descriptor '/home/miguel/robos_autonomos/install/tb3_ra2/share/tb3_ra2/hook/ament_prefix_path.dsv'
[0.392s] INFO:colcon.colcon_core.shell:Creating environment hook '/home/miguel/robos_autonomos/install/tb3_ra2/share/tb3_ra2/hook/ament_prefix_path.sh'
[0.394s] INFO:colcon.colcon_core.shell:Skip shell extension 'powershell' for command environment: Not usable outside of PowerShell
[0.394s] DEBUG:colcon.colcon_core.shell:Skip shell extension 'dsv' for command environment
[0.401s] INFO:colcon.colcon_ros.task.ament_cmake.build:Building ROS package in '/home/miguel/robos_autonomos/src/tb3_ra_interfaces' with build type 'ament_cmake'
[0.401s] INFO:colcon.colcon_cmake.task.cmake.build:Building CMake package in '/home/miguel/robos_autonomos/src/tb3_ra_interfaces'
[0.403s] INFO:colcon.colcon_core.shell:Skip shell extension 'powershell' for command environment: Not usable outside of PowerShell
[0.403s] DEBUG:colcon.colcon_core.shell:Skip shell extension 'dsv' for command environment
[0.717s] INFO:colcon.colcon_core.task.python.build:Building Python package in '/home/miguel/robos_autonomos/src/tb3_ra'
[0.718s] INFO:colcon.colcon_core.shell:Skip shell extension 'powershell' for command environment: Not usable outside of PowerShell
[0.718s] DEBUG:colcon.colcon_core.shell:Skip shell extension 'dsv' for command environment
[1.095s] INFO:colcon.colcon_core.task.python.build:Building Python package in '/home/miguel/robos_autonomos/src/tb3_ra2'
[1.097s] INFO:colcon.colcon_core.shell:Skip shell extension 'powershell' for command environment: Not usable outside of PowerShell
[1.097s] DEBUG:colcon.colcon_core.shell:Skip shell extension 'dsv' for command environment
[1.108s] DEBUG:colcon.colcon_core.event_handler.log_command:Invoking command in '/home/miguel/robos_autonomos/build/tb3_ra_interfaces': CMAKE_PREFIX_PATH=${CMAKE_PREFIX_PATH}:/home/miguel/robos_autonomos/install/tb3_ra:/opt/ros/humble /usr/bin/cmake --build /home/miguel/robos_autonomos/build/tb3_ra_interfaces -- -j8 -l8
[1.674s] DEBUG:colcon.colcon_core.event_handler.log_command:Invoking command in '/home/miguel/robos_autonomos/build/tb3_ra': PYTHONPATH=/home/miguel/robos_autonomos/build/tb3_ra/prefix_override:/home/miguel/robos_autonomos/install/tb3_ra/lib/python3.10/site-packages:${PYTHONPATH} /usr/bin/python3 setup.py develop --editable --build-directory /home/miguel/robos_autonomos/build/tb3_ra/build --no-deps install_data
[1.680s] DEBUG:colcon.colcon_core.event_handler.log_command:Invoked command in '/home/miguel/robos_autonomos/build/tb3_ra_interfaces' returned '0': CMAKE_PREFIX_PATH=${CMAKE_PREFIX_PATH}:/home/miguel/robos_autonomos/install/tb3_ra:/opt/ros/humble /usr/bin/cmake --build /home/miguel/robos_autonomos/build/tb3_ra_interfaces -- -j8 -l8
[1.740s] DEBUG:colcon.colcon_core.event_handler.log_command:Invoking command in '/home/miguel/robos_autonomos/build/tb3_ra2': PYTHONPATH=/home/miguel/robos_autonomos/build/tb3_ra2/prefix_override:/home/miguel/robos_autonomos/install/tb3_ra2/lib/python3.10/site-packages:${PYTHONPATH} /usr/bin/python3 setup.py develop --editable --build-directory /home/miguel/robos_autonomos/build/tb3_ra2/build --no-deps install_data
[1.756s] DEBUG:colcon.colcon_core.event_handler.log_command:Invoking command in '/home/miguel/robos_autonomos/build/tb3_ra_interfaces': CMAKE_PREFIX_PATH=${CMAKE_PREFIX_PATH}:/home/miguel/robos_autonomos/install/tb3_ra:/opt/ros/humble /usr/bin/cmake --install /home/miguel/robos_autonomos/build/tb3_ra_interfaces
[1.839s] Level 1:colcon.colcon_core.environment:create_environment_scripts_only(tb3_ra_interfaces)
[1.839s] DEBUG:colcon.colcon_core.event_handler.log_command:Invoked command in '/home/miguel/robos_autonomos/build/tb3_ra_interfaces' returned '0': CMAKE_PREFIX_PATH=${CMAKE_PREFIX_PATH}:/home/miguel/robos_autonomos/install/tb3_ra:/opt/ros/humble /usr/bin/cmake --install /home/miguel/robos_autonomos/build/tb3_ra_interfaces
[1.845s] Level 1:colcon.colcon_core.environment:checking '/home/miguel/robos_autonomos/install/tb3_ra_interfaces' for CMake module files
[1.846s] Level 1:colcon.colcon_core.environment:checking '/home/miguel/robos_autonomos/install/tb3_ra_interfaces' for CMake config files
[1.847s] Level 1:colcon.colcon_core.shell:create_environment_hook('tb3_ra_interfaces', 'cmake_prefix_path')
[1.849s] INFO:colcon.colcon_core.shell:Creating environment hook '/home/miguel/robos_autonomos/install/tb3_ra_interfaces/share/tb3_ra_interfaces/hook/cmake_prefix_path.ps1'
[1.849s] INFO:colcon.colcon_core.shell:Creating environment descriptor '/home/miguel/robos_autonomos/install/tb3_ra_interfaces/share/tb3_ra_interfaces/hook/cmake_prefix_path.dsv'
[1.850s] INFO:colcon.colcon_core.shell:Creating environment hook '/home/miguel/robos_autonomos/install/tb3_ra_interfaces/share/tb3_ra_interfaces/hook/cmake_prefix_path.sh'
[1.851s] Level 1:colcon.colcon_core.environment:checking '/home/miguel/robos_autonomos/install/tb3_ra_interfaces/lib'
[1.852s] Level 1:colcon.colcon_core.shell:create_environment_hook('tb3_ra_interfaces', 'ld_library_path_lib')
[1.853s] INFO:colcon.colcon_core.shell:Creating environment hook '/home/miguel/robos_autonomos/install/tb3_ra_interfaces/share/tb3_ra_interfaces/hook/ld_library_path_lib.ps1'
[1.854s] INFO:colcon.colcon_core.shell:Creating environment descriptor '/home/miguel/robos_autonomos/install/tb3_ra_interfaces/share/tb3_ra_interfaces/hook/ld_library_path_lib.dsv'
[1.854s] INFO:colcon.colcon_core.shell:Creating environment hook '/home/miguel/robos_autonomos/install/tb3_ra_interfaces/share/tb3_ra_interfaces/hook/ld_library_path_lib.sh'
[1.854s] Level 1:colcon.colcon_core.environment:checking '/home/miguel/robos_autonomos/install/tb3_ra_interfaces/bin'
[1.855s] Level 1:colcon.colcon_core.environment:checking '/home/miguel/robos_autonomos/install/tb3_ra_interfaces/lib/pkgconfig/tb3_ra_interfaces.pc'
[1.855s] Level 1:colcon.colcon_core.environment:checking '/home/miguel/robos_autonomos/install/tb3_ra_interfaces/lib/python3.10/site-packages'
[1.855s] Level 1:colcon.colcon_core.environment:checking '/home/miguel/robos_autonomos/install/tb3_ra_interfaces/bin'
[1.857s] INFO:colcon.colcon_core.shell:Creating package script '/home/miguel/robos_autonomos/install/tb3_ra_interfaces/share/tb3_ra_interfaces/package.ps1'
[1.857s] INFO:colcon.colcon_core.shell:Creating package descriptor '/home/miguel/robos_autonomos/install/tb3_ra_interfaces/share/tb3_ra_interfaces/package.dsv'
[1.858s] INFO:colcon.colcon_core.shell:Creating package script '/home/miguel/robos_autonomos/install/tb3_ra_interfaces/share/tb3_ra_interfaces/package.sh'
[1.859s] INFO:colcon.colcon_core.shell:Creating package script '/home/miguel/robos_autonomos/install/tb3_ra_interfaces/share/tb3_ra_interfaces/package.bash'
[1.860s] INFO:colcon.colcon_core.shell:Creating package script '/home/miguel/robos_autonomos/install/tb3_ra_interfaces/share/tb3_ra_interfaces/package.zsh'
[1.861s] Level 1:colcon.colcon_core.environment:create_file_with_runtime_dependencies(/home/miguel/robos_autonomos/install/tb3_ra_interfaces/share/colcon-core/packages/tb3_ra_interfaces)
[1.910s] Level 1:colcon.colcon_core.environment:create_environment_scripts_only(tb3_ra_interfaces)
[1.912s] Level 1:colcon.colcon_core.environment:checking '/home/miguel/robos_autonomos/install/tb3_ra_interfaces' for CMake module files
[1.913s] Level 1:colcon.colcon_core.environment:checking '/home/miguel/robos_autonomos/install/tb3_ra_interfaces' for CMake config files
[1.914s] Level 1:colcon.colcon_core.shell:create_environment_hook('tb3_ra_interfaces', 'cmake_prefix_path')
[1.916s] INFO:colcon.colcon_core.shell:Creating environment hook '/home/miguel/robos_autonomos/install/tb3_ra_interfaces/share/tb3_ra_interfaces/hook/cmake_prefix_path.ps1'
[1.916s] INFO:colcon.colcon_core.shell:Creating environment descriptor '/home/miguel/robos_autonomos/install/tb3_ra_interfaces/share/tb3_ra_interfaces/hook/cmake_prefix_path.dsv'
[1.917s] INFO:colcon.colcon_core.shell:Creating environment hook '/home/miguel/robos_autonomos/install/tb3_ra_interfaces/share/tb3_ra_interfaces/hook/cmake_prefix_path.sh'
[1.917s] Level 1:colcon.colcon_core.environment:checking '/home/miguel/robos_autonomos/install/tb3_ra_interfaces/lib'
[1.918s] Level 1:colcon.colcon_core.shell:create_environment_hook('tb3_ra_interfaces', 'ld_library_path_lib')
[1.919s] INFO:colcon.colcon_core.shell:Creating environment hook '/home/miguel/robos_autonomos/install/tb3_ra_interfaces/share/tb3_ra_interfaces/hook/ld_library_path_lib.ps1'
[1.920s] INFO:colcon.colcon_core.shell:Creating environment descriptor '/home/miguel/robos_autonomos/install/tb3_ra_interfaces/share/tb3_ra_interfaces/hook/ld_library_path_lib.dsv'
[1.921s] INFO:colcon.colcon_core.shell:Creating environment hook '/home/miguel/robos_autonomos/install/tb3_ra_interfaces/share/tb3_ra_interfaces/hook/ld_library_path_lib.sh'
[1.921s] Level 1:colcon.colcon_core.environment:checking '/home/miguel/robos_autonomos/install/tb3_ra_interfaces/bin'
[1.921s] Level 1:colcon.colcon_core.environment:checking '/home/miguel/robos_autonomos/install/tb3_ra_interfaces/lib/pkgconfig/tb3_ra_interfaces.pc'
[1.922s] Level 1:colcon.colcon_core.environment:checking '/home/miguel/robos_autonomos/install/tb3_ra_interfaces/lib/python3.10/site-packages'
[1.922s] Level 1:colcon.colcon_core.environment:checking '/home/miguel/robos_autonomos/install/tb3_ra_interfaces/bin'
[1.924s] INFO:colcon.colcon_core.shell:Creating package script '/home/miguel/robos_autonomos/install/tb3_ra_interfaces/share/tb3_ra_interfaces/package.ps1'
[1.924s] INFO:colcon.colcon_core.shell:Creating package descriptor '/home/miguel/robos_autonomos/install/tb3_ra_interfaces/share/tb3_ra_interfaces/package.dsv'
[1.925s] INFO:colcon.colcon_core.shell:Creating package script '/home/miguel/robos_autonomos/install/tb3_ra_interfaces/share/tb3_ra_interfaces/package.sh'
[1.925s] INFO:colcon.colcon_core.shell:Creating package script '/home/miguel/robos_autonomos/install/tb3_ra_interfaces/share/tb3_ra_interfaces/package.bash'
[1.926s] INFO:colcon.colcon_core.shell:Creating package script '/home/miguel/robos_autonomos/install/tb3_ra_interfaces/share/tb3_ra_interfaces/package.zsh'
[1.926s] Level 1:colcon.colcon_core.environment:create_file_with_runtime_dependencies(/home/miguel/robos_autonomos/install/tb3_ra_interfaces/share/colcon-core/packages/tb3_ra_interfaces)
[2.312s] Level 1:colcon.colcon_core.shell:create_environment_hook('tb3_ra', 'pythonpath_develop')
[2.315s] INFO:colcon.colcon_core.shell:Creating environment hook '/home/miguel/robos_autonomos/build/tb3_ra/share/tb3_ra/hook/pythonpath_develop.ps1'
[2.316s] DEBUG:colcon.colcon_core.event_handler.log_command:Invoked command in '/home/miguel/robos_autonomos/build/tb3_ra' returned '0': PYTHONPATH=/home/miguel/robos_autonomos/build/tb3_ra/prefix_override:/home/miguel/robos_autonomos/install/tb3_ra/lib/python3.10/site-packages:${PYTHONPATH} /usr/bin/python3 setup.py develop --editable --build-directory /home/miguel/robos_autonomos/build/tb3_ra/build --no-deps install_data
[2.318s] INFO:colcon.colcon_core.shell:Creating environment descriptor '/home/miguel/robos_autonomos/build/tb3_ra/share/tb3_ra/hook/pythonpath_develop.dsv'
[2.320s] INFO:colcon.colcon_core.shell:Creating environment hook '/home/miguel/robos_autonomos/build/tb3_ra/share/tb3_ra/hook/pythonpath_develop.sh'
[2.324s] Level 1:colcon.colcon_core.environment:checking '/home/miguel/robos_autonomos/install/tb3_ra' for CMake module files
[2.324s] Level 1:colcon.colcon_core.environment:checking '/home/miguel/robos_autonomos/install/tb3_ra' for CMake config files
[2.325s] Level 1:colcon.colcon_core.environment:checking '/home/miguel/robos_autonomos/install/tb3_ra/lib'
[2.325s] Level 1:colcon.colcon_core.environment:checking '/home/miguel/robos_autonomos/install/tb3_ra/bin'
[2.325s] Level 1:colcon.colcon_core.environment:checking '/home/miguel/robos_autonomos/install/tb3_ra/lib/pkgconfig/tb3_ra.pc'
[2.325s] Level 1:colcon.colcon_core.environment:checking '/home/miguel/robos_autonomos/install/tb3_ra/lib/python3.10/site-packages'
[2.325s] Level 1:colcon.colcon_core.shell:create_environment_hook('tb3_ra', 'pythonpath')
[2.327s] INFO:colcon.colcon_core.shell:Creating environment hook '/home/miguel/robos_autonomos/install/tb3_ra/share/tb3_ra/hook/pythonpath.ps1'
[2.328s] INFO:colcon.colcon_core.shell:Creating environment descriptor '/home/miguel/robos_autonomos/install/tb3_ra/share/tb3_ra/hook/pythonpath.dsv'
[2.328s] INFO:colcon.colcon_core.shell:Creating environment hook '/home/miguel/robos_autonomos/install/tb3_ra/share/tb3_ra/hook/pythonpath.sh'
[2.329s] Level 1:colcon.colcon_core.environment:checking '/home/miguel/robos_autonomos/install/tb3_ra/bin'
[2.329s] Level 1:colcon.colcon_core.environment:create_environment_scripts_only(tb3_ra)
[2.331s] INFO:colcon.colcon_core.shell:Creating package script '/home/miguel/robos_autonomos/install/tb3_ra/share/tb3_ra/package.ps1'
[2.331s] INFO:colcon.colcon_core.shell:Creating package descriptor '/home/miguel/robos_autonomos/install/tb3_ra/share/tb3_ra/package.dsv'
[2.332s] INFO:colcon.colcon_core.shell:Creating package script '/home/miguel/robos_autonomos/install/tb3_ra/share/tb3_ra/package.sh'
[2.333s] INFO:colcon.colcon_core.shell:Creating package script '/home/miguel/robos_autonomos/install/tb3_ra/share/tb3_ra/package.bash'
[2.333s] INFO:colcon.colcon_core.shell:Creating package script '/home/miguel/robos_autonomos/install/tb3_ra/share/tb3_ra/package.zsh'
[2.334s] Level 1:colcon.colcon_core.environment:create_file_with_runtime_dependencies(/home/miguel/robos_autonomos/install/tb3_ra/share/colcon-core/packages/tb3_ra)
[2.334s] INFO:colcon.colcon_ros.task.ament_cmake.build:Building ROS package in '/home/miguel/robos_autonomos/src/tb3_ra_bringup' with build type 'ament_cmake'
[2.334s] INFO:colcon.colcon_cmake.task.cmake.build:Building CMake package in '/home/miguel/robos_autonomos/src/tb3_ra_bringup'
[2.336s] INFO:colcon.colcon_core.shell:Skip shell extension 'powershell' for command environment: Not usable outside of PowerShell
[2.336s] DEBUG:colcon.colcon_core.shell:Skip shell extension 'dsv' for command environment
[2.355s] DEBUG:colcon.colcon_core.event_handler.log_command:Invoking command in '/home/miguel/robos_autonomos/build/tb3_ra_bringup': AMENT_PREFIX_PATH=/home/miguel/robos_autonomos/install/tb3_ra:/home/miguel/robos_autonomos/install/tb3_ra_interfaces:/home/miguel/robos_autonomos/install/tb3_ra_bringup:/home/miguel/turtlebot3_ws/install/turtlebot3_simulations:/home/miguel/turtlebot3_ws/install/turtlebot3_gazebo:/home/miguel/turtlebot3_ws/install/turtlebot3_fake_node:/opt/ros/humble CMAKE_PREFIX_PATH=${CMAKE_PREFIX_PATH}:/home/miguel/robos_autonomos/install/tb3_ra:/opt/ros/humble PYTHONPATH=/home/miguel/robos_autonomos/build/tb3_ra:/home/miguel/robos_autonomos/install/tb3_ra/lib/python3.10/site-packages:/home/miguel/robos_autonomos/install/tb3_ra_interfaces/local/lib/python3.10/dist-packages:/opt/ros/humble/lib/python3.10/site-packages:/opt/ros/humble/local/lib/python3.10/dist-packages /usr/bin/cmake --build /home/miguel/robos_autonomos/build/tb3_ra_bringup -- -j8 -l8
[2.375s] Level 1:colcon.colcon_core.shell:create_environment_hook('tb3_ra2', 'pythonpath_develop')
[2.378s] INFO:colcon.colcon_core.shell:Creating environment hook '/home/miguel/robos_autonomos/build/tb3_ra2/share/tb3_ra2/hook/pythonpath_develop.ps1'
[2.379s] DEBUG:colcon.colcon_core.event_handler.log_command:Invoked command in '/home/miguel/robos_autonomos/build/tb3_ra2' returned '0': PYTHONPATH=/home/miguel/robos_autonomos/build/tb3_ra2/prefix_override:/home/miguel/robos_autonomos/install/tb3_ra2/lib/python3.10/site-packages:${PYTHONPATH} /usr/bin/python3 setup.py develop --editable --build-directory /home/miguel/robos_autonomos/build/tb3_ra2/build --no-deps install_data
[2.380s] INFO:colcon.colcon_core.shell:Creating environment descriptor '/home/miguel/robos_autonomos/build/tb3_ra2/share/tb3_ra2/hook/pythonpath_develop.dsv'
[2.381s] INFO:colcon.colcon_core.shell:Creating environment hook '/home/miguel/robos_autonomos/build/tb3_ra2/share/tb3_ra2/hook/pythonpath_develop.sh'
[2.386s] Level 1:colcon.colcon_core.environment:checking '/home/miguel/robos_autonomos/install/tb3_ra2' for CMake module files
[2.386s] Level 1:colcon.colcon_core.environment:checking '/home/miguel/robos_autonomos/install/tb3_ra2' for CMake config files
[2.387s] Level 1:colcon.colcon_core.environment:checking '/home/miguel/robos_autonomos/install/tb3_ra2/lib'
[2.387s] Level 1:colcon.colcon_core.environment:checking '/home/miguel/robos_autonomos/install/tb3_ra2/bin'
[2.387s] Level 1:colcon.colcon_core.environment:checking '/home/miguel/robos_autonomos/install/tb3_ra2/lib/pkgconfig/tb3_ra2.pc'
[2.388s] Level 1:colcon.colcon_core.environment:checking '/home/miguel/robos_autonomos/install/tb3_ra2/lib/python3.10/site-packages'
[2.388s] Level 1:colcon.colcon_core.shell:create_environment_hook('tb3_ra2', 'pythonpath')
[2.390s] INFO:colcon.colcon_core.shell:Creating environment hook '/home/miguel/robos_autonomos/install/tb3_ra2/share/tb3_ra2/hook/pythonpath.ps1'
[2.391s] INFO:colcon.colcon_core.shell:Creating environment descriptor '/home/miguel/robos_autonomos/install/tb3_ra2/share/tb3_ra2/hook/pythonpath.dsv'
[2.391s] INFO:colcon.colcon_core.shell:Creating environment hook '/home/miguel/robos_autonomos/install/tb3_ra2/share/tb3_ra2/hook/pythonpath.sh'
[2.392s] Level 1:colcon.colcon_core.environment:checking '/home/miguel/robos_autonomos/install/tb3_ra2/bin'
[2.392s] Level 1:colcon.colcon_core.environment:create_environment_scripts_only(tb3_ra2)
[2.393s] INFO:colcon.colcon_core.shell:Creating package script '/home/miguel/robos_autonomos/install/tb3_ra2/share/tb3_ra2/package.ps1'
[2.394s] INFO:colcon.colcon_core.shell:Creating package descriptor '/home/miguel/robos_autonomos/install/tb3_ra2/share/tb3_ra2/package.dsv'
[2.395s] INFO:colcon.colcon_core.shell:Creating package script '/home/miguel/robos_autonomos/install/tb3_ra2/share/tb3_ra2/package.sh'
[2.397s] INFO:colcon.colcon_core.shell:Creating package script '/home/miguel/robos_autonomos/install/tb3_ra2/share/tb3_ra2/package.bash'
[2.398s] INFO:colcon.colcon_core.shell:Creating package script '/home/miguel/robos_autonomos/install/tb3_ra2/share/tb3_ra2/package.zsh'
[2.398s] Level 1:colcon.colcon_core.environment:create_file_with_runtime_dependencies(/home/miguel/robos_autonomos/install/tb3_ra2/share/colcon-core/packages/tb3_ra2)
[2.401s] DEBUG:colcon.colcon_core.event_handler.log_command:Invoked command in '/home/miguel/robos_autonomos/build/tb3_ra_bringup' returned '0': AMENT_PREFIX_PATH=/home/miguel/robos_autonomos/install/tb3_ra:/home/miguel/robos_autonomos/install/tb3_ra_interfaces:/home/miguel/robos_autonomos/install/tb3_ra_bringup:/home/miguel/turtlebot3_ws/install/turtlebot3_simulations:/home/miguel/turtlebot3_ws/install/turtlebot3_gazebo:/home/miguel/turtlebot3_ws/install/turtlebot3_fake_node:/opt/ros/humble CMAKE_PREFIX_PATH=${CMAKE_PREFIX_PATH}:/home/miguel/robos_autonomos/install/tb3_ra:/opt/ros/humble PYTHONPATH=/home/miguel/robos_autonomos/build/tb3_ra:/home/miguel/robos_autonomos/install/tb3_ra/lib/python3.10/site-packages:/home/miguel/robos_autonomos/install/tb3_ra_interfaces/local/lib/python3.10/dist-packages:/opt/ros/humble/lib/python3.10/site-packages:/opt/ros/humble/local/lib/python3.10/dist-packages /usr/bin/cmake --build /home/miguel/robos_autonomos/build/tb3_ra_bringup -- -j8 -l8
[2.421s] DEBUG:colcon.colcon_core.event_handler.log_command:Invoking command in '/home/miguel/robos_autonomos/build/tb3_ra_bringup': AMENT_PREFIX_PATH=/home/miguel/robos_autonomos/install/tb3_ra:/home/miguel/robos_autonomos/install/tb3_ra_interfaces:/home/miguel/robos_autonomos/install/tb3_ra_bringup:/home/miguel/turtlebot3_ws/install/turtlebot3_simulations:/home/miguel/turtlebot3_ws/install/turtlebot3_gazebo:/home/miguel/turtlebot3_ws/install/turtlebot3_fake_node:/opt/ros/humble CMAKE_PREFIX_PATH=${CMAKE_PREFIX_PATH}:/home/miguel/robos_autonomos/install/tb3_ra:/opt/ros/humble PYTHONPATH=/home/miguel/robos_autonomos/build/tb3_ra:/home/miguel/robos_autonomos/install/tb3_ra/lib/python3.10/site-packages:/home/miguel/robos_autonomos/install/tb3_ra_interfaces/local/lib/python3.10/dist-packages:/opt/ros/humble/lib/python3.10/site-packages:/opt/ros/humble/local/lib/python3.10/dist-packages /usr/bin/cmake --install /home/miguel/robos_autonomos/build/tb3_ra_bringup
[2.440s] Level 1:colcon.colcon_core.environment:create_environment_scripts_only(tb3_ra_bringup)
[2.443s] Level 1:colcon.colcon_core.environment:checking '/home/miguel/robos_autonomos/install/tb3_ra_bringup' for CMake module files
[2.443s] DEBUG:colcon.colcon_core.event_handler.log_command:Invoked command in '/home/miguel/robos_autonomos/build/tb3_ra_bringup' returned '0': AMENT_PREFIX_PATH=/home/miguel/robos_autonomos/install/tb3_ra:/home/miguel/robos_autonomos/install/tb3_ra_interfaces:/home/miguel/robos_autonomos/install/tb3_ra_bringup:/home/miguel/turtlebot3_ws/install/turtlebot3_simulations:/home/miguel/turtlebot3_ws/install/turtlebot3_gazebo:/home/miguel/turtlebot3_ws/install/turtlebot3_fake_node:/opt/ros/humble CMAKE_PREFIX_PATH=${CMAKE_PREFIX_PATH}:/home/miguel/robos_autonomos/install/tb3_ra:/opt/ros/humble PYTHONPATH=/home/miguel/robos_autonomos/build/tb3_ra:/home/miguel/robos_autonomos/install/tb3_ra/lib/python3.10/site-packages:/home/miguel/robos_autonomos/install/tb3_ra_interfaces/local/lib/python3.10/dist-packages:/opt/ros/humble/lib/python3.10/site-packages:/opt/ros/humble/local/lib/python3.10/dist-packages /usr/bin/cmake --install /home/miguel/robos_autonomos/build/tb3_ra_bringup
[2.444s] Level 1:colcon.colcon_core.environment:checking '/home/miguel/robos_autonomos/install/tb3_ra_bringup' for CMake config files
[2.444s] Level 1:colcon.colcon_core.shell:create_environment_hook('tb3_ra_bringup', 'cmake_prefix_path')
[2.445s] INFO:colcon.colcon_core.shell:Creating environment hook '/home/miguel/robos_autonomos/install/tb3_ra_bringup/share/tb3_ra_bringup/hook/cmake_prefix_path.ps1'
[2.446s] INFO:colcon.colcon_core.shell:Creating environment descriptor '/home/miguel/robos_autonomos/install/tb3_ra_bringup/share/tb3_ra_bringup/hook/cmake_prefix_path.dsv'
[2.446s] INFO:colcon.colcon_core.shell:Creating environment hook '/home/miguel/robos_autonomos/install/tb3_ra_bringup/share/tb3_ra_bringup/hook/cmake_prefix_path.sh'
[2.447s] Level 1:colcon.colcon_core.environment:checking '/home/miguel/robos_autonomos/install/tb3_ra_bringup/bin'
[2.447s] Level 1:colcon.colcon_core.environment:checking '/home/miguel/robos_autonomos/install/tb3_ra_bringup/lib/pkgconfig/tb3_ra_bringup.pc'
[2.447s] Level 1:colcon.colcon_core.environment:checking '/home/miguel/robos_autonomos/install/tb3_ra_bringup/lib/python3.10/site-packages'
[2.448s] Level 1:colcon.colcon_core.environment:checking '/home/miguel/robos_autonomos/install/tb3_ra_bringup/bin'
[2.449s] INFO:colcon.colcon_core.shell:Creating package script '/home/miguel/robos_autonomos/install/tb3_ra_bringup/share/tb3_ra_bringup/package.ps1'
[2.450s] INFO:colcon.colcon_core.shell:Creating package descriptor '/home/miguel/robos_autonomos/install/tb3_ra_bringup/share/tb3_ra_bringup/package.dsv'
[2.450s] INFO:colcon.colcon_core.shell:Creating package script '/home/miguel/robos_autonomos/install/tb3_ra_bringup/share/tb3_ra_bringup/package.sh'
[2.451s] INFO:colcon.colcon_core.shell:Creating package script '/home/miguel/robos_autonomos/install/tb3_ra_bringup/share/tb3_ra_bringup/package.bash'
[2.451s] INFO:colcon.colcon_core.shell:Creating package script '/home/miguel/robos_autonomos/install/tb3_ra_bringup/share/tb3_ra_bringup/package.zsh'
[2.452s] Level 1:colcon.colcon_core.environment:create_file_with_runtime_dependencies(/home/miguel/robos_autonomos/install/tb3_ra_bringup/share/colcon-core/packages/tb3_ra_bringup)
[2.469s] Level 1:colcon.colcon_core.environment:create_environment_scripts_only(tb3_ra_bringup)
[2.471s] Level 1:colcon.colcon_core.environment:checking '/home/miguel/robos_autonomos/install/tb3_ra_bringup' for CMake module files
[2.472s] Level 1:colcon.colcon_core.environment:checking '/home/miguel/robos_autonomos/install/tb3_ra_bringup' for CMake config files
[2.472s] Level 1:colcon.colcon_core.shell:create_environment_hook('tb3_ra_bringup', 'cmake_prefix_path')
[2.473s] INFO:colcon.colcon_core.shell:Creating environment hook '/home/miguel/robos_autonomos/install/tb3_ra_bringup/share/tb3_ra_bringup/hook/cmake_prefix_path.ps1'
[2.474s] INFO:colcon.colcon_core.shell:Creating environment descriptor '/home/miguel/robos_autonomos/install/tb3_ra_bringup/share/tb3_ra_bringup/hook/cmake_prefix_path.dsv'
[2.474s] INFO:colcon.colcon_core.shell:Creating environment hook '/home/miguel/robos_autonomos/install/tb3_ra_bringup/share/tb3_ra_bringup/hook/cmake_prefix_path.sh'
[2.474s] Level 1:colcon.colcon_core.environment:checking '/home/miguel/robos_autonomos/install/tb3_ra_bringup/bin'
[2.474s] Level 1:colcon.colcon_core.environment:checking '/home/miguel/robos_autonomos/install/tb3_ra_bringup/lib/pkgconfig/tb3_ra_bringup.pc'
[2.475s] Level 1:colcon.colcon_core.environment:checking '/home/miguel/robos_autonomos/install/tb3_ra_bringup/lib/python3.10/site-packages'
[2.475s] Level 1:colcon.colcon_core.environment:checking '/home/miguel/robos_autonomos/install/tb3_ra_bringup/bin'
[2.476s] INFO:colcon.colcon_core.shell:Creating package script '/home/miguel/robos_autonomos/install/tb3_ra_bringup/share/tb3_ra_bringup/package.ps1'
[2.477s] INFO:colcon.colcon_core.shell:Creating package descriptor '/home/miguel/robos_autonomos/install/tb3_ra_bringup/share/tb3_ra_bringup/package.dsv'
[2.477s] INFO:colcon.colcon_core.shell:Creating package script '/home/miguel/robos_autonomos/install/tb3_ra_bringup/share/tb3_ra_bringup/package.sh'
[2.478s] INFO:colcon.colcon_core.shell:Creating package script '/home/miguel/robos_autonomos/install/tb3_ra_bringup/share/tb3_ra_bringup/package.bash'
[2.478s] INFO:colcon.colcon_core.shell:Creating package script '/home/miguel/robos_autonomos/install/tb3_ra_bringup/share/tb3_ra_bringup/package.zsh'
[2.479s] Level 1:colcon.colcon_core.environment:create_file_with_runtime_dependencies(/home/miguel/robos_autonomos/install/tb3_ra_bringup/share/colcon-core/packages/tb3_ra_bringup)
[2.479s] DEBUG:colcon.colcon_parallel_executor.executor.parallel:closing loop
[2.480s] DEBUG:colcon.colcon_parallel_executor.executor.parallel:loop closed
[2.480s] DEBUG:colcon.colcon_parallel_executor.executor.parallel:run_until_complete finished with '0'
[2.480s] DEBUG:colcon.colcon_core.event_reactor:joining thread
[2.487s] INFO:colcon.colcon_core.plugin_system:Skipping extension 'colcon_notification.desktop_notification.terminal_notifier': Not used on non-Darwin systems
[2.487s] INFO:colcon.colcon_core.plugin_system:Skipping extension 'colcon_notification.desktop_notification.win32': Not used on non-Windows systems
[2.487s] INFO:colcon.colcon_notification.desktop_notification:Sending desktop notification using 'notify2'
[2.500s] DEBUG:colcon.colcon_core.event_reactor:joined thread
[2.501s] INFO:colcon.colcon_core.shell:Creating prefix script '/home/miguel/robos_autonomos/install/local_setup.ps1'
[2.502s] INFO:colcon.colcon_core.shell:Creating prefix util module '/home/miguel/robos_autonomos/install/_local_setup_util_ps1.py'
[2.504s] INFO:colcon.colcon_core.shell:Creating prefix chain script '/home/miguel/robos_autonomos/install/setup.ps1'
[2.506s] INFO:colcon.colcon_core.shell:Creating prefix script '/home/miguel/robos_autonomos/install/local_setup.sh'
[2.506s] INFO:colcon.colcon_core.shell:Creating prefix util module '/home/miguel/robos_autonomos/install/_local_setup_util_sh.py'
[2.507s] INFO:colcon.colcon_core.shell:Creating prefix chain script '/home/miguel/robos_autonomos/install/setup.sh'
[2.508s] INFO:colcon.colcon_core.shell:Creating prefix script '/home/miguel/robos_autonomos/install/local_setup.bash'
[2.509s] INFO:colcon.colcon_core.shell:Creating prefix chain script '/home/miguel/robos_autonomos/install/setup.bash'
[2.510s] INFO:colcon.colcon_core.shell:Creating prefix script '/home/miguel/robos_autonomos/install/local_setup.zsh'
[2.511s] INFO:colcon.colcon_core.shell:Creating prefix chain script '/home/miguel/robos_autonomos/install/setup.zsh'
