[0.028s] Invoking command in '/home/miguel/robos_autonomos/build/tb3_ra_bringup': AMENT_PREFIX_PATH=/home/miguel/robos_autonomos/install/tb3_ra:/home/miguel/robos_autonomos/install/tb3_ra_interfaces:/home/miguel/robos_autonomos/install/tb3_ra_bringup:/home/miguel/turtlebot3_ws/install/turtlebot3_simulations:/home/miguel/turtlebot3_ws/install/turtlebot3_gazebo:/home/miguel/turtlebot3_ws/install/turtlebot3_fake_node:/opt/ros/humble CMAKE_PREFIX_PATH=${CMAKE_PREFIX_PATH}:/home/miguel/robos_autonomos/install/tb3_ra:/opt/ros/humble PYTHONPATH=/home/miguel/robos_autonomos/build/tb3_ra:/home/miguel/robos_autonomos/install/tb3_ra/lib/python3.10/site-packages:/home/miguel/robos_autonomos/install/tb3_ra_interfaces/local/lib/python3.10/dist-packages:/opt/ros/humble/lib/python3.10/site-packages:/opt/ros/humble/local/lib/python3.10/dist-packages /usr/bin/cmake --build /home/miguel/robos_autonomos/build/tb3_ra_bringup -- -j8 -l8
[0.062s] Invoked command in '/home/miguel/robos_autonomos/build/tb3_ra_bringup' returned '0': AMENT_PREFIX_PATH=/home/miguel/robos_autonomos/install/tb3_ra:/home/miguel/robos_autonomos/install/tb3_ra_interfaces:/home/miguel/robos_autonomos/install/tb3_ra_bringup:/home/miguel/turtlebot3_ws/install/turtlebot3_simulations:/home/miguel/turtlebot3_ws/install/turtlebot3_gazebo:/home/miguel/turtlebot3_ws/install/turtlebot3_fake_node:/opt/ros/humble CMAKE_PREFIX_PATH=${CMAKE_PREFIX_PATH}:/home/miguel/robos_autonomos/install/tb3_ra:/opt/ros/humble PYTHONPATH=/home/miguel/robos_autonomos/build/tb3_ra:/home/miguel/robos_autonomos/install/tb3_ra/lib/python3.10/site-packages:/home/miguel/robos_autonomos/install/tb3_ra_interfaces/local/lib/python3.10/dist-packages:/opt/ros/humble/lib/python3.10/site-packages:/opt/ros/humble/local/lib/python3.10/dist-packages /usr/bin/cmake --build /home/miguel/robos_autonomos/build/tb3_ra_bringup -- -j8 -l8
[0.079s] Invoking command in '/home/miguel/robos_autonomos/build/tb3_ra_bringup': AMENT_PREFIX_PATH=/home/miguel/robos_autonomos/install/tb3_ra:/home/miguel/robos_autonomos/install/tb3_ra_interfaces:/home/miguel/robos_autonomos/install/tb3_ra_bringup:/home/miguel/turtlebot3_ws/install/turtlebot3_simulations:/home/miguel/turtlebot3_ws/install/turtlebot3_gazebo:/home/miguel/turtlebot3_ws/install/turtlebot3_fake_node:/opt/ros/humble CMAKE_PREFIX_PATH=${CMAKE_PREFIX_PATH}:/home/miguel/robos_autonomos/install/tb3_ra:/opt/ros/humble PYTHONPATH=/home/miguel/robos_autonomos/build/tb3_ra:/home/miguel/robos_autonomos/install/tb3_ra/lib/python3.10/site-packages:/home/miguel/robos_autonomos/install/tb3_ra_interfaces/local/lib/python3.10/dist-packages:/opt/ros/humble/lib/python3.10/site-packages:/opt/ros/humble/local/lib/python3.10/dist-packages /usr/bin/cmake --install /home/miguel/robos_autonomos/build/tb3_ra_bringup
[0.085s] -- Install configuration: ""
[0.086s] -- Execute custom install script
[0.087s] -- Up-to-date symlink: /home/miguel/robos_autonomos/install/tb3_ra_bringup/share/tb3_ra_bringup/launch/tb3_ra_project.launch.py
[0.087s] -- Up-to-date symlink: /home/miguel/robos_autonomos/install/tb3_ra_bringup/share/ament_index/resource_index/package_run_dependencies/tb3_ra_bringup
[0.088s] -- Up-to-date symlink: /home/miguel/robos_autonomos/install/tb3_ra_bringup/share/ament_index/resource_index/parent_prefix_path/tb3_ra_bringup
[0.088s] -- Up-to-date symlink: /home/miguel/robos_autonomos/install/tb3_ra_bringup/share/tb3_ra_bringup/environment/ament_prefix_path.sh
[0.089s] -- Up-to-date symlink: /home/miguel/robos_autonomos/install/tb3_ra_bringup/share/tb3_ra_bringup/environment/ament_prefix_path.dsv
[0.089s] -- Up-to-date symlink: /home/miguel/robos_autonomos/install/tb3_ra_bringup/share/tb3_ra_bringup/environment/path.sh
[0.089s] -- Up-to-date symlink: /home/miguel/robos_autonomos/install/tb3_ra_bringup/share/tb3_ra_bringup/environment/path.dsv
[0.090s] -- Up-to-date symlink: /home/miguel/robos_autonomos/install/tb3_ra_bringup/share/tb3_ra_bringup/local_setup.bash
[0.090s] -- Up-to-date symlink: /home/miguel/robos_autonomos/install/tb3_ra_bringup/share/tb3_ra_bringup/local_setup.sh
[0.090s] -- Up-to-date symlink: /home/miguel/robos_autonomos/install/tb3_ra_bringup/share/tb3_ra_bringup/local_setup.zsh
[0.091s] -- Up-to-date symlink: /home/miguel/robos_autonomos/install/tb3_ra_bringup/share/tb3_ra_bringup/local_setup.dsv
[0.091s] -- Symlinking: /home/miguel/robos_autonomos/install/tb3_ra_bringup/share/tb3_ra_bringup/package.dsv
[0.099s] -- Up-to-date symlink: /home/miguel/robos_autonomos/install/tb3_ra_bringup/share/ament_index/resource_index/packages/tb3_ra_bringup
[0.100s] -- Up-to-date symlink: /home/miguel/robos_autonomos/install/tb3_ra_bringup/share/tb3_ra_bringup/cmake/tb3_ra_bringupConfig.cmake
[0.100s] -- Up-to-date symlink: /home/miguel/robos_autonomos/install/tb3_ra_bringup/share/tb3_ra_bringup/cmake/tb3_ra_bringupConfig-version.cmake
[0.100s] -- Up-to-date symlink: /home/miguel/robos_autonomos/install/tb3_ra_bringup/share/tb3_ra_bringup/package.xml
[0.105s] Invoked command in '/home/miguel/robos_autonomos/build/tb3_ra_bringup' returned '0': AMENT_PREFIX_PATH=/home/miguel/robos_autonomos/install/tb3_ra:/home/miguel/robos_autonomos/install/tb3_ra_interfaces:/home/miguel/robos_autonomos/install/tb3_ra_bringup:/home/miguel/turtlebot3_ws/install/turtlebot3_simulations:/home/miguel/turtlebot3_ws/install/turtlebot3_gazebo:/home/miguel/turtlebot3_ws/install/turtlebot3_fake_node:/opt/ros/humble CMAKE_PREFIX_PATH=${CMAKE_PREFIX_PATH}:/home/miguel/robos_autonomos/install/tb3_ra:/opt/ros/humble PYTHONPATH=/home/miguel/robos_autonomos/build/tb3_ra:/home/miguel/robos_autonomos/install/tb3_ra/lib/python3.10/site-packages:/home/miguel/robos_autonomos/install/tb3_ra_interfaces/local/lib/python3.10/dist-packages:/opt/ros/humble/lib/python3.10/site-packages:/opt/ros/humble/local/lib/python3.10/dist-packages /usr/bin/cmake --install /home/miguel/robos_autonomos/build/tb3_ra_bringup
