[0.340s] DEBUG:colcon:Command line arguments: ['/usr/bin/colcon', 'build', '--symlink-install']
[0.340s] DEBUG:colcon:Parsed command line arguments: Namespace(log_base=None, log_level=None, verb_name='build', build_base='build', install_base='install', merge_install=False, symlink_install=True, test_result_base=None, continue_on_error=False, executor='parallel', parallel_workers=8, event_handlers=None, ignore_user_meta=False, metas=['./colcon.meta'], base_paths=['.'], packages_ignore=None, packages_ignore_regex=None, paths=None, packages_up_to=None, packages_up_to_regex=None, packages_above=None, packages_above_and_dependencies=None, packages_above_depth=None, packages_select_by_dep=None, packages_skip_by_dep=None, packages_skip_up_to=None, packages_select_build_failed=False, packages_skip_build_finished=False, packages_select_test_failures=False, packages_skip_test_passed=False, packages_select=None, packages_skip=None, packages_select_regex=None, packages_skip_regex=None, packages_start=None, packages_end=None, allow_overriding=[], cmake_args=None, cmake_target=None, cmake_target_skip_unavailable=False, cmake_clean_cache=False, cmake_clean_first=False, cmake_force_configure=False, ament_cmake_args=None, catkin_cmake_args=None, catkin_skip_building_tests=False, verb_parser=<colcon_defaults.argument_parser.defaults.DefaultArgumentsDecorator object at 0x7fe9f6fbce20>, verb_extension=<colcon_core.verb.build.BuildVerb object at 0x7fe9f6f41db0>, main=<bound method BuildVerb.main of <colcon_core.verb.build.BuildVerb object at 0x7fe9f6f41db0>>)
[0.364s] Level 1:colcon.colcon_core.package_discovery:discover_packages(colcon_meta) check parameters
[0.364s] Level 1:colcon.colcon_core.package_discovery:discover_packages(recursive) check parameters
[0.364s] Level 1:colcon.colcon_core.package_discovery:discover_packages(ignore) check parameters
[0.364s] Level 1:colcon.colcon_core.package_discovery:discover_packages(path) check parameters
[0.364s] Level 1:colcon.colcon_core.package_discovery:discover_packages(colcon_meta) discover
[0.364s] Level 1:colcon.colcon_core.package_discovery:discover_packages(recursive) discover
[0.364s] INFO:colcon.colcon_core.package_discovery:Crawling recursively for packages in '/home/miguel/robos_autonomos'
[0.364s] Level 1:colcon.colcon_core.package_identification:_identify(.) by extensions ['ignore', 'ignore_ament_install']
[0.364s] Level 1:colcon.colcon_core.package_identification:_identify(.) by extension 'ignore'
[0.364s] Level 1:colcon.colcon_core.package_identification:_identify(.) by extension 'ignore_ament_install'
[0.364s] Level 1:colcon.colcon_core.package_identification:_identify(.) by extensions ['colcon_pkg']
[0.364s] Level 1:colcon.colcon_core.package_identification:_identify(.) by extension 'colcon_pkg'
[0.364s] Level 1:colcon.colcon_core.package_identification:_identify(.) by extensions ['colcon_meta']
[0.364s] Level 1:colcon.colcon_core.package_identification:_identify(.) by extension 'colcon_meta'
[0.364s] Level 1:colcon.colcon_core.package_identification:_identify(.) by extensions ['ros']
[0.364s] Level 1:colcon.colcon_core.package_identification:_identify(.) by extension 'ros'
[0.375s] Level 1:colcon.colcon_core.package_identification:_identify(.) by extensions ['cmake', 'python']
[0.375s] Level 1:colcon.colcon_core.package_identification:_identify(.) by extension 'cmake'
[0.376s] Level 1:colcon.colcon_core.package_identification:_identify(.) by extension 'python'
[0.376s] Level 1:colcon.colcon_core.package_identification:_identify(.) by extensions ['python_setup_py']
[0.376s] Level 1:colcon.colcon_core.package_identification:_identify(.) by extension 'python_setup_py'
[0.376s] Level 1:colcon.colcon_core.package_identification:_identify(build) by extensions ['ignore', 'ignore_ament_install']
[0.376s] Level 1:colcon.colcon_core.package_identification:_identify(build) by extension 'ignore'
[0.376s] Level 1:colcon.colcon_core.package_identification:_identify(build) ignored
[0.376s] Level 1:colcon.colcon_core.package_identification:_identify(install) by extensions ['ignore', 'ignore_ament_install']
[0.376s] Level 1:colcon.colcon_core.package_identification:_identify(install) by extension 'ignore'
[0.376s] Level 1:colcon.colcon_core.package_identification:_identify(install) ignored
[0.377s] Level 1:colcon.colcon_core.package_identification:_identify(log) by extensions ['ignore', 'ignore_ament_install']
[0.377s] Level 1:colcon.colcon_core.package_identification:_identify(log) by extension 'ignore'
[0.377s] Level 1:colcon.colcon_core.package_identification:_identify(log) ignored
[0.377s] Level 1:colcon.colcon_core.package_identification:_identify(src) by extensions ['ignore', 'ignore_ament_install']
[0.377s] Level 1:colcon.colcon_core.package_identification:_identify(src) by extension 'ignore'
[0.377s] Level 1:colcon.colcon_core.package_identification:_identify(src) by extension 'ignore_ament_install'
[0.377s] Level 1:colcon.colcon_core.package_identification:_identify(src) by extensions ['colcon_pkg']
[0.377s] Level 1:colcon.colcon_core.package_identification:_identify(src) by extension 'colcon_pkg'
[0.377s] Level 1:colcon.colcon_core.package_identification:_identify(src) by extensions ['colcon_meta']
[0.377s] Level 1:colcon.colcon_core.package_identification:_identify(src) by extension 'colcon_meta'
[0.377s] Level 1:colcon.colcon_core.package_identification:_identify(src) by extensions ['ros']
[0.377s] Level 1:colcon.colcon_core.package_identification:_identify(src) by extension 'ros'
[0.377s] Level 1:colcon.colcon_core.package_identification:_identify(src) by extensions ['cmake', 'python']
[0.377s] Level 1:colcon.colcon_core.package_identification:_identify(src) by extension 'cmake'
[0.377s] Level 1:colcon.colcon_core.package_identification:_identify(src) by extension 'python'
[0.377s] Level 1:colcon.colcon_core.package_identification:_identify(src) by extensions ['python_setup_py']
[0.377s] Level 1:colcon.colcon_core.package_identification:_identify(src) by extension 'python_setup_py'
[0.377s] Level 1:colcon.colcon_core.package_identification:_identify(src/tb3_ra) by extensions ['ignore', 'ignore_ament_install']
[0.377s] Level 1:colcon.colcon_core.package_identification:_identify(src/tb3_ra) by extension 'ignore'
[0.377s] Level 1:colcon.colcon_core.package_identification:_identify(src/tb3_ra) by extension 'ignore_ament_install'
[0.378s] Level 1:colcon.colcon_core.package_identification:_identify(src/tb3_ra) by extensions ['colcon_pkg']
[0.378s] Level 1:colcon.colcon_core.package_identification:_identify(src/tb3_ra) by extension 'colcon_pkg'
[0.378s] Level 1:colcon.colcon_core.package_identification:_identify(src/tb3_ra) by extensions ['colcon_meta']
[0.378s] Level 1:colcon.colcon_core.package_identification:_identify(src/tb3_ra) by extension 'colcon_meta'
[0.378s] Level 1:colcon.colcon_core.package_identification:_identify(src/tb3_ra) by extensions ['ros']
[0.378s] Level 1:colcon.colcon_core.package_identification:_identify(src/tb3_ra) by extension 'ros'
[0.381s] DEBUG:colcon.colcon_core.package_identification:Package 'src/tb3_ra' with type 'ros.ament_python' and name 'tb3_ra'
[0.381s] Level 1:colcon.colcon_core.package_identification:_identify(src/tb3_ra2) by extensions ['ignore', 'ignore_ament_install']
[0.381s] Level 1:colcon.colcon_core.package_identification:_identify(src/tb3_ra2) by extension 'ignore'
[0.381s] Level 1:colcon.colcon_core.package_identification:_identify(src/tb3_ra2) by extension 'ignore_ament_install'
[0.382s] Level 1:colcon.colcon_core.package_identification:_identify(src/tb3_ra2) by extensions ['colcon_pkg']
[0.382s] Level 1:colcon.colcon_core.package_identification:_identify(src/tb3_ra2) by extension 'colcon_pkg'
[0.382s] Level 1:colcon.colcon_core.package_identification:_identify(src/tb3_ra2) by extensions ['colcon_meta']
[0.382s] Level 1:colcon.colcon_core.package_identification:_identify(src/tb3_ra2) by extension 'colcon_meta'
[0.382s] Level 1:colcon.colcon_core.package_identification:_identify(src/tb3_ra2) by extensions ['ros']
[0.382s] Level 1:colcon.colcon_core.package_identification:_identify(src/tb3_ra2) by extension 'ros'
[0.382s] DEBUG:colcon.colcon_core.package_identification:Package 'src/tb3_ra2' with type 'ros.ament_python' and name 'tb3_ra2'
[0.382s] Level 1:colcon.colcon_core.package_identification:_identify(src/tb3_ra_bringup) by extensions ['ignore', 'ignore_ament_install']
[0.383s] Level 1:colcon.colcon_core.package_identification:_identify(src/tb3_ra_bringup) by extension 'ignore'
[0.383s] Level 1:colcon.colcon_core.package_identification:_identify(src/tb3_ra_bringup) by extension 'ignore_ament_install'
[0.383s] Level 1:colcon.colcon_core.package_identification:_identify(src/tb3_ra_bringup) by extensions ['colcon_pkg']
[0.383s] Level 1:colcon.colcon_core.package_identification:_identify(src/tb3_ra_bringup) by extension 'colcon_pkg'
[0.383s] Level 1:colcon.colcon_core.package_identification:_identify(src/tb3_ra_bringup) by extensions ['colcon_meta']
[0.383s] Level 1:colcon.colcon_core.package_identification:_identify(src/tb3_ra_bringup) by extension 'colcon_meta'
[0.383s] Level 1:colcon.colcon_core.package_identification:_identify(src/tb3_ra_bringup) by extensions ['ros']
[0.383s] Level 1:colcon.colcon_core.package_identification:_identify(src/tb3_ra_bringup) by extension 'ros'
[0.383s] DEBUG:colcon.colcon_core.package_identification:Package 'src/tb3_ra_bringup' with type 'ros.ament_cmake' and name 'tb3_ra_bringup'
[0.384s] Level 1:colcon.colcon_core.package_identification:_identify(src/tb3_ra_interfaces) by extensions ['ignore', 'ignore_ament_install']
[0.384s] Level 1:colcon.colcon_core.package_identification:_identify(src/tb3_ra_interfaces) by extension 'ignore'
[0.384s] Level 1:colcon.colcon_core.package_identification:_identify(src/tb3_ra_interfaces) by extension 'ignore_ament_install'
[0.384s] Level 1:colcon.colcon_core.package_identification:_identify(src/tb3_ra_interfaces) by extensions ['colcon_pkg']
[0.384s] Level 1:colcon.colcon_core.package_identification:_identify(src/tb3_ra_interfaces) by extension 'colcon_pkg'
[0.384s] Level 1:colcon.colcon_core.package_identification:_identify(src/tb3_ra_interfaces) by extensions ['colcon_meta']
[0.384s] Level 1:colcon.colcon_core.package_identification:_identify(src/tb3_ra_interfaces) by extension 'colcon_meta'
[0.384s] Level 1:colcon.colcon_core.package_identification:_identify(src/tb3_ra_interfaces) by extensions ['ros']
[0.384s] Level 1:colcon.colcon_core.package_identification:_identify(src/tb3_ra_interfaces) by extension 'ros'
[0.384s] DEBUG:colcon.colcon_core.package_identification:Package 'src/tb3_ra_interfaces' with type 'ros.ament_cmake' and name 'tb3_ra_interfaces'
[0.384s] Level 1:colcon.colcon_core.package_discovery:discover_packages(recursive) using defaults
[0.384s] Level 1:colcon.colcon_core.package_discovery:discover_packages(ignore) discover
[0.384s] Level 1:colcon.colcon_core.package_discovery:discover_packages(ignore) using defaults
[0.384s] Level 1:colcon.colcon_core.package_discovery:discover_packages(path) discover
[0.384s] Level 1:colcon.colcon_core.package_discovery:discover_packages(path) using defaults
[0.408s] Level 1:colcon.colcon_core.package_discovery:discover_packages(prefix_path) check parameters
[0.408s] Level 1:colcon.colcon_core.package_discovery:discover_packages(prefix_path) discover
[0.412s] DEBUG:colcon.colcon_installed_package_information.package_discovery:Found 3 installed packages in /home/miguel/turtlebot3_ws/install
[0.413s] DEBUG:colcon.colcon_installed_package_information.package_discovery:Found 4 installed packages in /home/miguel/robos_autonomos/install
[0.415s] DEBUG:colcon.colcon_installed_package_information.package_discovery:Found 372 installed packages in /opt/ros/humble
[0.417s] Level 1:colcon.colcon_core.package_discovery:discover_packages(prefix_path) using defaults
[0.486s] Level 5:colcon.colcon_core.verb:set package 'tb3_ra' build argument 'cmake_args' from command line to 'None'
[0.486s] Level 5:colcon.colcon_core.verb:set package 'tb3_ra' build argument 'cmake_target' from command line to 'None'
[0.486s] Level 5:colcon.colcon_core.verb:set package 'tb3_ra' build argument 'cmake_target_skip_unavailable' from command line to 'False'
[0.486s] Level 5:colcon.colcon_core.verb:set package 'tb3_ra' build argument 'cmake_clean_cache' from command line to 'False'
[0.486s] Level 5:colcon.colcon_core.verb:set package 'tb3_ra' build argument 'cmake_clean_first' from command line to 'False'
[0.486s] Level 5:colcon.colcon_core.verb:set package 'tb3_ra' build argument 'cmake_force_configure' from command line to 'False'
[0.486s] Level 5:colcon.colcon_core.verb:set package 'tb3_ra' build argument 'ament_cmake_args' from command line to 'None'
[0.486s] Level 5:colcon.colcon_core.verb:set package 'tb3_ra' build argument 'catkin_cmake_args' from command line to 'None'
[0.486s] Level 5:colcon.colcon_core.verb:set package 'tb3_ra' build argument 'catkin_skip_building_tests' from command line to 'False'
[0.486s] DEBUG:colcon.colcon_core.verb:Building package 'tb3_ra' with the following arguments: {'ament_cmake_args': None, 'build_base': '/home/miguel/robos_autonomos/build/tb3_ra', 'catkin_cmake_args': None, 'catkin_skip_building_tests': False, 'cmake_args': None, 'cmake_clean_cache': False, 'cmake_clean_first': False, 'cmake_force_configure': False, 'cmake_target': None, 'cmake_target_skip_unavailable': False, 'install_base': '/home/miguel/robos_autonomos/install/tb3_ra', 'merge_install': False, 'path': '/home/miguel/robos_autonomos/src/tb3_ra', 'symlink_install': True, 'test_result_base': None}
[0.487s] Level 5:colcon.colcon_core.verb:set package 'tb3_ra2' build argument 'cmake_args' from command line to 'None'
[0.487s] Level 5:colcon.colcon_core.verb:set package 'tb3_ra2' build argument 'cmake_target' from command line to 'None'
[0.487s] Level 5:colcon.colcon_core.verb:set package 'tb3_ra2' build argument 'cmake_target_skip_unavailable' from command line to 'False'
[0.487s] Level 5:colcon.colcon_core.verb:set package 'tb3_ra2' build argument 'cmake_clean_cache' from command line to 'False'
[0.487s] Level 5:colcon.colcon_core.verb:set package 'tb3_ra2' build argument 'cmake_clean_first' from command line to 'False'
[0.487s] Level 5:colcon.colcon_core.verb:set package 'tb3_ra2' build argument 'cmake_force_configure' from command line to 'False'
[0.487s] Level 5:colcon.colcon_core.verb:set package 'tb3_ra2' build argument 'ament_cmake_args' from command line to 'None'
[0.487s] Level 5:colcon.colcon_core.verb:set package 'tb3_ra2' build argument 'catkin_cmake_args' from command line to 'None'
[0.487s] Level 5:colcon.colcon_core.verb:set package 'tb3_ra2' build argument 'catkin_skip_building_tests' from command line to 'False'
[0.488s] DEBUG:colcon.colcon_core.verb:Building package 'tb3_ra2' with the following arguments: {'ament_cmake_args': None, 'build_base': '/home/miguel/robos_autonomos/build/tb3_ra2', 'catkin_cmake_args': None, 'catkin_skip_building_tests': False, 'cmake_args': None, 'cmake_clean_cache': False, 'cmake_clean_first': False, 'cmake_force_configure': False, 'cmake_target': None, 'cmake_target_skip_unavailable': False, 'install_base': '/home/miguel/robos_autonomos/install/tb3_ra2', 'merge_install': False, 'path': '/home/miguel/robos_autonomos/src/tb3_ra2', 'symlink_install': True, 'test_result_base': None}
[0.489s] Level 5:colcon.colcon_core.verb:set package 'tb3_ra_interfaces' build argument 'cmake_args' from command line to 'None'
[0.489s] Level 5:colcon.colcon_core.verb:set package 'tb3_ra_interfaces' build argument 'cmake_target' from command line to 'None'
[0.489s] Level 5:colcon.colcon_core.verb:set package 'tb3_ra_interfaces' build argument 'cmake_target_skip_unavailable' from command line to 'False'
[0.489s] Level 5:colcon.colcon_core.verb:set package 'tb3_ra_interfaces' build argument 'cmake_clean_cache' from command line to 'False'
[0.489s] Level 5:colcon.colcon_core.verb:set package 'tb3_ra_interfaces' build argument 'cmake_clean_first' from command line to 'False'
[0.489s] Level 5:colcon.colcon_core.verb:set package 'tb3_ra_interfaces' build argument 'cmake_force_configure' from command line to 'False'
[0.489s] Level 5:colcon.colcon_core.verb:set package 'tb3_ra_interfaces' build argument 'ament_cmake_args' from command line to 'None'
[0.489s] Level 5:colcon.colcon_core.verb:set package 'tb3_ra_interfaces' build argument 'catkin_cmake_args' from command line to 'None'
[0.489s] Level 5:colcon.colcon_core.verb:set package 'tb3_ra_interfaces' build argument 'catkin_skip_building_tests' from command line to 'False'
[0.489s] DEBUG:colcon.colcon_core.verb:Building package 'tb3_ra_interfaces' with the following arguments: {'ament_cmake_args': None, 'build_base': '/home/miguel/robos_autonomos/build/tb3_ra_interfaces', 'catkin_cmake_args': None, 'catkin_skip_building_tests': False, 'cmake_args': None, 'cmake_clean_cache': False, 'cmake_clean_first': False, 'cmake_force_configure': False, 'cmake_target': None, 'cmake_target_skip_unavailable': False, 'install_base': '/home/miguel/robos_autonomos/install/tb3_ra_interfaces', 'merge_install': False, 'path': '/home/miguel/robos_autonomos/src/tb3_ra_interfaces', 'symlink_install': True, 'test_result_base': None}
[0.490s] Level 5:colcon.colcon_core.verb:set package 'tb3_ra_bringup' build argument 'cmake_args' from command line to 'None'
[0.490s] Level 5:colcon.colcon_core.verb:set package 'tb3_ra_bringup' build argument 'cmake_target' from command line to 'None'
[0.490s] Level 5:colcon.colcon_core.verb:set package 'tb3_ra_bringup' build argument 'cmake_target_skip_unavailable' from command line to 'False'
[0.490s] Level 5:colcon.colcon_core.verb:set package 'tb3_ra_bringup' build argument 'cmake_clean_cache' from command line to 'False'
[0.490s] Level 5:colcon.colcon_core.verb:set package 'tb3_ra_bringup' build argument 'cmake_clean_first' from command line to 'False'
[0.490s] Level 5:colcon.colcon_core.verb:set package 'tb3_ra_bringup' build argument 'cmake_force_configure' from command line to 'False'
[0.490s] Level 5:colcon.colcon_core.verb:set package 'tb3_ra_bringup' build argument 'ament_cmake_args' from command line to 'None'
[0.490s] Level 5:colcon.colcon_core.verb:set package 'tb3_ra_bringup' build argument 'catkin_cmake_args' from command line to 'None'
[0.490s] Level 5:colcon.colcon_core.verb:set package 'tb3_ra_bringup' build argument 'catkin_skip_building_tests' from command line to 'False'
[0.491s] DEBUG:colcon.colcon_core.verb:Building package 'tb3_ra_bringup' with the following arguments: {'ament_cmake_args': None, 'build_base': '/home/miguel/robos_autonomos/build/tb3_ra_bringup', 'catkin_cmake_args': None, 'catkin_skip_building_tests': False, 'cmake_args': None, 'cmake_clean_cache': False, 'cmake_clean_first': False, 'cmake_force_configure': False, 'cmake_target': None, 'cmake_target_skip_unavailable': False, 'install_base': '/home/miguel/robos_autonomos/install/tb3_ra_bringup', 'merge_install': False, 'path': '/home/miguel/robos_autonomos/src/tb3_ra_bringup', 'symlink_install': True, 'test_result_base': None}
[0.491s] INFO:colcon.colcon_core.executor:Executing jobs using 'parallel' executor
[0.494s] DEBUG:colcon.colcon_parallel_executor.executor.parallel:run_until_complete
[0.494s] INFO:colcon.colcon_ros.task.ament_python.build:Building ROS package in '/home/miguel/robos_autonomos/src/tb3_ra' with build type 'ament_python'
[0.495s] Level 1:colcon.colcon_core.shell:create_environment_hook('tb3_ra', 'ament_prefix_path')
[0.499s] INFO:colcon.colcon_core.plugin_system:Skipping extension 'colcon_core.shell.bat': Not used on non-Windows systems
[0.499s] INFO:colcon.colcon_core.shell:Creating environment hook '/home/miguel/robos_autonomos/install/tb3_ra/share/tb3_ra/hook/ament_prefix_path.ps1'
[0.500s] INFO:colcon.colcon_core.shell:Creating environment descriptor '/home/miguel/robos_autonomos/install/tb3_ra/share/tb3_ra/hook/ament_prefix_path.dsv'
[0.500s] INFO:colcon.colcon_core.shell:Creating environment hook '/home/miguel/robos_autonomos/install/tb3_ra/share/tb3_ra/hook/ament_prefix_path.sh'
[0.502s] INFO:colcon.colcon_core.shell:Skip shell extension 'powershell' for command environment: Not usable outside of PowerShell
[0.502s] DEBUG:colcon.colcon_core.shell:Skip shell extension 'dsv' for command environment
[0.508s] INFO:colcon.colcon_ros.task.ament_python.build:Building ROS package in '/home/miguel/robos_autonomos/src/tb3_ra2' with build type 'ament_python'
[0.508s] Level 1:colcon.colcon_core.shell:create_environment_hook('tb3_ra2', 'ament_prefix_path')
[0.510s] INFO:colcon.colcon_core.shell:Creating environment hook '/home/miguel/robos_autonomos/install/tb3_ra2/share/tb3_ra2/hook/ament_prefix_path.ps1'
[0.510s] INFO:colcon.colcon_core.shell:Creating environment descriptor '/home/miguel/robos_autonomos/install/tb3_ra2/share/tb3_ra2/hook/ament_prefix_path.dsv'
[0.511s] INFO:colcon.colcon_core.shell:Creating environment hook '/home/miguel/robos_autonomos/install/tb3_ra2/share/tb3_ra2/hook/ament_prefix_path.sh'
[0.512s] INFO:colcon.colcon_core.shell:Skip shell extension 'powershell' for command environment: Not usable outside of PowerShell
[0.512s] DEBUG:colcon.colcon_core.shell:Skip shell extension 'dsv' for command environment
[0.517s] INFO:colcon.colcon_ros.task.ament_cmake.build:Building ROS package in '/home/miguel/robos_autonomos/src/tb3_ra_interfaces' with build type 'ament_cmake'
[0.518s] INFO:colcon.colcon_cmake.task.cmake.build:Building CMake package in '/home/miguel/robos_autonomos/src/tb3_ra_interfaces'
[0.519s] INFO:colcon.colcon_core.shell:Skip shell extension 'powershell' for command environment: Not usable outside of PowerShell
[0.519s] DEBUG:colcon.colcon_core.shell:Skip shell extension 'dsv' for command environment
[0.798s] INFO:colcon.colcon_core.task.python.build:Building Python package in '/home/miguel/robos_autonomos/src/tb3_ra'
[0.800s] INFO:colcon.colcon_core.shell:Skip shell extension 'powershell' for command environment: Not usable outside of PowerShell
[0.800s] DEBUG:colcon.colcon_core.shell:Skip shell extension 'dsv' for command environment
[1.076s] INFO:colcon.colcon_core.task.python.build:Building Python package in '/home/miguel/robos_autonomos/src/tb3_ra2'
[1.077s] INFO:colcon.colcon_core.shell:Skip shell extension 'powershell' for command environment: Not usable outside of PowerShell
[1.077s] DEBUG:colcon.colcon_core.shell:Skip shell extension 'dsv' for command environment
[1.087s] DEBUG:colcon.colcon_core.event_handler.log_command:Invoking command in '/home/miguel/robos_autonomos/build/tb3_ra_interfaces': CMAKE_PREFIX_PATH=${CMAKE_PREFIX_PATH}:/home/miguel/robos_autonomos/install/tb3_ra2:/home/miguel/robos_autonomos/install/tb3_ra:/opt/ros/humble /usr/bin/cmake /home/miguel/robos_autonomos/src/tb3_ra_interfaces -DAMENT_CMAKE_SYMLINK_INSTALL=1 -DCMAKE_INSTALL_PREFIX=/home/miguel/robos_autonomos/install/tb3_ra_interfaces
[1.503s] DEBUG:colcon.colcon_core.task.python.build:While undoing a previous installation files outside the Python library path are being ignored: /home/miguel/robos_autonomos/install/tb3_ra/share/ament_index/resource_index/packages/tb3_ra
[1.504s] DEBUG:colcon.colcon_core.task.python.build:While undoing a previous installation files outside the Python library path are being ignored: /home/miguel/robos_autonomos/install/tb3_ra/share/tb3_ra/package.xml
[1.504s] DEBUG:colcon.colcon_core.task.python.build:While undoing a previous installation files outside the Python library path are being ignored: /home/miguel/robos_autonomos/install/tb3_ra/lib/tb3_ra/map_creator
[1.504s] DEBUG:colcon.colcon_core.task.python.build:While undoing a previous installation files outside the Python library path are being ignored: /home/miguel/robos_autonomos/install/tb3_ra/lib/tb3_ra/printing_map
[1.504s] DEBUG:colcon.colcon_core.task.python.build:While undoing a previous installation files outside the Python library path are being ignored: /home/miguel/robos_autonomos/install/tb3_ra/lib/tb3_ra/turtlebot3_control
[1.506s] DEBUG:colcon.colcon_core.event_handler.log_command:Invoking command in '/home/miguel/robos_autonomos/build/tb3_ra': PYTHONPATH=/home/miguel/robos_autonomos/build/tb3_ra/prefix_override:/home/miguel/robos_autonomos/install/tb3_ra/lib/python3.10/site-packages:${PYTHONPATH} /usr/bin/python3 setup.py develop --editable --build-directory /home/miguel/robos_autonomos/build/tb3_ra/build --no-deps install_data
[1.516s] DEBUG:colcon.colcon_core.task.python.build:While undoing a previous installation files outside the Python library path are being ignored: /home/miguel/robos_autonomos/install/tb3_ra2/share/ament_index/resource_index/packages/tb3_ra2
[1.517s] DEBUG:colcon.colcon_core.task.python.build:While undoing a previous installation files outside the Python library path are being ignored: /home/miguel/robos_autonomos/install/tb3_ra2/share/tb3_ra2/package.xml
[1.517s] DEBUG:colcon.colcon_core.task.python.build:While undoing a previous installation files outside the Python library path are being ignored: /home/miguel/robos_autonomos/install/tb3_ra2/lib/tb3_ra2/turtlebot3_control_2
[1.517s] DEBUG:colcon.colcon_core.task.python.build:While undoing a previous installation files outside the Python library path are being ignored: /home/miguel/robos_autonomos/install/tb3_ra2/lib/tb3_ra2/turtlebot3_control_2_marcal
[1.519s] DEBUG:colcon.colcon_core.event_handler.log_command:Invoking command in '/home/miguel/robos_autonomos/build/tb3_ra2': PYTHONPATH=/home/miguel/robos_autonomos/build/tb3_ra2/prefix_override:/home/miguel/robos_autonomos/install/tb3_ra2/lib/python3.10/site-packages:${PYTHONPATH} /usr/bin/python3 setup.py develop --editable --build-directory /home/miguel/robos_autonomos/build/tb3_ra2/build --no-deps install_data
[2.174s] Level 1:colcon.colcon_core.shell:create_environment_hook('tb3_ra', 'pythonpath_develop')
[2.176s] INFO:colcon.colcon_core.shell:Creating environment hook '/home/miguel/robos_autonomos/build/tb3_ra/share/tb3_ra/hook/pythonpath_develop.ps1'
[2.177s] DEBUG:colcon.colcon_core.event_handler.log_command:Invoked command in '/home/miguel/robos_autonomos/build/tb3_ra' returned '0': PYTHONPATH=/home/miguel/robos_autonomos/build/tb3_ra/prefix_override:/home/miguel/robos_autonomos/install/tb3_ra/lib/python3.10/site-packages:${PYTHONPATH} /usr/bin/python3 setup.py develop --editable --build-directory /home/miguel/robos_autonomos/build/tb3_ra/build --no-deps install_data
[2.178s] INFO:colcon.colcon_core.shell:Creating environment descriptor '/home/miguel/robos_autonomos/build/tb3_ra/share/tb3_ra/hook/pythonpath_develop.dsv'
[2.178s] INFO:colcon.colcon_core.shell:Creating environment hook '/home/miguel/robos_autonomos/build/tb3_ra/share/tb3_ra/hook/pythonpath_develop.sh'
[2.186s] Level 1:colcon.colcon_core.environment:checking '/home/miguel/robos_autonomos/install/tb3_ra' for CMake module files
[2.187s] Level 1:colcon.colcon_core.environment:checking '/home/miguel/robos_autonomos/install/tb3_ra' for CMake config files
[2.188s] Level 1:colcon.colcon_core.environment:checking '/home/miguel/robos_autonomos/install/tb3_ra/lib'
[2.189s] Level 1:colcon.colcon_core.environment:checking '/home/miguel/robos_autonomos/install/tb3_ra/bin'
[2.189s] Level 1:colcon.colcon_core.environment:checking '/home/miguel/robos_autonomos/install/tb3_ra/lib/pkgconfig/tb3_ra.pc'
[2.189s] Level 1:colcon.colcon_core.environment:checking '/home/miguel/robos_autonomos/install/tb3_ra/lib/python3.10/site-packages'
[2.189s] Level 1:colcon.colcon_core.shell:create_environment_hook('tb3_ra', 'pythonpath')
[2.191s] INFO:colcon.colcon_core.shell:Creating environment hook '/home/miguel/robos_autonomos/install/tb3_ra/share/tb3_ra/hook/pythonpath.ps1'
[2.192s] INFO:colcon.colcon_core.shell:Creating environment descriptor '/home/miguel/robos_autonomos/install/tb3_ra/share/tb3_ra/hook/pythonpath.dsv'
[2.192s] INFO:colcon.colcon_core.shell:Creating environment hook '/home/miguel/robos_autonomos/install/tb3_ra/share/tb3_ra/hook/pythonpath.sh'
[2.193s] Level 1:colcon.colcon_core.environment:checking '/home/miguel/robos_autonomos/install/tb3_ra/bin'
[2.193s] Level 1:colcon.colcon_core.environment:create_environment_scripts_only(tb3_ra)
[2.195s] INFO:colcon.colcon_core.shell:Creating package script '/home/miguel/robos_autonomos/install/tb3_ra/share/tb3_ra/package.ps1'
[2.196s] INFO:colcon.colcon_core.shell:Creating package descriptor '/home/miguel/robos_autonomos/install/tb3_ra/share/tb3_ra/package.dsv'
[2.197s] INFO:colcon.colcon_core.shell:Creating package script '/home/miguel/robos_autonomos/install/tb3_ra/share/tb3_ra/package.sh'
[2.198s] INFO:colcon.colcon_core.shell:Creating package script '/home/miguel/robos_autonomos/install/tb3_ra/share/tb3_ra/package.bash'
[2.199s] INFO:colcon.colcon_core.shell:Creating package script '/home/miguel/robos_autonomos/install/tb3_ra/share/tb3_ra/package.zsh'
[2.200s] Level 1:colcon.colcon_core.environment:create_file_with_runtime_dependencies(/home/miguel/robos_autonomos/install/tb3_ra/share/colcon-core/packages/tb3_ra)
[2.201s] INFO:colcon.colcon_ros.task.ament_cmake.build:Building ROS package in '/home/miguel/robos_autonomos/src/tb3_ra_bringup' with build type 'ament_cmake'
[2.201s] INFO:colcon.colcon_cmake.task.cmake.build:Building CMake package in '/home/miguel/robos_autonomos/src/tb3_ra_bringup'
[2.203s] INFO:colcon.colcon_core.shell:Skip shell extension 'powershell' for command environment: Not usable outside of PowerShell
[2.203s] DEBUG:colcon.colcon_core.shell:Skip shell extension 'dsv' for command environment
[2.211s] Level 1:colcon.colcon_core.shell:create_environment_hook('tb3_ra2', 'pythonpath_develop')
[2.213s] INFO:colcon.colcon_core.shell:Creating environment hook '/home/miguel/robos_autonomos/build/tb3_ra2/share/tb3_ra2/hook/pythonpath_develop.ps1'
[2.214s] DEBUG:colcon.colcon_core.event_handler.log_command:Invoked command in '/home/miguel/robos_autonomos/build/tb3_ra2' returned '0': PYTHONPATH=/home/miguel/robos_autonomos/build/tb3_ra2/prefix_override:/home/miguel/robos_autonomos/install/tb3_ra2/lib/python3.10/site-packages:${PYTHONPATH} /usr/bin/python3 setup.py develop --editable --build-directory /home/miguel/robos_autonomos/build/tb3_ra2/build --no-deps install_data
[2.215s] INFO:colcon.colcon_core.shell:Creating environment descriptor '/home/miguel/robos_autonomos/build/tb3_ra2/share/tb3_ra2/hook/pythonpath_develop.dsv'
[2.215s] INFO:colcon.colcon_core.shell:Creating environment hook '/home/miguel/robos_autonomos/build/tb3_ra2/share/tb3_ra2/hook/pythonpath_develop.sh'
[2.218s] Level 1:colcon.colcon_core.environment:checking '/home/miguel/robos_autonomos/install/tb3_ra2' for CMake module files
[2.219s] Level 1:colcon.colcon_core.environment:checking '/home/miguel/robos_autonomos/install/tb3_ra2' for CMake config files
[2.219s] Level 1:colcon.colcon_core.environment:checking '/home/miguel/robos_autonomos/install/tb3_ra2/lib'
[2.219s] Level 1:colcon.colcon_core.environment:checking '/home/miguel/robos_autonomos/install/tb3_ra2/bin'
[2.219s] Level 1:colcon.colcon_core.environment:checking '/home/miguel/robos_autonomos/install/tb3_ra2/lib/pkgconfig/tb3_ra2.pc'
[2.220s] Level 1:colcon.colcon_core.environment:checking '/home/miguel/robos_autonomos/install/tb3_ra2/lib/python3.10/site-packages'
[2.220s] Level 1:colcon.colcon_core.shell:create_environment_hook('tb3_ra2', 'pythonpath')
[2.222s] INFO:colcon.colcon_core.shell:Creating environment hook '/home/miguel/robos_autonomos/install/tb3_ra2/share/tb3_ra2/hook/pythonpath.ps1'
[2.222s] INFO:colcon.colcon_core.shell:Creating environment descriptor '/home/miguel/robos_autonomos/install/tb3_ra2/share/tb3_ra2/hook/pythonpath.dsv'
[2.223s] INFO:colcon.colcon_core.shell:Creating environment hook '/home/miguel/robos_autonomos/install/tb3_ra2/share/tb3_ra2/hook/pythonpath.sh'
[2.223s] Level 1:colcon.colcon_core.environment:checking '/home/miguel/robos_autonomos/install/tb3_ra2/bin'
[2.223s] Level 1:colcon.colcon_core.environment:create_environment_scripts_only(tb3_ra2)
[2.225s] INFO:colcon.colcon_core.shell:Creating package script '/home/miguel/robos_autonomos/install/tb3_ra2/share/tb3_ra2/package.ps1'
[2.226s] INFO:colcon.colcon_core.shell:Creating package descriptor '/home/miguel/robos_autonomos/install/tb3_ra2/share/tb3_ra2/package.dsv'
[2.227s] INFO:colcon.colcon_core.shell:Creating package script '/home/miguel/robos_autonomos/install/tb3_ra2/share/tb3_ra2/package.sh'
[2.229s] INFO:colcon.colcon_core.shell:Creating package script '/home/miguel/robos_autonomos/install/tb3_ra2/share/tb3_ra2/package.bash'
[2.229s] INFO:colcon.colcon_core.shell:Creating package script '/home/miguel/robos_autonomos/install/tb3_ra2/share/tb3_ra2/package.zsh'
[2.230s] Level 1:colcon.colcon_core.environment:create_file_with_runtime_dependencies(/home/miguel/robos_autonomos/install/tb3_ra2/share/colcon-core/packages/tb3_ra2)
[2.236s] DEBUG:colcon.colcon_core.event_handler.log_command:Invoking command in '/home/miguel/robos_autonomos/build/tb3_ra_bringup': AMENT_PREFIX_PATH=/home/miguel/robos_autonomos/install/tb3_ra:/home/miguel/robos_autonomos/install/tb3_ra_interfaces:/home/miguel/robos_autonomos/install/tb3_ra_bringup:/home/miguel/robos_autonomos/install/tb3_ra2:/home/miguel/turtlebot3_ws/install/turtlebot3_simulations:/home/miguel/turtlebot3_ws/install/turtlebot3_gazebo:/home/miguel/turtlebot3_ws/install/turtlebot3_fake_node:/opt/ros/humble CMAKE_PREFIX_PATH=${CMAKE_PREFIX_PATH}:/home/miguel/robos_autonomos/install/tb3_ra2:/home/miguel/robos_autonomos/install/tb3_ra:/opt/ros/humble PYTHONPATH=/home/miguel/robos_autonomos/build/tb3_ra:/home/miguel/robos_autonomos/install/tb3_ra/lib/python3.10/site-packages:/home/miguel/robos_autonomos/install/tb3_ra_interfaces/local/lib/python3.10/dist-packages:/home/miguel/robos_autonomos/install/tb3_ra2/lib/python3.10/site-packages:/opt/ros/humble/lib/python3.10/site-packages:/opt/ros/humble/local/lib/python3.10/dist-packages /usr/bin/cmake /home/miguel/robos_autonomos/src/tb3_ra_bringup -DAMENT_CMAKE_SYMLINK_INSTALL=1 -DCMAKE_INSTALL_PREFIX=/home/miguel/robos_autonomos/install/tb3_ra_bringup
[2.374s] DEBUG:colcon.colcon_core.event_handler.log_command:Invoked command in '/home/miguel/robos_autonomos/build/tb3_ra_interfaces' returned '0': CMAKE_PREFIX_PATH=${CMAKE_PREFIX_PATH}:/home/miguel/robos_autonomos/install/tb3_ra2:/home/miguel/robos_autonomos/install/tb3_ra:/opt/ros/humble /usr/bin/cmake /home/miguel/robos_autonomos/src/tb3_ra_interfaces -DAMENT_CMAKE_SYMLINK_INSTALL=1 -DCMAKE_INSTALL_PREFIX=/home/miguel/robos_autonomos/install/tb3_ra_interfaces
[2.376s] DEBUG:colcon.colcon_core.event_handler.log_command:Invoking command in '/home/miguel/robos_autonomos/build/tb3_ra_interfaces': CMAKE_PREFIX_PATH=${CMAKE_PREFIX_PATH}:/home/miguel/robos_autonomos/install/tb3_ra2:/home/miguel/robos_autonomos/install/tb3_ra:/opt/ros/humble /usr/bin/cmake --build /home/miguel/robos_autonomos/build/tb3_ra_interfaces -- -j8 -l8
[2.589s] DEBUG:colcon.colcon_core.event_handler.log_command:Invoked command in '/home/miguel/robos_autonomos/build/tb3_ra_bringup' returned '0': AMENT_PREFIX_PATH=/home/miguel/robos_autonomos/install/tb3_ra:/home/miguel/robos_autonomos/install/tb3_ra_interfaces:/home/miguel/robos_autonomos/install/tb3_ra_bringup:/home/miguel/robos_autonomos/install/tb3_ra2:/home/miguel/turtlebot3_ws/install/turtlebot3_simulations:/home/miguel/turtlebot3_ws/install/turtlebot3_gazebo:/home/miguel/turtlebot3_ws/install/turtlebot3_fake_node:/opt/ros/humble CMAKE_PREFIX_PATH=${CMAKE_PREFIX_PATH}:/home/miguel/robos_autonomos/install/tb3_ra2:/home/miguel/robos_autonomos/install/tb3_ra:/opt/ros/humble PYTHONPATH=/home/miguel/robos_autonomos/build/tb3_ra:/home/miguel/robos_autonomos/install/tb3_ra/lib/python3.10/site-packages:/home/miguel/robos_autonomos/install/tb3_ra_interfaces/local/lib/python3.10/dist-packages:/home/miguel/robos_autonomos/install/tb3_ra2/lib/python3.10/site-packages:/opt/ros/humble/lib/python3.10/site-packages:/opt/ros/humble/local/lib/python3.10/dist-packages /usr/bin/cmake /home/miguel/robos_autonomos/src/tb3_ra_bringup -DAMENT_CMAKE_SYMLINK_INSTALL=1 -DCMAKE_INSTALL_PREFIX=/home/miguel/robos_autonomos/install/tb3_ra_bringup
[2.590s] DEBUG:colcon.colcon_core.event_handler.log_command:Invoking command in '/home/miguel/robos_autonomos/build/tb3_ra_bringup': AMENT_PREFIX_PATH=/home/miguel/robos_autonomos/install/tb3_ra:/home/miguel/robos_autonomos/install/tb3_ra_interfaces:/home/miguel/robos_autonomos/install/tb3_ra_bringup:/home/miguel/robos_autonomos/install/tb3_ra2:/home/miguel/turtlebot3_ws/install/turtlebot3_simulations:/home/miguel/turtlebot3_ws/install/turtlebot3_gazebo:/home/miguel/turtlebot3_ws/install/turtlebot3_fake_node:/opt/ros/humble CMAKE_PREFIX_PATH=${CMAKE_PREFIX_PATH}:/home/miguel/robos_autonomos/install/tb3_ra2:/home/miguel/robos_autonomos/install/tb3_ra:/opt/ros/humble PYTHONPATH=/home/miguel/robos_autonomos/build/tb3_ra:/home/miguel/robos_autonomos/install/tb3_ra/lib/python3.10/site-packages:/home/miguel/robos_autonomos/install/tb3_ra_interfaces/local/lib/python3.10/dist-packages:/home/miguel/robos_autonomos/install/tb3_ra2/lib/python3.10/site-packages:/opt/ros/humble/lib/python3.10/site-packages:/opt/ros/humble/local/lib/python3.10/dist-packages /usr/bin/cmake --build /home/miguel/robos_autonomos/build/tb3_ra_bringup -- -j8 -l8
[2.631s] DEBUG:colcon.colcon_core.event_handler.log_command:Invoked command in '/home/miguel/robos_autonomos/build/tb3_ra_bringup' returned '0': AMENT_PREFIX_PATH=/home/miguel/robos_autonomos/install/tb3_ra:/home/miguel/robos_autonomos/install/tb3_ra_interfaces:/home/miguel/robos_autonomos/install/tb3_ra_bringup:/home/miguel/robos_autonomos/install/tb3_ra2:/home/miguel/turtlebot3_ws/install/turtlebot3_simulations:/home/miguel/turtlebot3_ws/install/turtlebot3_gazebo:/home/miguel/turtlebot3_ws/install/turtlebot3_fake_node:/opt/ros/humble CMAKE_PREFIX_PATH=${CMAKE_PREFIX_PATH}:/home/miguel/robos_autonomos/install/tb3_ra2:/home/miguel/robos_autonomos/install/tb3_ra:/opt/ros/humble PYTHONPATH=/home/miguel/robos_autonomos/build/tb3_ra:/home/miguel/robos_autonomos/install/tb3_ra/lib/python3.10/site-packages:/home/miguel/robos_autonomos/install/tb3_ra_interfaces/local/lib/python3.10/dist-packages:/home/miguel/robos_autonomos/install/tb3_ra2/lib/python3.10/site-packages:/opt/ros/humble/lib/python3.10/site-packages:/opt/ros/humble/local/lib/python3.10/dist-packages /usr/bin/cmake --build /home/miguel/robos_autonomos/build/tb3_ra_bringup -- -j8 -l8
[2.662s] DEBUG:colcon.colcon_core.event_handler.log_command:Invoking command in '/home/miguel/robos_autonomos/build/tb3_ra_bringup': AMENT_PREFIX_PATH=/home/miguel/robos_autonomos/install/tb3_ra:/home/miguel/robos_autonomos/install/tb3_ra_interfaces:/home/miguel/robos_autonomos/install/tb3_ra_bringup:/home/miguel/robos_autonomos/install/tb3_ra2:/home/miguel/turtlebot3_ws/install/turtlebot3_simulations:/home/miguel/turtlebot3_ws/install/turtlebot3_gazebo:/home/miguel/turtlebot3_ws/install/turtlebot3_fake_node:/opt/ros/humble CMAKE_PREFIX_PATH=${CMAKE_PREFIX_PATH}:/home/miguel/robos_autonomos/install/tb3_ra2:/home/miguel/robos_autonomos/install/tb3_ra:/opt/ros/humble PYTHONPATH=/home/miguel/robos_autonomos/build/tb3_ra:/home/miguel/robos_autonomos/install/tb3_ra/lib/python3.10/site-packages:/home/miguel/robos_autonomos/install/tb3_ra_interfaces/local/lib/python3.10/dist-packages:/home/miguel/robos_autonomos/install/tb3_ra2/lib/python3.10/site-packages:/opt/ros/humble/lib/python3.10/site-packages:/opt/ros/humble/local/lib/python3.10/dist-packages /usr/bin/cmake --install /home/miguel/robos_autonomos/build/tb3_ra_bringup
[2.686s] Level 1:colcon.colcon_core.environment:create_environment_scripts_only(tb3_ra_bringup)
[2.689s] Level 1:colcon.colcon_core.environment:checking '/home/miguel/robos_autonomos/install/tb3_ra_bringup' for CMake module files
[2.689s] DEBUG:colcon.colcon_core.event_handler.log_command:Invoked command in '/home/miguel/robos_autonomos/build/tb3_ra_bringup' returned '0': AMENT_PREFIX_PATH=/home/miguel/robos_autonomos/install/tb3_ra:/home/miguel/robos_autonomos/install/tb3_ra_interfaces:/home/miguel/robos_autonomos/install/tb3_ra_bringup:/home/miguel/robos_autonomos/install/tb3_ra2:/home/miguel/turtlebot3_ws/install/turtlebot3_simulations:/home/miguel/turtlebot3_ws/install/turtlebot3_gazebo:/home/miguel/turtlebot3_ws/install/turtlebot3_fake_node:/opt/ros/humble CMAKE_PREFIX_PATH=${CMAKE_PREFIX_PATH}:/home/miguel/robos_autonomos/install/tb3_ra2:/home/miguel/robos_autonomos/install/tb3_ra:/opt/ros/humble PYTHONPATH=/home/miguel/robos_autonomos/build/tb3_ra:/home/miguel/robos_autonomos/install/tb3_ra/lib/python3.10/site-packages:/home/miguel/robos_autonomos/install/tb3_ra_interfaces/local/lib/python3.10/dist-packages:/home/miguel/robos_autonomos/install/tb3_ra2/lib/python3.10/site-packages:/opt/ros/humble/lib/python3.10/site-packages:/opt/ros/humble/local/lib/python3.10/dist-packages /usr/bin/cmake --install /home/miguel/robos_autonomos/build/tb3_ra_bringup
[2.690s] Level 1:colcon.colcon_core.environment:checking '/home/miguel/robos_autonomos/install/tb3_ra_bringup' for CMake config files
[2.690s] Level 1:colcon.colcon_core.shell:create_environment_hook('tb3_ra_bringup', 'cmake_prefix_path')
[2.692s] INFO:colcon.colcon_core.shell:Creating environment hook '/home/miguel/robos_autonomos/install/tb3_ra_bringup/share/tb3_ra_bringup/hook/cmake_prefix_path.ps1'
[2.693s] INFO:colcon.colcon_core.shell:Creating environment descriptor '/home/miguel/robos_autonomos/install/tb3_ra_bringup/share/tb3_ra_bringup/hook/cmake_prefix_path.dsv'
[2.693s] INFO:colcon.colcon_core.shell:Creating environment hook '/home/miguel/robos_autonomos/install/tb3_ra_bringup/share/tb3_ra_bringup/hook/cmake_prefix_path.sh'
[2.694s] Level 1:colcon.colcon_core.environment:checking '/home/miguel/robos_autonomos/install/tb3_ra_bringup/bin'
[2.694s] Level 1:colcon.colcon_core.environment:checking '/home/miguel/robos_autonomos/install/tb3_ra_bringup/lib/pkgconfig/tb3_ra_bringup.pc'
[2.694s] Level 1:colcon.colcon_core.environment:checking '/home/miguel/robos_autonomos/install/tb3_ra_bringup/lib/python3.10/site-packages'
[2.695s] Level 1:colcon.colcon_core.environment:checking '/home/miguel/robos_autonomos/install/tb3_ra_bringup/bin'
[2.697s] INFO:colcon.colcon_core.shell:Creating package script '/home/miguel/robos_autonomos/install/tb3_ra_bringup/share/tb3_ra_bringup/package.ps1'
[2.697s] INFO:colcon.colcon_core.shell:Creating package descriptor '/home/miguel/robos_autonomos/install/tb3_ra_bringup/share/tb3_ra_bringup/package.dsv'
[2.698s] INFO:colcon.colcon_core.shell:Creating package script '/home/miguel/robos_autonomos/install/tb3_ra_bringup/share/tb3_ra_bringup/package.sh'
[2.698s] INFO:colcon.colcon_core.shell:Creating package script '/home/miguel/robos_autonomos/install/tb3_ra_bringup/share/tb3_ra_bringup/package.bash'
[2.698s] INFO:colcon.colcon_core.shell:Creating package script '/home/miguel/robos_autonomos/install/tb3_ra_bringup/share/tb3_ra_bringup/package.zsh'
[2.699s] Level 1:colcon.colcon_core.environment:create_file_with_runtime_dependencies(/home/miguel/robos_autonomos/install/tb3_ra_bringup/share/colcon-core/packages/tb3_ra_bringup)
[2.722s] Level 1:colcon.colcon_core.environment:create_environment_scripts_only(tb3_ra_bringup)
[2.724s] Level 1:colcon.colcon_core.environment:checking '/home/miguel/robos_autonomos/install/tb3_ra_bringup' for CMake module files
[2.725s] Level 1:colcon.colcon_core.environment:checking '/home/miguel/robos_autonomos/install/tb3_ra_bringup' for CMake config files
[2.725s] Level 1:colcon.colcon_core.shell:create_environment_hook('tb3_ra_bringup', 'cmake_prefix_path')
[2.727s] INFO:colcon.colcon_core.shell:Creating environment hook '/home/miguel/robos_autonomos/install/tb3_ra_bringup/share/tb3_ra_bringup/hook/cmake_prefix_path.ps1'
[2.728s] INFO:colcon.colcon_core.shell:Creating environment descriptor '/home/miguel/robos_autonomos/install/tb3_ra_bringup/share/tb3_ra_bringup/hook/cmake_prefix_path.dsv'
[2.728s] INFO:colcon.colcon_core.shell:Creating environment hook '/home/miguel/robos_autonomos/install/tb3_ra_bringup/share/tb3_ra_bringup/hook/cmake_prefix_path.sh'
[2.729s] Level 1:colcon.colcon_core.environment:checking '/home/miguel/robos_autonomos/install/tb3_ra_bringup/bin'
[2.729s] Level 1:colcon.colcon_core.environment:checking '/home/miguel/robos_autonomos/install/tb3_ra_bringup/lib/pkgconfig/tb3_ra_bringup.pc'
[2.729s] Level 1:colcon.colcon_core.environment:checking '/home/miguel/robos_autonomos/install/tb3_ra_bringup/lib/python3.10/site-packages'
[2.729s] Level 1:colcon.colcon_core.environment:checking '/home/miguel/robos_autonomos/install/tb3_ra_bringup/bin'
[2.731s] INFO:colcon.colcon_core.shell:Creating package script '/home/miguel/robos_autonomos/install/tb3_ra_bringup/share/tb3_ra_bringup/package.ps1'
[2.732s] INFO:colcon.colcon_core.shell:Creating package descriptor '/home/miguel/robos_autonomos/install/tb3_ra_bringup/share/tb3_ra_bringup/package.dsv'
[2.733s] INFO:colcon.colcon_core.shell:Creating package script '/home/miguel/robos_autonomos/install/tb3_ra_bringup/share/tb3_ra_bringup/package.sh'
[2.733s] INFO:colcon.colcon_core.shell:Creating package script '/home/miguel/robos_autonomos/install/tb3_ra_bringup/share/tb3_ra_bringup/package.bash'
[2.733s] INFO:colcon.colcon_core.shell:Creating package script '/home/miguel/robos_autonomos/install/tb3_ra_bringup/share/tb3_ra_bringup/package.zsh'
[2.734s] Level 1:colcon.colcon_core.environment:create_file_with_runtime_dependencies(/home/miguel/robos_autonomos/install/tb3_ra_bringup/share/colcon-core/packages/tb3_ra_bringup)
[2.890s] DEBUG:colcon.colcon_core.event_handler.log_command:Invoked command in '/home/miguel/robos_autonomos/build/tb3_ra_interfaces' returned '0': CMAKE_PREFIX_PATH=${CMAKE_PREFIX_PATH}:/home/miguel/robos_autonomos/install/tb3_ra2:/home/miguel/robos_autonomos/install/tb3_ra:/opt/ros/humble /usr/bin/cmake --build /home/miguel/robos_autonomos/build/tb3_ra_interfaces -- -j8 -l8
[2.935s] DEBUG:colcon.colcon_core.event_handler.log_command:Invoking command in '/home/miguel/robos_autonomos/build/tb3_ra_interfaces': CMAKE_PREFIX_PATH=${CMAKE_PREFIX_PATH}:/home/miguel/robos_autonomos/install/tb3_ra2:/home/miguel/robos_autonomos/install/tb3_ra:/opt/ros/humble /usr/bin/cmake --install /home/miguel/robos_autonomos/build/tb3_ra_interfaces
[3.010s] Level 1:colcon.colcon_core.environment:create_environment_scripts_only(tb3_ra_interfaces)
[3.013s] Level 1:colcon.colcon_core.environment:checking '/home/miguel/robos_autonomos/install/tb3_ra_interfaces' for CMake module files
[3.014s] DEBUG:colcon.colcon_core.event_handler.log_command:Invoked command in '/home/miguel/robos_autonomos/build/tb3_ra_interfaces' returned '0': CMAKE_PREFIX_PATH=${CMAKE_PREFIX_PATH}:/home/miguel/robos_autonomos/install/tb3_ra2:/home/miguel/robos_autonomos/install/tb3_ra:/opt/ros/humble /usr/bin/cmake --install /home/miguel/robos_autonomos/build/tb3_ra_interfaces
[3.015s] Level 1:colcon.colcon_core.environment:checking '/home/miguel/robos_autonomos/install/tb3_ra_interfaces' for CMake config files
[3.015s] Level 1:colcon.colcon_core.shell:create_environment_hook('tb3_ra_interfaces', 'cmake_prefix_path')
[3.017s] INFO:colcon.colcon_core.shell:Creating environment hook '/home/miguel/robos_autonomos/install/tb3_ra_interfaces/share/tb3_ra_interfaces/hook/cmake_prefix_path.ps1'
[3.018s] INFO:colcon.colcon_core.shell:Creating environment descriptor '/home/miguel/robos_autonomos/install/tb3_ra_interfaces/share/tb3_ra_interfaces/hook/cmake_prefix_path.dsv'
[3.018s] INFO:colcon.colcon_core.shell:Creating environment hook '/home/miguel/robos_autonomos/install/tb3_ra_interfaces/share/tb3_ra_interfaces/hook/cmake_prefix_path.sh'
[3.019s] Level 1:colcon.colcon_core.environment:checking '/home/miguel/robos_autonomos/install/tb3_ra_interfaces/lib'
[3.019s] Level 1:colcon.colcon_core.shell:create_environment_hook('tb3_ra_interfaces', 'ld_library_path_lib')
[3.021s] INFO:colcon.colcon_core.shell:Creating environment hook '/home/miguel/robos_autonomos/install/tb3_ra_interfaces/share/tb3_ra_interfaces/hook/ld_library_path_lib.ps1'
[3.021s] INFO:colcon.colcon_core.shell:Creating environment descriptor '/home/miguel/robos_autonomos/install/tb3_ra_interfaces/share/tb3_ra_interfaces/hook/ld_library_path_lib.dsv'
[3.021s] INFO:colcon.colcon_core.shell:Creating environment hook '/home/miguel/robos_autonomos/install/tb3_ra_interfaces/share/tb3_ra_interfaces/hook/ld_library_path_lib.sh'
[3.022s] Level 1:colcon.colcon_core.environment:checking '/home/miguel/robos_autonomos/install/tb3_ra_interfaces/bin'
[3.022s] Level 1:colcon.colcon_core.environment:checking '/home/miguel/robos_autonomos/install/tb3_ra_interfaces/lib/pkgconfig/tb3_ra_interfaces.pc'
[3.022s] Level 1:colcon.colcon_core.environment:checking '/home/miguel/robos_autonomos/install/tb3_ra_interfaces/lib/python3.10/site-packages'
[3.022s] Level 1:colcon.colcon_core.environment:checking '/home/miguel/robos_autonomos/install/tb3_ra_interfaces/bin'
[3.024s] INFO:colcon.colcon_core.shell:Creating package script '/home/miguel/robos_autonomos/install/tb3_ra_interfaces/share/tb3_ra_interfaces/package.ps1'
[3.025s] INFO:colcon.colcon_core.shell:Creating package descriptor '/home/miguel/robos_autonomos/install/tb3_ra_interfaces/share/tb3_ra_interfaces/package.dsv'
[3.025s] INFO:colcon.colcon_core.shell:Creating package script '/home/miguel/robos_autonomos/install/tb3_ra_interfaces/share/tb3_ra_interfaces/package.sh'
[3.026s] INFO:colcon.colcon_core.shell:Creating package script '/home/miguel/robos_autonomos/install/tb3_ra_interfaces/share/tb3_ra_interfaces/package.bash'
[3.026s] INFO:colcon.colcon_core.shell:Creating package script '/home/miguel/robos_autonomos/install/tb3_ra_interfaces/share/tb3_ra_interfaces/package.zsh'
[3.027s] Level 1:colcon.colcon_core.environment:create_file_with_runtime_dependencies(/home/miguel/robos_autonomos/install/tb3_ra_interfaces/share/colcon-core/packages/tb3_ra_interfaces)
[3.073s] Level 1:colcon.colcon_core.environment:create_environment_scripts_only(tb3_ra_interfaces)
[3.075s] Level 1:colcon.colcon_core.environment:checking '/home/miguel/robos_autonomos/install/tb3_ra_interfaces' for CMake module files
[3.076s] Level 1:colcon.colcon_core.environment:checking '/home/miguel/robos_autonomos/install/tb3_ra_interfaces' for CMake config files
[3.076s] Level 1:colcon.colcon_core.shell:create_environment_hook('tb3_ra_interfaces', 'cmake_prefix_path')
[3.078s] INFO:colcon.colcon_core.shell:Creating environment hook '/home/miguel/robos_autonomos/install/tb3_ra_interfaces/share/tb3_ra_interfaces/hook/cmake_prefix_path.ps1'
[3.079s] INFO:colcon.colcon_core.shell:Creating environment descriptor '/home/miguel/robos_autonomos/install/tb3_ra_interfaces/share/tb3_ra_interfaces/hook/cmake_prefix_path.dsv'
[3.079s] INFO:colcon.colcon_core.shell:Creating environment hook '/home/miguel/robos_autonomos/install/tb3_ra_interfaces/share/tb3_ra_interfaces/hook/cmake_prefix_path.sh'
[3.080s] Level 1:colcon.colcon_core.environment:checking '/home/miguel/robos_autonomos/install/tb3_ra_interfaces/lib'
[3.080s] Level 1:colcon.colcon_core.shell:create_environment_hook('tb3_ra_interfaces', 'ld_library_path_lib')
[3.081s] INFO:colcon.colcon_core.shell:Creating environment hook '/home/miguel/robos_autonomos/install/tb3_ra_interfaces/share/tb3_ra_interfaces/hook/ld_library_path_lib.ps1'
[3.082s] INFO:colcon.colcon_core.shell:Creating environment descriptor '/home/miguel/robos_autonomos/install/tb3_ra_interfaces/share/tb3_ra_interfaces/hook/ld_library_path_lib.dsv'
[3.082s] INFO:colcon.colcon_core.shell:Creating environment hook '/home/miguel/robos_autonomos/install/tb3_ra_interfaces/share/tb3_ra_interfaces/hook/ld_library_path_lib.sh'
[3.083s] Level 1:colcon.colcon_core.environment:checking '/home/miguel/robos_autonomos/install/tb3_ra_interfaces/bin'
[3.083s] Level 1:colcon.colcon_core.environment:checking '/home/miguel/robos_autonomos/install/tb3_ra_interfaces/lib/pkgconfig/tb3_ra_interfaces.pc'
[3.083s] Level 1:colcon.colcon_core.environment:checking '/home/miguel/robos_autonomos/install/tb3_ra_interfaces/lib/python3.10/site-packages'
[3.083s] Level 1:colcon.colcon_core.environment:checking '/home/miguel/robos_autonomos/install/tb3_ra_interfaces/bin'
[3.085s] INFO:colcon.colcon_core.shell:Creating package script '/home/miguel/robos_autonomos/install/tb3_ra_interfaces/share/tb3_ra_interfaces/package.ps1'
[3.086s] INFO:colcon.colcon_core.shell:Creating package descriptor '/home/miguel/robos_autonomos/install/tb3_ra_interfaces/share/tb3_ra_interfaces/package.dsv'
[3.086s] INFO:colcon.colcon_core.shell:Creating package script '/home/miguel/robos_autonomos/install/tb3_ra_interfaces/share/tb3_ra_interfaces/package.sh'
[3.087s] INFO:colcon.colcon_core.shell:Creating package script '/home/miguel/robos_autonomos/install/tb3_ra_interfaces/share/tb3_ra_interfaces/package.bash'
[3.087s] INFO:colcon.colcon_core.shell:Creating package script '/home/miguel/robos_autonomos/install/tb3_ra_interfaces/share/tb3_ra_interfaces/package.zsh'
[3.087s] Level 1:colcon.colcon_core.environment:create_file_with_runtime_dependencies(/home/miguel/robos_autonomos/install/tb3_ra_interfaces/share/colcon-core/packages/tb3_ra_interfaces)
[3.088s] DEBUG:colcon.colcon_parallel_executor.executor.parallel:closing loop
[3.088s] DEBUG:colcon.colcon_parallel_executor.executor.parallel:loop closed
[3.088s] DEBUG:colcon.colcon_parallel_executor.executor.parallel:run_until_complete finished with '0'
[3.088s] DEBUG:colcon.colcon_core.event_reactor:joining thread
[3.093s] INFO:colcon.colcon_core.plugin_system:Skipping extension 'colcon_notification.desktop_notification.terminal_notifier': Not used on non-Darwin systems
[3.094s] INFO:colcon.colcon_core.plugin_system:Skipping extension 'colcon_notification.desktop_notification.win32': Not used on non-Windows systems
[3.094s] INFO:colcon.colcon_notification.desktop_notification:Sending desktop notification using 'notify2'
[3.105s] DEBUG:colcon.colcon_core.event_reactor:joined thread
[3.106s] INFO:colcon.colcon_core.shell:Creating prefix script '/home/miguel/robos_autonomos/install/local_setup.ps1'
[3.107s] INFO:colcon.colcon_core.shell:Creating prefix util module '/home/miguel/robos_autonomos/install/_local_setup_util_ps1.py'
[3.109s] INFO:colcon.colcon_core.shell:Creating prefix chain script '/home/miguel/robos_autonomos/install/setup.ps1'
[3.111s] INFO:colcon.colcon_core.shell:Creating prefix script '/home/miguel/robos_autonomos/install/local_setup.sh'
[3.112s] INFO:colcon.colcon_core.shell:Creating prefix util module '/home/miguel/robos_autonomos/install/_local_setup_util_sh.py'
[3.112s] INFO:colcon.colcon_core.shell:Creating prefix chain script '/home/miguel/robos_autonomos/install/setup.sh'
[3.115s] INFO:colcon.colcon_core.shell:Creating prefix script '/home/miguel/robos_autonomos/install/local_setup.bash'
[3.115s] INFO:colcon.colcon_core.shell:Creating prefix chain script '/home/miguel/robos_autonomos/install/setup.bash'
[3.117s] INFO:colcon.colcon_core.shell:Creating prefix script '/home/miguel/robos_autonomos/install/local_setup.zsh'
[3.118s] INFO:colcon.colcon_core.shell:Creating prefix chain script '/home/miguel/robos_autonomos/install/setup.zsh'
