running develop
running egg_info
creating tb3_ra.egg-info
writing tb3_ra.egg-info/PKG-INFO
writing dependency_links to tb3_ra.egg-info/dependency_links.txt
writing entry points to tb3_ra.egg-info/entry_points.txt
writing requirements to tb3_ra.egg-info/requires.txt
writing top-level names to tb3_ra.egg-info/top_level.txt
writing manifest file 'tb3_ra.egg-info/SOURCES.txt'
reading manifest file 'tb3_ra.egg-info/SOURCES.txt'
writing manifest file 'tb3_ra.egg-info/SOURCES.txt'
running build_ext
Creating /home/miguel/robos_autonomos/install/tb3_ra/lib/python3.10/site-packages/tb3-ra.egg-link (link to .)

Installed /home/miguel/robos_autonomos/build/tb3_ra
running install_data
creating /home/miguel/robos_autonomos/install/tb3_ra/share/ament_index
creating /home/miguel/robos_autonomos/install/tb3_ra/share/ament_index/resource_index
creating /home/miguel/robos_autonomos/install/tb3_ra/share/ament_index/resource_index/packages
copying resource/tb3_ra -> /home/miguel/robos_autonomos/install/tb3_ra/share/ament_index/resource_index/packages
copying package.xml -> /home/miguel/robos_autonomos/install/tb3_ra/share/tb3_ra
