[1.029s] Invoking command in '/home/miguel/robos_autonomos/build/tb3_ra': PYTHONPATH=/home/miguel/robos_autonomos/build/tb3_ra/prefix_override:/home/miguel/robos_autonomos/install/tb3_ra/lib/python3.10/site-packages:${PYTHONPATH} /usr/bin/python3 setup.py develop --editable --build-directory /home/miguel/robos_autonomos/build/tb3_ra/build --no-deps install_data
[1.512s] running develop
[1.513s] /usr/lib/python3/dist-packages/setuptools/command/easy_install.py:158: EasyInstallDeprecationWarning: easy_install command is deprecated. Use build and pip and other standards-based tools.
[1.513s]   warnings.warn(
[1.515s] /usr/lib/python3/dist-packages/setuptools/command/install.py:34: SetuptoolsDeprecationWarning: setup.py install is deprecated. Use build and pip and other standards-based tools.
[1.515s]   warnings.warn(
[1.621s] /usr/lib/python3/dist-packages/pkg_resources/__init__.py:116: PkgResourcesDeprecationWarning: 0.1.43ubuntu1 is an invalid version and will not be supported in a future release
[1.621s]   warnings.warn(
[1.622s] /usr/lib/python3/dist-packages/pkg_resources/__init__.py:116: PkgResourcesDeprecationWarning: 1.1build1 is an invalid version and will not be supported in a future release
[1.622s]   warnings.warn(
[1.811s] running egg_info
[1.811s] creating tb3_ra.egg-info
[1.811s] writing tb3_ra.egg-info/PKG-INFO
[1.812s] writing dependency_links to tb3_ra.egg-info/dependency_links.txt
[1.812s] writing entry points to tb3_ra.egg-info/entry_points.txt
[1.812s] writing requirements to tb3_ra.egg-info/requires.txt
[1.812s] writing top-level names to tb3_ra.egg-info/top_level.txt
[1.812s] writing manifest file 'tb3_ra.egg-info/SOURCES.txt'
[1.815s] reading manifest file 'tb3_ra.egg-info/SOURCES.txt'
[1.816s] writing manifest file 'tb3_ra.egg-info/SOURCES.txt'
[1.818s] running build_ext
[1.819s] Creating /home/miguel/robos_autonomos/install/tb3_ra/lib/python3.10/site-packages/tb3-ra.egg-link (link to .)
[1.820s] 
[1.821s] Installed /home/miguel/robos_autonomos/build/tb3_ra
[1.821s] running install_data
[1.821s] creating /home/miguel/robos_autonomos/install/tb3_ra/share/ament_index
[1.821s] creating /home/miguel/robos_autonomos/install/tb3_ra/share/ament_index/resource_index
[1.821s] creating /home/miguel/robos_autonomos/install/tb3_ra/share/ament_index/resource_index/packages
[1.821s] copying resource/tb3_ra -> /home/miguel/robos_autonomos/install/tb3_ra/share/ament_index/resource_index/packages
[1.821s] copying package.xml -> /home/miguel/robos_autonomos/install/tb3_ra/share/tb3_ra
[1.871s] Invoked command in '/home/miguel/robos_autonomos/build/tb3_ra' returned '0': PYTHONPATH=/home/miguel/robos_autonomos/build/tb3_ra/prefix_override:/home/miguel/robos_autonomos/install/tb3_ra/lib/python3.10/site-packages:${PYTHONPATH} /usr/bin/python3 setup.py develop --editable --build-directory /home/miguel/robos_autonomos/build/tb3_ra/build --no-deps install_data
