[1.269s] Invoking command in '/home/miguel/robos_autonomos/build/tb3_ra2': PYTHONPATH=/home/miguel/robos_autonomos/build/tb3_ra2/prefix_override:/home/miguel/robos_autonomos/install/tb3_ra2/lib/python3.10/site-packages:${PYTHONPATH} /usr/bin/python3 setup.py develop --editable --build-directory /home/miguel/robos_autonomos/build/tb3_ra2/build --no-deps install_data
[1.643s] running develop
[1.846s] running egg_info
[1.846s] creating tb3_ra2.egg-info
[1.846s] writing tb3_ra2.egg-info/PKG-INFO
[1.846s] writing dependency_links to tb3_ra2.egg-info/dependency_links.txt
[1.846s] writing entry points to tb3_ra2.egg-info/entry_points.txt
[1.846s] writing requirements to tb3_ra2.egg-info/requires.txt
[1.846s] writing top-level names to tb3_ra2.egg-info/top_level.txt
[1.846s] writing manifest file 'tb3_ra2.egg-info/SOURCES.txt'
[1.848s] reading manifest file 'tb3_ra2.egg-info/SOURCES.txt'
[1.849s] writing manifest file 'tb3_ra2.egg-info/SOURCES.txt'
[1.851s] running build_ext
[1.851s] Creating /home/miguel/robos_autonomos/install/tb3_ra2/lib/python3.10/site-packages/tb3-ra2.egg-link (link to .)
[1.853s] 
[1.853s] Installed /home/miguel/robos_autonomos/build/tb3_ra2
[1.853s] running install_data
[1.853s] creating /home/miguel/robos_autonomos/install/tb3_ra2/share/ament_index
[1.853s] creating /home/miguel/robos_autonomos/install/tb3_ra2/share/ament_index/resource_index
[1.853s] creating /home/miguel/robos_autonomos/install/tb3_ra2/share/ament_index/resource_index/packages
[1.853s] copying resource/tb3_ra2 -> /home/miguel/robos_autonomos/install/tb3_ra2/share/ament_index/resource_index/packages
[1.854s] copying package.xml -> /home/miguel/robos_autonomos/install/tb3_ra2/share/tb3_ra2
[1.925s] Invoked command in '/home/miguel/robos_autonomos/build/tb3_ra2' returned '0': PYTHONPATH=/home/miguel/robos_autonomos/build/tb3_ra2/prefix_override:/home/miguel/robos_autonomos/install/tb3_ra2/lib/python3.10/site-packages:${PYTHONPATH} /usr/bin/python3 setup.py develop --editable --build-directory /home/miguel/robos_autonomos/build/tb3_ra2/build --no-deps install_data
