[0.176s] DEBUG:colcon:Command line arguments: ['/usr/bin/colcon', 'list', '-p', '--base-paths', '/home/miguel/robos_autonomos']
[0.176s] DEBUG:colcon:Parsed command line arguments: Namespace(log_base=None, log_level=None, verb_name='list', build_base='build', ignore_user_meta=False, metas=['./colcon.meta'], base_paths=['/home/miguel/robos_autonomos'], packages_ignore=None, packages_ignore_regex=None, paths=None, packages_up_to=None, packages_up_to_regex=None, packages_above=None, packages_above_and_dependencies=None, packages_above_depth=None, packages_select_by_dep=None, packages_skip_by_dep=None, packages_skip_up_to=None, packages_select_build_failed=False, packages_skip_build_finished=False, packages_select_test_failures=False, packages_skip_test_passed=False, packages_select=None, packages_skip=None, packages_select_regex=None, packages_skip_regex=None, packages_start=None, packages_end=None, allow_overriding=[], topological_order=False, names_only=False, paths_only=True, topological_graph=False, topological_graph_dot=False, topological_graph_density=False, topological_graph_legend=False, topological_graph_dot_cluster=False, topological_graph_dot_include_skipped=False, verb_parser=<colcon_defaults.argument_parser.defaults.DefaultArgumentsDecorator object at 0x7fc219b184c0>, verb_extension=<colcon_package_information.verb.list.ListVerb object at 0x7fc21a4e40d0>, main=<bound method ListVerb.main of <colcon_package_information.verb.list.ListVerb object at 0x7fc21a4e40d0>>)
[0.203s] Level 1:colcon.colcon_core.package_discovery:discover_packages(colcon_meta) check parameters
[0.203s] Level 1:colcon.colcon_core.package_discovery:discover_packages(recursive) check parameters
[0.203s] Level 1:colcon.colcon_core.package_discovery:discover_packages(ignore) check parameters
[0.203s] Level 1:colcon.colcon_core.package_discovery:discover_packages(path) check parameters
[0.203s] Level 1:colcon.colcon_core.package_discovery:discover_packages(recursive) discover
[0.203s] INFO:colcon.colcon_core.package_discovery:Crawling recursively for packages in '/home/miguel/robos_autonomos'
[0.203s] Level 1:colcon.colcon_core.package_identification:_identify(/home/miguel/robos_autonomos) by extensions ['ignore', 'ignore_ament_install']
[0.203s] Level 1:colcon.colcon_core.package_identification:_identify(/home/miguel/robos_autonomos) by extension 'ignore'
[0.203s] Level 1:colcon.colcon_core.package_identification:_identify(/home/miguel/robos_autonomos) by extension 'ignore_ament_install'
[0.204s] Level 1:colcon.colcon_core.package_identification:_identify(/home/miguel/robos_autonomos) by extensions ['colcon_pkg']
[0.204s] Level 1:colcon.colcon_core.package_identification:_identify(/home/miguel/robos_autonomos) by extension 'colcon_pkg'
[0.204s] Level 1:colcon.colcon_core.package_identification:_identify(/home/miguel/robos_autonomos) by extensions ['colcon_meta']
[0.204s] Level 1:colcon.colcon_core.package_identification:_identify(/home/miguel/robos_autonomos) by extension 'colcon_meta'
[0.204s] Level 1:colcon.colcon_core.package_identification:_identify(/home/miguel/robos_autonomos) by extensions ['ros']
[0.204s] Level 1:colcon.colcon_core.package_identification:_identify(/home/miguel/robos_autonomos) by extension 'ros'
[0.225s] Level 1:colcon.colcon_core.package_identification:_identify(/home/miguel/robos_autonomos) by extensions ['cmake', 'python']
[0.225s] Level 1:colcon.colcon_core.package_identification:_identify(/home/miguel/robos_autonomos) by extension 'cmake'
[0.225s] Level 1:colcon.colcon_core.package_identification:_identify(/home/miguel/robos_autonomos) by extension 'python'
[0.225s] Level 1:colcon.colcon_core.package_identification:_identify(/home/miguel/robos_autonomos) by extensions ['python_setup_py']
[0.225s] Level 1:colcon.colcon_core.package_identification:_identify(/home/miguel/robos_autonomos) by extension 'python_setup_py'
[0.225s] Level 1:colcon.colcon_core.package_identification:_identify(/home/miguel/robos_autonomos/build) by extensions ['ignore', 'ignore_ament_install']
[0.225s] Level 1:colcon.colcon_core.package_identification:_identify(/home/miguel/robos_autonomos/build) by extension 'ignore'
[0.225s] Level 1:colcon.colcon_core.package_identification:_identify(/home/miguel/robos_autonomos/build) ignored
[0.226s] Level 1:colcon.colcon_core.package_identification:_identify(/home/miguel/robos_autonomos/install) by extensions ['ignore', 'ignore_ament_install']
[0.226s] Level 1:colcon.colcon_core.package_identification:_identify(/home/miguel/robos_autonomos/install) by extension 'ignore'
[0.226s] Level 1:colcon.colcon_core.package_identification:_identify(/home/miguel/robos_autonomos/install) ignored
[0.226s] Level 1:colcon.colcon_core.package_identification:_identify(/home/miguel/robos_autonomos/log) by extensions ['ignore', 'ignore_ament_install']
[0.226s] Level 1:colcon.colcon_core.package_identification:_identify(/home/miguel/robos_autonomos/log) by extension 'ignore'
[0.226s] Level 1:colcon.colcon_core.package_identification:_identify(/home/miguel/robos_autonomos/log) ignored
[0.226s] Level 1:colcon.colcon_core.package_identification:_identify(/home/miguel/robos_autonomos/src) by extensions ['ignore', 'ignore_ament_install']
[0.227s] Level 1:colcon.colcon_core.package_identification:_identify(/home/miguel/robos_autonomos/src) by extension 'ignore'
[0.227s] Level 1:colcon.colcon_core.package_identification:_identify(/home/miguel/robos_autonomos/src) by extension 'ignore_ament_install'
[0.227s] Level 1:colcon.colcon_core.package_identification:_identify(/home/miguel/robos_autonomos/src) by extensions ['colcon_pkg']
[0.227s] Level 1:colcon.colcon_core.package_identification:_identify(/home/miguel/robos_autonomos/src) by extension 'colcon_pkg'
[0.227s] Level 1:colcon.colcon_core.package_identification:_identify(/home/miguel/robos_autonomos/src) by extensions ['colcon_meta']
[0.227s] Level 1:colcon.colcon_core.package_identification:_identify(/home/miguel/robos_autonomos/src) by extension 'colcon_meta'
[0.227s] Level 1:colcon.colcon_core.package_identification:_identify(/home/miguel/robos_autonomos/src) by extensions ['ros']
[0.227s] Level 1:colcon.colcon_core.package_identification:_identify(/home/miguel/robos_autonomos/src) by extension 'ros'
[0.227s] Level 1:colcon.colcon_core.package_identification:_identify(/home/miguel/robos_autonomos/src) by extensions ['cmake', 'python']
[0.227s] Level 1:colcon.colcon_core.package_identification:_identify(/home/miguel/robos_autonomos/src) by extension 'cmake'
[0.227s] Level 1:colcon.colcon_core.package_identification:_identify(/home/miguel/robos_autonomos/src) by extension 'python'
[0.227s] Level 1:colcon.colcon_core.package_identification:_identify(/home/miguel/robos_autonomos/src) by extensions ['python_setup_py']
[0.227s] Level 1:colcon.colcon_core.package_identification:_identify(/home/miguel/robos_autonomos/src) by extension 'python_setup_py'
[0.228s] Level 1:colcon.colcon_core.package_identification:_identify(/home/miguel/robos_autonomos/src/tb3_ra) by extensions ['ignore', 'ignore_ament_install']
[0.228s] Level 1:colcon.colcon_core.package_identification:_identify(/home/miguel/robos_autonomos/src/tb3_ra) by extension 'ignore'
[0.228s] Level 1:colcon.colcon_core.package_identification:_identify(/home/miguel/robos_autonomos/src/tb3_ra) by extension 'ignore_ament_install'
[0.228s] Level 1:colcon.colcon_core.package_identification:_identify(/home/miguel/robos_autonomos/src/tb3_ra) by extensions ['colcon_pkg']
[0.228s] Level 1:colcon.colcon_core.package_identification:_identify(/home/miguel/robos_autonomos/src/tb3_ra) by extension 'colcon_pkg'
[0.228s] Level 1:colcon.colcon_core.package_identification:_identify(/home/miguel/robos_autonomos/src/tb3_ra) by extensions ['colcon_meta']
[0.228s] Level 1:colcon.colcon_core.package_identification:_identify(/home/miguel/robos_autonomos/src/tb3_ra) by extension 'colcon_meta'
[0.228s] Level 1:colcon.colcon_core.package_identification:_identify(/home/miguel/robos_autonomos/src/tb3_ra) by extensions ['ros']
[0.228s] Level 1:colcon.colcon_core.package_identification:_identify(/home/miguel/robos_autonomos/src/tb3_ra) by extension 'ros'
[0.233s] DEBUG:colcon.colcon_core.package_identification:Package '/home/miguel/robos_autonomos/src/tb3_ra' with type 'ros.ament_python' and name 'tb3_ra'
[0.233s] Level 1:colcon.colcon_core.package_identification:_identify(/home/miguel/robos_autonomos/src/tb3_ra_bringup) by extensions ['ignore', 'ignore_ament_install']
[0.233s] Level 1:colcon.colcon_core.package_identification:_identify(/home/miguel/robos_autonomos/src/tb3_ra_bringup) by extension 'ignore'
[0.233s] Level 1:colcon.colcon_core.package_identification:_identify(/home/miguel/robos_autonomos/src/tb3_ra_bringup) by extension 'ignore_ament_install'
[0.233s] Level 1:colcon.colcon_core.package_identification:_identify(/home/miguel/robos_autonomos/src/tb3_ra_bringup) by extensions ['colcon_pkg']
[0.233s] Level 1:colcon.colcon_core.package_identification:_identify(/home/miguel/robos_autonomos/src/tb3_ra_bringup) by extension 'colcon_pkg'
[0.233s] Level 1:colcon.colcon_core.package_identification:_identify(/home/miguel/robos_autonomos/src/tb3_ra_bringup) by extensions ['colcon_meta']
[0.233s] Level 1:colcon.colcon_core.package_identification:_identify(/home/miguel/robos_autonomos/src/tb3_ra_bringup) by extension 'colcon_meta'
[0.233s] Level 1:colcon.colcon_core.package_identification:_identify(/home/miguel/robos_autonomos/src/tb3_ra_bringup) by extensions ['ros']
[0.233s] Level 1:colcon.colcon_core.package_identification:_identify(/home/miguel/robos_autonomos/src/tb3_ra_bringup) by extension 'ros'
[0.234s] DEBUG:colcon.colcon_core.package_identification:Package '/home/miguel/robos_autonomos/src/tb3_ra_bringup' with type 'ros.ament_cmake' and name 'tb3_ra_bringup'
[0.234s] Level 1:colcon.colcon_core.package_identification:_identify(/home/miguel/robos_autonomos/src/tb3_ra_interfaces) by extensions ['ignore', 'ignore_ament_install']
[0.234s] Level 1:colcon.colcon_core.package_identification:_identify(/home/miguel/robos_autonomos/src/tb3_ra_interfaces) by extension 'ignore'
[0.234s] Level 1:colcon.colcon_core.package_identification:_identify(/home/miguel/robos_autonomos/src/tb3_ra_interfaces) by extension 'ignore_ament_install'
[0.234s] Level 1:colcon.colcon_core.package_identification:_identify(/home/miguel/robos_autonomos/src/tb3_ra_interfaces) by extensions ['colcon_pkg']
[0.234s] Level 1:colcon.colcon_core.package_identification:_identify(/home/miguel/robos_autonomos/src/tb3_ra_interfaces) by extension 'colcon_pkg'
[0.234s] Level 1:colcon.colcon_core.package_identification:_identify(/home/miguel/robos_autonomos/src/tb3_ra_interfaces) by extensions ['colcon_meta']
[0.234s] Level 1:colcon.colcon_core.package_identification:_identify(/home/miguel/robos_autonomos/src/tb3_ra_interfaces) by extension 'colcon_meta'
[0.234s] Level 1:colcon.colcon_core.package_identification:_identify(/home/miguel/robos_autonomos/src/tb3_ra_interfaces) by extensions ['ros']
[0.234s] Level 1:colcon.colcon_core.package_identification:_identify(/home/miguel/robos_autonomos/src/tb3_ra_interfaces) by extension 'ros'
[0.235s] DEBUG:colcon.colcon_core.package_identification:Package '/home/miguel/robos_autonomos/src/tb3_ra_interfaces' with type 'ros.ament_cmake' and name 'tb3_ra_interfaces'
[0.235s] Level 1:colcon.colcon_core.package_discovery:discover_packages(recursive) using defaults
