running develop
Removing /home/miguel/robos_autonomos/install/tb3_ra2/lib/python3.10/site-packages/tb3-ra2.egg-link (link to .)
running egg_info
writing ../../build/tb3_ra2/tb3_ra2.egg-info/PKG-INFO
writing dependency_links to ../../build/tb3_ra2/tb3_ra2.egg-info/dependency_links.txt
writing entry points to ../../build/tb3_ra2/tb3_ra2.egg-info/entry_points.txt
writing requirements to ../../build/tb3_ra2/tb3_ra2.egg-info/requires.txt
writing top-level names to ../../build/tb3_ra2/tb3_ra2.egg-info/top_level.txt
reading manifest file '../../build/tb3_ra2/tb3_ra2.egg-info/SOURCES.txt'
writing manifest file '../../build/tb3_ra2/tb3_ra2.egg-info/SOURCES.txt'
running build
running build_py
creating /home/miguel/robos_autonomos/build/tb3_ra2/build
creating /home/miguel/robos_autonomos/build/tb3_ra2/build/lib
creating /home/miguel/robos_autonomos/build/tb3_ra2/build/lib/tb3_ra2
copying tb3_ra2/__init__.py -> /home/miguel/robos_autonomos/build/tb3_ra2/build/lib/tb3_ra2
copying tb3_ra2/turtlebot3_control_2.py -> /home/miguel/robos_autonomos/build/tb3_ra2/build/lib/tb3_ra2
running install
running install_lib
creating /home/miguel/robos_autonomos/install/tb3_ra2/lib/python3.10/site-packages/tb3_ra2
copying /home/miguel/robos_autonomos/build/tb3_ra2/build/lib/tb3_ra2/__init__.py -> /home/miguel/robos_autonomos/install/tb3_ra2/lib/python3.10/site-packages/tb3_ra2
copying /home/miguel/robos_autonomos/build/tb3_ra2/build/lib/tb3_ra2/turtlebot3_control_2.py -> /home/miguel/robos_autonomos/install/tb3_ra2/lib/python3.10/site-packages/tb3_ra2
byte-compiling /home/miguel/robos_autonomos/install/tb3_ra2/lib/python3.10/site-packages/tb3_ra2/__init__.py to __init__.cpython-310.pyc
byte-compiling /home/miguel/robos_autonomos/install/tb3_ra2/lib/python3.10/site-packages/tb3_ra2/turtlebot3_control_2.py to turtlebot3_control_2.cpython-310.pyc
running install_data
running install_egg_info
Copying ../../build/tb3_ra2/tb3_ra2.egg-info to /home/miguel/robos_autonomos/install/tb3_ra2/lib/python3.10/site-packages/tb3_ra2-0.0.0-py3.10.egg-info
running install_scripts
Installing turtlebot3_control_2 script to /home/miguel/robos_autonomos/install/tb3_ra2/lib/tb3_ra2
writing list of installed files to '/home/miguel/robos_autonomos/build/tb3_ra2/install.log'
