[1.034s] Invoking command in '/home/miguel/robos_autonomos/build/tb3_ra2': PYTHONPATH=/home/miguel/robos_autonomos/build/tb3_ra2/prefix_override:/home/miguel/robos_autonomos/install/tb3_ra2/lib/python3.10/site-packages:${PYTHONPATH} /usr/bin/python3 setup.py develop --uninstall --editable --build-directory /home/miguel/robos_autonomos/build/tb3_ra2/build
[1.328s] running develop
[1.507s] Removing /home/miguel/robos_autonomos/install/tb3_ra2/lib/python3.10/site-packages/tb3-ra2.egg-link (link to .)
[1.558s] Invoked command in '/home/miguel/robos_autonomos/build/tb3_ra2' returned '0': PYTHONPATH=/home/miguel/robos_autonomos/build/tb3_ra2/prefix_override:/home/miguel/robos_autonomos/install/tb3_ra2/lib/python3.10/site-packages:${PYTHONPATH} /usr/bin/python3 setup.py develop --uninstall --editable --build-directory /home/miguel/robos_autonomos/build/tb3_ra2/build
[1.559s] Invoking command in '/home/miguel/robos_autonomos/src/tb3_ra2': PYTHONPATH=/home/miguel/robos_autonomos/build/tb3_ra2/prefix_override:/home/miguel/robos_autonomos/install/tb3_ra2/lib/python3.10/site-packages:${PYTHONPATH} /usr/bin/python3 setup.py egg_info --egg-base ../../build/tb3_ra2 build --build-base /home/miguel/robos_autonomos/build/tb3_ra2/build install --record /home/miguel/robos_autonomos/build/tb3_ra2/install.log --single-version-externally-managed
[1.842s] running egg_info
[1.844s] writing ../../build/tb3_ra2/tb3_ra2.egg-info/PKG-INFO
[1.844s] writing dependency_links to ../../build/tb3_ra2/tb3_ra2.egg-info/dependency_links.txt
[1.845s] writing entry points to ../../build/tb3_ra2/tb3_ra2.egg-info/entry_points.txt
[1.846s] writing requirements to ../../build/tb3_ra2/tb3_ra2.egg-info/requires.txt
[1.846s] writing top-level names to ../../build/tb3_ra2/tb3_ra2.egg-info/top_level.txt
[1.849s] reading manifest file '../../build/tb3_ra2/tb3_ra2.egg-info/SOURCES.txt'
[1.850s] writing manifest file '../../build/tb3_ra2/tb3_ra2.egg-info/SOURCES.txt'
[1.851s] running build
[1.851s] running build_py
[1.851s] creating /home/miguel/robos_autonomos/build/tb3_ra2/build
[1.852s] creating /home/miguel/robos_autonomos/build/tb3_ra2/build/lib
[1.852s] creating /home/miguel/robos_autonomos/build/tb3_ra2/build/lib/tb3_ra2
[1.852s] copying tb3_ra2/__init__.py -> /home/miguel/robos_autonomos/build/tb3_ra2/build/lib/tb3_ra2
[1.852s] copying tb3_ra2/turtlebot3_control_2.py -> /home/miguel/robos_autonomos/build/tb3_ra2/build/lib/tb3_ra2
[1.852s] running install
[1.853s] running install_lib
[1.855s] creating /home/miguel/robos_autonomos/install/tb3_ra2/lib/python3.10/site-packages/tb3_ra2
[1.856s] copying /home/miguel/robos_autonomos/build/tb3_ra2/build/lib/tb3_ra2/__init__.py -> /home/miguel/robos_autonomos/install/tb3_ra2/lib/python3.10/site-packages/tb3_ra2
[1.856s] copying /home/miguel/robos_autonomos/build/tb3_ra2/build/lib/tb3_ra2/turtlebot3_control_2.py -> /home/miguel/robos_autonomos/install/tb3_ra2/lib/python3.10/site-packages/tb3_ra2
[1.857s] byte-compiling /home/miguel/robos_autonomos/install/tb3_ra2/lib/python3.10/site-packages/tb3_ra2/__init__.py to __init__.cpython-310.pyc
[1.857s] byte-compiling /home/miguel/robos_autonomos/install/tb3_ra2/lib/python3.10/site-packages/tb3_ra2/turtlebot3_control_2.py to turtlebot3_control_2.cpython-310.pyc
[1.859s] running install_data
[1.860s] running install_egg_info
[1.863s] Copying ../../build/tb3_ra2/tb3_ra2.egg-info to /home/miguel/robos_autonomos/install/tb3_ra2/lib/python3.10/site-packages/tb3_ra2-0.0.0-py3.10.egg-info
[1.867s] running install_scripts
[1.893s] Installing turtlebot3_control_2 script to /home/miguel/robos_autonomos/install/tb3_ra2/lib/tb3_ra2
[1.893s] writing list of installed files to '/home/miguel/robos_autonomos/build/tb3_ra2/install.log'
[1.947s] Invoked command in '/home/miguel/robos_autonomos/src/tb3_ra2' returned '0': PYTHONPATH=/home/miguel/robos_autonomos/build/tb3_ra2/prefix_override:/home/miguel/robos_autonomos/install/tb3_ra2/lib/python3.10/site-packages:${PYTHONPATH} /usr/bin/python3 setup.py egg_info --egg-base ../../build/tb3_ra2 build --build-base /home/miguel/robos_autonomos/build/tb3_ra2/build install --record /home/miguel/robos_autonomos/build/tb3_ra2/install.log --single-version-externally-managed
