-- The C compiler identification is GNU 11.3.0
-- The CXX compiler identification is GNU 11.3.0
-- Detecting C compiler ABI info
-- Detecting C compiler ABI info - done
-- Check for working C compiler: /usr/bin/cc - skipped
-- Detecting C compile features
-- Detecting C compile features - done
-- Detecting CXX compiler ABI info
-- Detecting CXX compiler ABI info - done
-- Check for working CXX compiler: /usr/bin/c++ - skipped
-- Detecting CXX compile features
-- Detecting CXX compile features - done
-- Found ament_cmake: 1.3.3 (/opt/ros/humble/share/ament_cmake/cmake)
-- Found Python3: /usr/bin/python3.10 (found version "3.10.6") found components: Interpreter 
-- Override CMake install command with custom implementation using symlinks instead of copying resources
-- Found rosidl_default_generators: 1.2.0 (/opt/ros/humble/share/rosidl_default_generators/cmake)
-- Using all available rosidl_typesupport_c: rosidl_typesupport_fastrtps_c;rosidl_typesupport_introspection_c
-- Found rosidl_adapter: 3.1.4 (/opt/ros/humble/share/rosidl_adapter/cmake)
-- Using all available rosidl_typesupport_cpp: rosidl_typesupport_fastrtps_cpp;rosidl_typesupport_introspection_cpp
-- Found ament_cmake_ros: 0.10.0 (/opt/ros/humble/share/ament_cmake_ros/cmake)
-- Using all available rosidl_typesupport_c: rosidl_typesupport_fastrtps_c;rosidl_typesupport_introspection_c
-- Using all available rosidl_typesupport_cpp: rosidl_typesupport_fastrtps_cpp;rosidl_typesupport_introspection_cpp
-- Found PythonInterp: /usr/bin/python3 (found suitable version "3.10.6", minimum required is "3.6") 
-- Found python_cmake_module: 0.10.0 (/opt/ros/humble/share/python_cmake_module/cmake)
-- Found PythonLibs: /usr/lib/x86_64-linux-gnu/libpython3.10.so (found suitable version "3.10.6", minimum required is "3.5") 
-- Using PYTHON_EXECUTABLE: /usr/bin/python3
-- Using PYTHON_INCLUDE_DIRS: /usr/include/python3.10
-- Using PYTHON_LIBRARIES: /usr/lib/x86_64-linux-gnu/libpython3.10.so
-- Found PythonExtra: .so  
-- Configuring done
-- Generating done
-- Build files have been written to: /home/miguel/robos_autonomos/build/tb3_ra_interfaces
[  3%] [34m[1mGenerating C code for ROS interfaces[0m
[  6%] [34m[1mGenerating C++ code for ROS interfaces[0m
[  6%] Built target ament_cmake_python_symlink_tb3_ra_interfaces
[  6%] Built target tb3_ra_interfaces__cpp
[ 16%] [34m[1mGenerating C++ type support for eProsima Fast-RTPS[0m
[ 16%] [34m[1mGenerating C++ type support dispatch for ROS interfaces[0m
[ 16%] [34m[1mGenerating C++ introspection for ROS interfaces[0m
[ 19%] [32mBuilding C object CMakeFiles/tb3_ra_interfaces__rosidl_generator_c.dir/rosidl_generator_c/tb3_ra_interfaces/msg/detail/grid_map__functions.c.o[0m
running egg_info
creating tb3_ra_interfaces.egg-info
writing tb3_ra_interfaces.egg-info/PKG-INFO
writing dependency_links to tb3_ra_interfaces.egg-info/dependency_links.txt
writing top-level names to tb3_ra_interfaces.egg-info/top_level.txt
writing manifest file 'tb3_ra_interfaces.egg-info/SOURCES.txt'
reading manifest file 'tb3_ra_interfaces.egg-info/SOURCES.txt'
writing manifest file 'tb3_ra_interfaces.egg-info/SOURCES.txt'
[ 19%] Built target ament_cmake_python_build_tb3_ra_interfaces_egg
[ 22%] [32m[1mLinking C shared library libtb3_ra_interfaces__rosidl_generator_c.so[0m
[ 22%] Built target tb3_ra_interfaces__rosidl_generator_c
[ 25%] [34m[1mGenerating C type support for eProsima Fast-RTPS[0m
[ 32%] [34m[1mGenerating C type support dispatch for ROS interfaces[0m
[ 32%] [34m[1mGenerating C introspection for ROS interfaces[0m
[ 35%] [32mBuilding CXX object CMakeFiles/tb3_ra_interfaces__rosidl_typesupport_introspection_cpp.dir/rosidl_typesupport_introspection_cpp/tb3_ra_interfaces/msg/detail/grid_map__type_support.cpp.o[0m
[ 38%] [32mBuilding CXX object CMakeFiles/tb3_ra_interfaces__rosidl_typesupport_fastrtps_cpp.dir/rosidl_typesupport_fastrtps_cpp/tb3_ra_interfaces/msg/detail/dds_fastrtps/grid_map__type_support.cpp.o[0m
[ 41%] [32mBuilding CXX object CMakeFiles/tb3_ra_interfaces__rosidl_typesupport_cpp.dir/rosidl_typesupport_cpp/tb3_ra_interfaces/msg/grid_map__type_support.cpp.o[0m
[ 45%] [32mBuilding CXX object CMakeFiles/tb3_ra_interfaces__rosidl_typesupport_c.dir/rosidl_typesupport_c/tb3_ra_interfaces/msg/grid_map__type_support.cpp.o[0m
[ 48%] [32m[1mLinking CXX shared library libtb3_ra_interfaces__rosidl_typesupport_c.so[0m
[ 48%] Built target tb3_ra_interfaces__rosidl_typesupport_c
[ 51%] [32mBuilding CXX object CMakeFiles/tb3_ra_interfaces__rosidl_typesupport_fastrtps_c.dir/rosidl_typesupport_fastrtps_c/tb3_ra_interfaces/msg/detail/grid_map__type_support_c.cpp.o[0m
[ 54%] [32mBuilding C object CMakeFiles/tb3_ra_interfaces__rosidl_typesupport_introspection_c.dir/rosidl_typesupport_introspection_c/tb3_ra_interfaces/msg/detail/grid_map__type_support.c.o[0m
[ 58%] [32m[1mLinking C shared library libtb3_ra_interfaces__rosidl_typesupport_introspection_c.so[0m
[ 58%] Built target tb3_ra_interfaces__rosidl_typesupport_introspection_c
[ 61%] [32m[1mLinking CXX shared library libtb3_ra_interfaces__rosidl_typesupport_cpp.so[0m
[ 61%] Built target tb3_ra_interfaces__rosidl_typesupport_cpp
[ 64%] [32m[1mLinking CXX shared library libtb3_ra_interfaces__rosidl_typesupport_introspection_cpp.so[0m
[ 64%] Built target tb3_ra_interfaces__rosidl_typesupport_introspection_cpp
[ 67%] [32m[1mLinking CXX shared library libtb3_ra_interfaces__rosidl_typesupport_fastrtps_cpp.so[0m
[ 67%] Built target tb3_ra_interfaces__rosidl_typesupport_fastrtps_cpp
[ 70%] [32m[1mLinking CXX shared library libtb3_ra_interfaces__rosidl_typesupport_fastrtps_c.so[0m
[ 70%] Built target tb3_ra_interfaces__rosidl_typesupport_fastrtps_c
[ 70%] Built target tb3_ra_interfaces
[ 74%] [34m[1mGenerating Python code for ROS interfaces[0m
[ 74%] Built target tb3_ra_interfaces__py
[ 77%] [32mBuilding C object CMakeFiles/tb3_ra_interfaces__rosidl_generator_py.dir/rosidl_generator_py/tb3_ra_interfaces/msg/_grid_map_s.c.o[0m
[ 80%] [32m[1mLinking C shared library rosidl_generator_py/tb3_ra_interfaces/libtb3_ra_interfaces__rosidl_generator_py.so[0m
[ 80%] Built target tb3_ra_interfaces__rosidl_generator_py
[ 90%] [32mBuilding C object CMakeFiles/tb3_ra_interfaces__rosidl_typesupport_introspection_c__pyext.dir/rosidl_generator_py/tb3_ra_interfaces/_tb3_ra_interfaces_s.ep.rosidl_typesupport_introspection_c.c.o[0m
[ 90%] [32mBuilding C object CMakeFiles/tb3_ra_interfaces__rosidl_typesupport_fastrtps_c__pyext.dir/rosidl_generator_py/tb3_ra_interfaces/_tb3_ra_interfaces_s.ep.rosidl_typesupport_fastrtps_c.c.o[0m
[ 90%] [32mBuilding C object CMakeFiles/tb3_ra_interfaces__rosidl_typesupport_c__pyext.dir/rosidl_generator_py/tb3_ra_interfaces/_tb3_ra_interfaces_s.ep.rosidl_typesupport_c.c.o[0m
[ 96%] [32m[1mLinking C shared library rosidl_generator_py/tb3_ra_interfaces/tb3_ra_interfaces_s__rosidl_typesupport_c.cpython-310-x86_64-linux-gnu.so[0m
[ 96%] [32m[1mLinking C shared library rosidl_generator_py/tb3_ra_interfaces/tb3_ra_interfaces_s__rosidl_typesupport_introspection_c.cpython-310-x86_64-linux-gnu.so[0m
[100%] [32m[1mLinking C shared library rosidl_generator_py/tb3_ra_interfaces/tb3_ra_interfaces_s__rosidl_typesupport_fastrtps_c.cpython-310-x86_64-linux-gnu.so[0m
[100%] Built target tb3_ra_interfaces__rosidl_typesupport_c__pyext
[100%] Built target tb3_ra_interfaces__rosidl_typesupport_introspection_c__pyext
[100%] Built target tb3_ra_interfaces__rosidl_typesupport_fastrtps_c__pyext
-- Install configuration: ""
-- Execute custom install script
-- Symlinking: /home/miguel/robos_autonomos/install/tb3_ra_interfaces/share/ament_index/resource_index/rosidl_interfaces/tb3_ra_interfaces
-- Symlinking: /home/miguel/robos_autonomos/install/tb3_ra_interfaces/include/tb3_ra_interfaces/tb3_ra_interfaces/msg/detail/grid_map__functions.h
-- Symlinking: /home/miguel/robos_autonomos/install/tb3_ra_interfaces/include/tb3_ra_interfaces/tb3_ra_interfaces/msg/detail/grid_map__struct.h
-- Symlinking: /home/miguel/robos_autonomos/install/tb3_ra_interfaces/include/tb3_ra_interfaces/tb3_ra_interfaces/msg/detail/grid_map__type_support.h
-- Symlinking: /home/miguel/robos_autonomos/install/tb3_ra_interfaces/include/tb3_ra_interfaces/tb3_ra_interfaces/msg/grid_map.h
-- Symlinking: /home/miguel/robos_autonomos/install/tb3_ra_interfaces/include/tb3_ra_interfaces/tb3_ra_interfaces/msg/rosidl_generator_c__visibility_control.h
-- Symlinking: /home/miguel/robos_autonomos/install/tb3_ra_interfaces/share/tb3_ra_interfaces/environment/library_path.sh
-- Symlinking: /home/miguel/robos_autonomos/install/tb3_ra_interfaces/share/tb3_ra_interfaces/environment/library_path.dsv
-- Symlinking: /home/miguel/robos_autonomos/install/tb3_ra_interfaces/include/tb3_ra_interfaces/tb3_ra_interfaces/msg/detail/grid_map__rosidl_typesupport_fastrtps_c.h
-- Symlinking: /home/miguel/robos_autonomos/install/tb3_ra_interfaces/include/tb3_ra_interfaces/tb3_ra_interfaces/msg/rosidl_typesupport_fastrtps_c__visibility_control.h
-- Symlinking: /home/miguel/robos_autonomos/install/tb3_ra_interfaces/include/tb3_ra_interfaces/tb3_ra_interfaces/msg/detail/grid_map__rosidl_typesupport_introspection_c.h
-- Symlinking: /home/miguel/robos_autonomos/install/tb3_ra_interfaces/include/tb3_ra_interfaces/tb3_ra_interfaces/msg/rosidl_typesupport_introspection_c__visibility_control.h
-- Symlinking: /home/miguel/robos_autonomos/install/tb3_ra_interfaces/include/tb3_ra_interfaces/tb3_ra_interfaces/msg/detail/grid_map__builder.hpp
-- Symlinking: /home/miguel/robos_autonomos/install/tb3_ra_interfaces/include/tb3_ra_interfaces/tb3_ra_interfaces/msg/detail/grid_map__struct.hpp
-- Symlinking: /home/miguel/robos_autonomos/install/tb3_ra_interfaces/include/tb3_ra_interfaces/tb3_ra_interfaces/msg/detail/grid_map__traits.hpp
-- Symlinking: /home/miguel/robos_autonomos/install/tb3_ra_interfaces/include/tb3_ra_interfaces/tb3_ra_interfaces/msg/grid_map.hpp
-- Symlinking: /home/miguel/robos_autonomos/install/tb3_ra_interfaces/include/tb3_ra_interfaces/tb3_ra_interfaces/msg/detail/grid_map__rosidl_typesupport_fastrtps_cpp.hpp
-- Symlinking: /home/miguel/robos_autonomos/install/tb3_ra_interfaces/include/tb3_ra_interfaces/tb3_ra_interfaces/msg/rosidl_typesupport_fastrtps_cpp__visibility_control.h
-- Symlinking: /home/miguel/robos_autonomos/install/tb3_ra_interfaces/include/tb3_ra_interfaces/tb3_ra_interfaces/msg/detail/grid_map__rosidl_typesupport_introspection_cpp.hpp
-- Symlinking: /home/miguel/robos_autonomos/install/tb3_ra_interfaces/share/tb3_ra_interfaces/environment/pythonpath.sh
-- Symlinking: /home/miguel/robos_autonomos/install/tb3_ra_interfaces/share/tb3_ra_interfaces/environment/pythonpath.dsv
-- Symlinking: /home/miguel/robos_autonomos/install/tb3_ra_interfaces/local/lib/python3.10/dist-packages/tb3_ra_interfaces-0.0.0-py3.10.egg-info/PKG-INFO
-- Symlinking: /home/miguel/robos_autonomos/install/tb3_ra_interfaces/local/lib/python3.10/dist-packages/tb3_ra_interfaces-0.0.0-py3.10.egg-info/SOURCES.txt
-- Symlinking: /home/miguel/robos_autonomos/install/tb3_ra_interfaces/local/lib/python3.10/dist-packages/tb3_ra_interfaces-0.0.0-py3.10.egg-info/dependency_links.txt
-- Symlinking: /home/miguel/robos_autonomos/install/tb3_ra_interfaces/local/lib/python3.10/dist-packages/tb3_ra_interfaces-0.0.0-py3.10.egg-info/top_level.txt
-- Symlinking: /home/miguel/robos_autonomos/install/tb3_ra_interfaces/local/lib/python3.10/dist-packages/tb3_ra_interfaces/__init__.py
-- Symlinking: /home/miguel/robos_autonomos/install/tb3_ra_interfaces/local/lib/python3.10/dist-packages/tb3_ra_interfaces/_tb3_ra_interfaces_s.ep.rosidl_typesupport_c.c
-- Symlinking: /home/miguel/robos_autonomos/install/tb3_ra_interfaces/local/lib/python3.10/dist-packages/tb3_ra_interfaces/_tb3_ra_interfaces_s.ep.rosidl_typesupport_fastrtps_c.c
-- Symlinking: /home/miguel/robos_autonomos/install/tb3_ra_interfaces/local/lib/python3.10/dist-packages/tb3_ra_interfaces/_tb3_ra_interfaces_s.ep.rosidl_typesupport_introspection_c.c
-- Symlinking: /home/miguel/robos_autonomos/install/tb3_ra_interfaces/local/lib/python3.10/dist-packages/tb3_ra_interfaces/libtb3_ra_interfaces__rosidl_generator_py.so
-- Symlinking: /home/miguel/robos_autonomos/install/tb3_ra_interfaces/local/lib/python3.10/dist-packages/tb3_ra_interfaces/msg/__init__.py
-- Symlinking: /home/miguel/robos_autonomos/install/tb3_ra_interfaces/local/lib/python3.10/dist-packages/tb3_ra_interfaces/msg/_grid_map.py
-- Symlinking: /home/miguel/robos_autonomos/install/tb3_ra_interfaces/local/lib/python3.10/dist-packages/tb3_ra_interfaces/msg/_grid_map_s.c
-- Symlinking: /home/miguel/robos_autonomos/install/tb3_ra_interfaces/local/lib/python3.10/dist-packages/tb3_ra_interfaces/tb3_ra_interfaces_s__rosidl_typesupport_c.cpython-310-x86_64-linux-gnu.so
-- Symlinking: /home/miguel/robos_autonomos/install/tb3_ra_interfaces/local/lib/python3.10/dist-packages/tb3_ra_interfaces/tb3_ra_interfaces_s__rosidl_typesupport_fastrtps_c.cpython-310-x86_64-linux-gnu.so
-- Symlinking: /home/miguel/robos_autonomos/install/tb3_ra_interfaces/local/lib/python3.10/dist-packages/tb3_ra_interfaces/tb3_ra_interfaces_s__rosidl_typesupport_introspection_c.cpython-310-x86_64-linux-gnu.so
-- Up-to-date symlink: /home/miguel/robos_autonomos/install/tb3_ra_interfaces/local/lib/python3.10/dist-packages/tb3_ra_interfaces/tb3_ra_interfaces_s__rosidl_typesupport_fastrtps_c.cpython-310-x86_64-linux-gnu.so
-- Up-to-date symlink: /home/miguel/robos_autonomos/install/tb3_ra_interfaces/local/lib/python3.10/dist-packages/tb3_ra_interfaces/tb3_ra_interfaces_s__rosidl_typesupport_introspection_c.cpython-310-x86_64-linux-gnu.so
-- Up-to-date symlink: /home/miguel/robos_autonomos/install/tb3_ra_interfaces/local/lib/python3.10/dist-packages/tb3_ra_interfaces/tb3_ra_interfaces_s__rosidl_typesupport_c.cpython-310-x86_64-linux-gnu.so
-- Symlinking: /home/miguel/robos_autonomos/install/tb3_ra_interfaces/share/tb3_ra_interfaces/msg/GridMap.idl
-- Symlinking: /home/miguel/robos_autonomos/install/tb3_ra_interfaces/share/tb3_ra_interfaces/msg/GridMap.msg
-- Symlinking: /home/miguel/robos_autonomos/install/tb3_ra_interfaces/share/ament_index/resource_index/package_run_dependencies/tb3_ra_interfaces
-- Symlinking: /home/miguel/robos_autonomos/install/tb3_ra_interfaces/share/ament_index/resource_index/parent_prefix_path/tb3_ra_interfaces
-- Symlinking: /home/miguel/robos_autonomos/install/tb3_ra_interfaces/share/tb3_ra_interfaces/environment/ament_prefix_path.sh
-- Symlinking: /home/miguel/robos_autonomos/install/tb3_ra_interfaces/share/tb3_ra_interfaces/environment/ament_prefix_path.dsv
-- Symlinking: /home/miguel/robos_autonomos/install/tb3_ra_interfaces/share/tb3_ra_interfaces/environment/path.sh
-- Symlinking: /home/miguel/robos_autonomos/install/tb3_ra_interfaces/share/tb3_ra_interfaces/environment/path.dsv
-- Symlinking: /home/miguel/robos_autonomos/install/tb3_ra_interfaces/share/tb3_ra_interfaces/local_setup.bash
-- Symlinking: /home/miguel/robos_autonomos/install/tb3_ra_interfaces/share/tb3_ra_interfaces/local_setup.sh
-- Symlinking: /home/miguel/robos_autonomos/install/tb3_ra_interfaces/share/tb3_ra_interfaces/local_setup.zsh
-- Symlinking: /home/miguel/robos_autonomos/install/tb3_ra_interfaces/share/tb3_ra_interfaces/local_setup.dsv
-- Symlinking: /home/miguel/robos_autonomos/install/tb3_ra_interfaces/share/tb3_ra_interfaces/package.dsv
-- Symlinking: /home/miguel/robos_autonomos/install/tb3_ra_interfaces/share/ament_index/resource_index/packages/tb3_ra_interfaces
-- Symlinking: /home/miguel/robos_autonomos/install/tb3_ra_interfaces/share/tb3_ra_interfaces/cmake/rosidl_cmake-extras.cmake
-- Symlinking: /home/miguel/robos_autonomos/install/tb3_ra_interfaces/share/tb3_ra_interfaces/cmake/ament_cmake_export_include_directories-extras.cmake
-- Symlinking: /home/miguel/robos_autonomos/install/tb3_ra_interfaces/share/tb3_ra_interfaces/cmake/ament_cmake_export_libraries-extras.cmake
-- Symlinking: /home/miguel/robos_autonomos/install/tb3_ra_interfaces/share/tb3_ra_interfaces/cmake/ament_cmake_export_targets-extras.cmake
-- Symlinking: /home/miguel/robos_autonomos/install/tb3_ra_interfaces/share/tb3_ra_interfaces/cmake/rosidl_cmake_export_typesupport_targets-extras.cmake
-- Symlinking: /home/miguel/robos_autonomos/install/tb3_ra_interfaces/share/tb3_ra_interfaces/cmake/ament_cmake_export_dependencies-extras.cmake
-- Symlinking: /home/miguel/robos_autonomos/install/tb3_ra_interfaces/share/tb3_ra_interfaces/cmake/rosidl_cmake_export_typesupport_libraries-extras.cmake
-- Symlinking: /home/miguel/robos_autonomos/install/tb3_ra_interfaces/share/tb3_ra_interfaces/cmake/tb3_ra_interfacesConfig.cmake
-- Symlinking: /home/miguel/robos_autonomos/install/tb3_ra_interfaces/share/tb3_ra_interfaces/cmake/tb3_ra_interfacesConfig-version.cmake
-- Symlinking: /home/miguel/robos_autonomos/install/tb3_ra_interfaces/share/tb3_ra_interfaces/package.xml
-- Installing: /home/miguel/robos_autonomos/install/tb3_ra_interfaces/lib/libtb3_ra_interfaces__rosidl_generator_c.so
-- Set runtime path of "/home/miguel/robos_autonomos/install/tb3_ra_interfaces/lib/libtb3_ra_interfaces__rosidl_generator_c.so" to ""
-- Installing: /home/miguel/robos_autonomos/install/tb3_ra_interfaces/lib/libtb3_ra_interfaces__rosidl_typesupport_fastrtps_c.so
-- Set runtime path of "/home/miguel/robos_autonomos/install/tb3_ra_interfaces/lib/libtb3_ra_interfaces__rosidl_typesupport_fastrtps_c.so" to ""
-- Installing: /home/miguel/robos_autonomos/install/tb3_ra_interfaces/lib/libtb3_ra_interfaces__rosidl_typesupport_introspection_c.so
-- Set runtime path of "/home/miguel/robos_autonomos/install/tb3_ra_interfaces/lib/libtb3_ra_interfaces__rosidl_typesupport_introspection_c.so" to ""
-- Installing: /home/miguel/robos_autonomos/install/tb3_ra_interfaces/lib/libtb3_ra_interfaces__rosidl_typesupport_c.so
-- Set runtime path of "/home/miguel/robos_autonomos/install/tb3_ra_interfaces/lib/libtb3_ra_interfaces__rosidl_typesupport_c.so" to ""
-- Installing: /home/miguel/robos_autonomos/install/tb3_ra_interfaces/lib/libtb3_ra_interfaces__rosidl_typesupport_fastrtps_cpp.so
-- Set runtime path of "/home/miguel/robos_autonomos/install/tb3_ra_interfaces/lib/libtb3_ra_interfaces__rosidl_typesupport_fastrtps_cpp.so" to ""
-- Installing: /home/miguel/robos_autonomos/install/tb3_ra_interfaces/lib/libtb3_ra_interfaces__rosidl_typesupport_introspection_cpp.so
-- Set runtime path of "/home/miguel/robos_autonomos/install/tb3_ra_interfaces/lib/libtb3_ra_interfaces__rosidl_typesupport_introspection_cpp.so" to ""
-- Installing: /home/miguel/robos_autonomos/install/tb3_ra_interfaces/lib/libtb3_ra_interfaces__rosidl_typesupport_cpp.so
-- Set runtime path of "/home/miguel/robos_autonomos/install/tb3_ra_interfaces/lib/libtb3_ra_interfaces__rosidl_typesupport_cpp.so" to ""
Listing '/home/miguel/robos_autonomos/install/tb3_ra_interfaces/local/lib/python3.10/dist-packages/tb3_ra_interfaces'...
Compiling '/home/miguel/robos_autonomos/install/tb3_ra_interfaces/local/lib/python3.10/dist-packages/tb3_ra_interfaces/__init__.py'...
Listing '/home/miguel/robos_autonomos/install/tb3_ra_interfaces/local/lib/python3.10/dist-packages/tb3_ra_interfaces/msg'...
Compiling '/home/miguel/robos_autonomos/install/tb3_ra_interfaces/local/lib/python3.10/dist-packages/tb3_ra_interfaces/msg/__init__.py'...
Compiling '/home/miguel/robos_autonomos/install/tb3_ra_interfaces/local/lib/python3.10/dist-packages/tb3_ra_interfaces/msg/_grid_map.py'...
-- Installing: /home/miguel/robos_autonomos/install/tb3_ra_interfaces/lib/libtb3_ra_interfaces__rosidl_generator_py.so
-- Set runtime path of "/home/miguel/robos_autonomos/install/tb3_ra_interfaces/lib/libtb3_ra_interfaces__rosidl_generator_py.so" to ""
-- Installing: /home/miguel/robos_autonomos/install/tb3_ra_interfaces/share/tb3_ra_interfaces/cmake/export_tb3_ra_interfaces__rosidl_generator_cExport.cmake
-- Installing: /home/miguel/robos_autonomos/install/tb3_ra_interfaces/share/tb3_ra_interfaces/cmake/export_tb3_ra_interfaces__rosidl_generator_cExport-noconfig.cmake
-- Installing: /home/miguel/robos_autonomos/install/tb3_ra_interfaces/share/tb3_ra_interfaces/cmake/export_tb3_ra_interfaces__rosidl_typesupport_fastrtps_cExport.cmake
-- Installing: /home/miguel/robos_autonomos/install/tb3_ra_interfaces/share/tb3_ra_interfaces/cmake/export_tb3_ra_interfaces__rosidl_typesupport_fastrtps_cExport-noconfig.cmake
-- Installing: /home/miguel/robos_autonomos/install/tb3_ra_interfaces/share/tb3_ra_interfaces/cmake/tb3_ra_interfaces__rosidl_typesupport_introspection_cExport.cmake
-- Installing: /home/miguel/robos_autonomos/install/tb3_ra_interfaces/share/tb3_ra_interfaces/cmake/tb3_ra_interfaces__rosidl_typesupport_introspection_cExport-noconfig.cmake
-- Installing: /home/miguel/robos_autonomos/install/tb3_ra_interfaces/share/tb3_ra_interfaces/cmake/tb3_ra_interfaces__rosidl_typesupport_cExport.cmake
-- Installing: /home/miguel/robos_autonomos/install/tb3_ra_interfaces/share/tb3_ra_interfaces/cmake/tb3_ra_interfaces__rosidl_typesupport_cExport-noconfig.cmake
-- Installing: /home/miguel/robos_autonomos/install/tb3_ra_interfaces/share/tb3_ra_interfaces/cmake/export_tb3_ra_interfaces__rosidl_generator_cppExport.cmake
-- Installing: /home/miguel/robos_autonomos/install/tb3_ra_interfaces/share/tb3_ra_interfaces/cmake/export_tb3_ra_interfaces__rosidl_typesupport_fastrtps_cppExport.cmake
-- Installing: /home/miguel/robos_autonomos/install/tb3_ra_interfaces/share/tb3_ra_interfaces/cmake/export_tb3_ra_interfaces__rosidl_typesupport_fastrtps_cppExport-noconfig.cmake
-- Installing: /home/miguel/robos_autonomos/install/tb3_ra_interfaces/share/tb3_ra_interfaces/cmake/tb3_ra_interfaces__rosidl_typesupport_introspection_cppExport.cmake
-- Installing: /home/miguel/robos_autonomos/install/tb3_ra_interfaces/share/tb3_ra_interfaces/cmake/tb3_ra_interfaces__rosidl_typesupport_introspection_cppExport-noconfig.cmake
-- Installing: /home/miguel/robos_autonomos/install/tb3_ra_interfaces/share/tb3_ra_interfaces/cmake/tb3_ra_interfaces__rosidl_typesupport_cppExport.cmake
-- Installing: /home/miguel/robos_autonomos/install/tb3_ra_interfaces/share/tb3_ra_interfaces/cmake/tb3_ra_interfaces__rosidl_typesupport_cppExport-noconfig.cmake
-- Installing: /home/miguel/robos_autonomos/install/tb3_ra_interfaces/share/tb3_ra_interfaces/cmake/export_tb3_ra_interfaces__rosidl_generator_pyExport.cmake
-- Installing: /home/miguel/robos_autonomos/install/tb3_ra_interfaces/share/tb3_ra_interfaces/cmake/export_tb3_ra_interfaces__rosidl_generator_pyExport-noconfig.cmake
