running develop
running egg_info
writing ../../build/tb3_ra/tb3_ra.egg-info/PKG-INFO
writing dependency_links to ../../build/tb3_ra/tb3_ra.egg-info/dependency_links.txt
writing entry points to ../../build/tb3_ra/tb3_ra.egg-info/entry_points.txt
writing requirements to ../../build/tb3_ra/tb3_ra.egg-info/requires.txt
writing top-level names to ../../build/tb3_ra/tb3_ra.egg-info/top_level.txt
reading manifest file '../../build/tb3_ra/tb3_ra.egg-info/SOURCES.txt'
writing manifest file '../../build/tb3_ra/tb3_ra.egg-info/SOURCES.txt'
running build
running build_py
running install
running install_lib
running install_data
running install_egg_info
removing '/home/miguel/robos_autonomos/install/tb3_ra/lib/python3.10/site-packages/tb3_ra-0.0.0-py3.10.egg-info' (and everything under it)
Copying ../../build/tb3_ra/tb3_ra.egg-info to /home/miguel/robos_autonomos/install/tb3_ra/lib/python3.10/site-packages/tb3_ra-0.0.0-py3.10.egg-info
running install_scripts
Installing map_creator script to /home/miguel/robos_autonomos/install/tb3_ra/lib/tb3_ra
Installing printing_map script to /home/miguel/robos_autonomos/install/tb3_ra/lib/tb3_ra
Installing turtlebot3_control script to /home/miguel/robos_autonomos/install/tb3_ra/lib/tb3_ra
writing list of installed files to '/home/miguel/robos_autonomos/build/tb3_ra/install.log'
