[1.066s] Invoking command in '/home/miguel/robos_autonomos/build/tb3_ra': PYTHONPATH=/home/miguel/robos_autonomos/build/tb3_ra/prefix_override:/home/miguel/robos_autonomos/install/tb3_ra/lib/python3.10/site-packages:${PYTHONPATH} /usr/bin/python3 setup.py develop --uninstall --editable --build-directory /home/miguel/robos_autonomos/build/tb3_ra/build
[1.368s] running develop
[1.591s] Invoked command in '/home/miguel/robos_autonomos/build/tb3_ra' returned '0': PYTHONPATH=/home/miguel/robos_autonomos/build/tb3_ra/prefix_override:/home/miguel/robos_autonomos/install/tb3_ra/lib/python3.10/site-packages:${PYTHONPATH} /usr/bin/python3 setup.py develop --uninstall --editable --build-directory /home/miguel/robos_autonomos/build/tb3_ra/build
[1.592s] Invoking command in '/home/miguel/robos_autonomos/src/tb3_ra': PYTHONPATH=/home/miguel/robos_autonomos/build/tb3_ra/prefix_override:/home/miguel/robos_autonomos/install/tb3_ra/lib/python3.10/site-packages:${PYTHONPATH} /usr/bin/python3 setup.py egg_info --egg-base ../../build/tb3_ra build --build-base /home/miguel/robos_autonomos/build/tb3_ra/build install --record /home/miguel/robos_autonomos/build/tb3_ra/install.log --single-version-externally-managed
[1.855s] running egg_info
[1.855s] writing ../../build/tb3_ra/tb3_ra.egg-info/PKG-INFO
[1.856s] writing dependency_links to ../../build/tb3_ra/tb3_ra.egg-info/dependency_links.txt
[1.856s] writing entry points to ../../build/tb3_ra/tb3_ra.egg-info/entry_points.txt
[1.856s] writing requirements to ../../build/tb3_ra/tb3_ra.egg-info/requires.txt
[1.856s] writing top-level names to ../../build/tb3_ra/tb3_ra.egg-info/top_level.txt
[1.858s] reading manifest file '../../build/tb3_ra/tb3_ra.egg-info/SOURCES.txt'
[1.859s] writing manifest file '../../build/tb3_ra/tb3_ra.egg-info/SOURCES.txt'
[1.859s] running build
[1.859s] running build_py
[1.859s] running install
[1.860s] running install_lib
[1.861s] running install_data
[1.861s] running install_egg_info
[1.863s] removing '/home/miguel/robos_autonomos/install/tb3_ra/lib/python3.10/site-packages/tb3_ra-0.0.0-py3.10.egg-info' (and everything under it)
[1.863s] Copying ../../build/tb3_ra/tb3_ra.egg-info to /home/miguel/robos_autonomos/install/tb3_ra/lib/python3.10/site-packages/tb3_ra-0.0.0-py3.10.egg-info
[1.864s] running install_scripts
[1.887s] Installing map_creator script to /home/miguel/robos_autonomos/install/tb3_ra/lib/tb3_ra
[1.887s] Installing printing_map script to /home/miguel/robos_autonomos/install/tb3_ra/lib/tb3_ra
[1.887s] Installing turtlebot3_control script to /home/miguel/robos_autonomos/install/tb3_ra/lib/tb3_ra
[1.887s] writing list of installed files to '/home/miguel/robos_autonomos/build/tb3_ra/install.log'
[1.925s] Invoked command in '/home/miguel/robos_autonomos/src/tb3_ra' returned '0': PYTHONPATH=/home/miguel/robos_autonomos/build/tb3_ra/prefix_override:/home/miguel/robos_autonomos/install/tb3_ra/lib/python3.10/site-packages:${PYTHONPATH} /usr/bin/python3 setup.py egg_info --egg-base ../../build/tb3_ra build --build-base /home/miguel/robos_autonomos/build/tb3_ra/build install --record /home/miguel/robos_autonomos/build/tb3_ra/install.log --single-version-externally-managed
