[0.679s] Invoking command in '/home/miguel/robos_autonomos/build/tb3_ra_interfaces': CMAKE_PREFIX_PATH=${CMAKE_PREFIX_PATH}:/home/miguel/robos_autonomos/install/tb3_ra:/opt/ros/humble /usr/bin/cmake --build /home/miguel/robos_autonomos/build/tb3_ra_interfaces -- -j8 -l8
[0.774s] [  6%] Built target tb3_ra_interfaces__cpp
[0.774s] [ 12%] Built target tb3_ra_interfaces__rosidl_generator_c
[0.787s] [ 12%] Built target ament_cmake_python_symlink_tb3_ra_interfaces
[0.812s] [ 22%] Built target tb3_ra_interfaces__rosidl_typesupport_c
[0.821s] [ 41%] Built target tb3_ra_interfaces__rosidl_typesupport_introspection_c
[0.821s] [ 41%] Built target tb3_ra_interfaces__rosidl_typesupport_fastrtps_c
[0.831s] [ 51%] Built target tb3_ra_interfaces__rosidl_typesupport_introspection_cpp
[0.832s] [ 61%] Built target tb3_ra_interfaces__rosidl_typesupport_fastrtps_cpp
[0.836s] [ 70%] Built target tb3_ra_interfaces__rosidl_typesupport_cpp
[0.856s] [ 70%] Built target tb3_ra_interfaces
[0.880s] [ 74%] Built target tb3_ra_interfaces__py
[0.906s] [ 80%] Built target tb3_ra_interfaces__rosidl_generator_py
[0.934s] [ 87%] Built target tb3_ra_interfaces__rosidl_typesupport_introspection_c__pyext
[0.935s] [ 93%] Built target tb3_ra_interfaces__rosidl_typesupport_c__pyext
[0.943s] [100%] Built target tb3_ra_interfaces__rosidl_typesupport_fastrtps_c__pyext
[1.182s] running egg_info
[1.183s] writing tb3_ra_interfaces.egg-info/PKG-INFO
[1.184s] writing dependency_links to tb3_ra_interfaces.egg-info/dependency_links.txt
[1.184s] writing top-level names to tb3_ra_interfaces.egg-info/top_level.txt
[1.191s] reading manifest file 'tb3_ra_interfaces.egg-info/SOURCES.txt'
[1.192s] writing manifest file 'tb3_ra_interfaces.egg-info/SOURCES.txt'
[1.252s] [100%] Built target ament_cmake_python_build_tb3_ra_interfaces_egg
[1.264s] Invoked command in '/home/miguel/robos_autonomos/build/tb3_ra_interfaces' returned '0': CMAKE_PREFIX_PATH=${CMAKE_PREFIX_PATH}:/home/miguel/robos_autonomos/install/tb3_ra:/opt/ros/humble /usr/bin/cmake --build /home/miguel/robos_autonomos/build/tb3_ra_interfaces -- -j8 -l8
[1.334s] Invoking command in '/home/miguel/robos_autonomos/build/tb3_ra_interfaces': CMAKE_PREFIX_PATH=${CMAKE_PREFIX_PATH}:/home/miguel/robos_autonomos/install/tb3_ra:/opt/ros/humble /usr/bin/cmake --install /home/miguel/robos_autonomos/build/tb3_ra_interfaces
[1.345s] -- Install configuration: ""
[1.346s] -- Execute custom install script
[1.346s] -- Up-to-date symlink: /home/miguel/robos_autonomos/install/tb3_ra_interfaces/share/ament_index/resource_index/rosidl_interfaces/tb3_ra_interfaces
[1.348s] -- Up-to-date symlink: /home/miguel/robos_autonomos/install/tb3_ra_interfaces/include/tb3_ra_interfaces/tb3_ra_interfaces/msg/detail/grid_map__functions.h
[1.348s] -- Up-to-date symlink: /home/miguel/robos_autonomos/install/tb3_ra_interfaces/include/tb3_ra_interfaces/tb3_ra_interfaces/msg/detail/grid_map__struct.h
[1.348s] -- Up-to-date symlink: /home/miguel/robos_autonomos/install/tb3_ra_interfaces/include/tb3_ra_interfaces/tb3_ra_interfaces/msg/detail/grid_map__type_support.h
[1.348s] -- Up-to-date symlink: /home/miguel/robos_autonomos/install/tb3_ra_interfaces/include/tb3_ra_interfaces/tb3_ra_interfaces/msg/grid_map.h
[1.348s] -- Up-to-date symlink: /home/miguel/robos_autonomos/install/tb3_ra_interfaces/include/tb3_ra_interfaces/tb3_ra_interfaces/msg/rosidl_generator_c__visibility_control.h
[1.349s] -- Up-to-date symlink: /home/miguel/robos_autonomos/install/tb3_ra_interfaces/share/tb3_ra_interfaces/environment/library_path.sh
[1.349s] -- Up-to-date symlink: /home/miguel/robos_autonomos/install/tb3_ra_interfaces/share/tb3_ra_interfaces/environment/library_path.dsv
[1.349s] -- Up-to-date symlink: /home/miguel/robos_autonomos/install/tb3_ra_interfaces/include/tb3_ra_interfaces/tb3_ra_interfaces/msg/detail/grid_map__rosidl_typesupport_fastrtps_c.h
[1.350s] -- Up-to-date symlink: /home/miguel/robos_autonomos/install/tb3_ra_interfaces/include/tb3_ra_interfaces/tb3_ra_interfaces/msg/rosidl_typesupport_fastrtps_c__visibility_control.h
[1.350s] -- Up-to-date symlink: /home/miguel/robos_autonomos/install/tb3_ra_interfaces/include/tb3_ra_interfaces/tb3_ra_interfaces/msg/detail/grid_map__rosidl_typesupport_introspection_c.h
[1.350s] -- Up-to-date symlink: /home/miguel/robos_autonomos/install/tb3_ra_interfaces/include/tb3_ra_interfaces/tb3_ra_interfaces/msg/rosidl_typesupport_introspection_c__visibility_control.h
[1.351s] -- Up-to-date symlink: /home/miguel/robos_autonomos/install/tb3_ra_interfaces/include/tb3_ra_interfaces/tb3_ra_interfaces/msg/detail/grid_map__builder.hpp
[1.352s] -- Up-to-date symlink: /home/miguel/robos_autonomos/install/tb3_ra_interfaces/include/tb3_ra_interfaces/tb3_ra_interfaces/msg/detail/grid_map__struct.hpp
[1.352s] -- Up-to-date symlink: /home/miguel/robos_autonomos/install/tb3_ra_interfaces/include/tb3_ra_interfaces/tb3_ra_interfaces/msg/detail/grid_map__traits.hpp
[1.352s] -- Up-to-date symlink: /home/miguel/robos_autonomos/install/tb3_ra_interfaces/include/tb3_ra_interfaces/tb3_ra_interfaces/msg/grid_map.hpp
[1.352s] -- Up-to-date symlink: /home/miguel/robos_autonomos/install/tb3_ra_interfaces/include/tb3_ra_interfaces/tb3_ra_interfaces/msg/detail/grid_map__rosidl_typesupport_fastrtps_cpp.hpp
[1.352s] -- Up-to-date symlink: /home/miguel/robos_autonomos/install/tb3_ra_interfaces/include/tb3_ra_interfaces/tb3_ra_interfaces/msg/rosidl_typesupport_fastrtps_cpp__visibility_control.h
[1.352s] -- Up-to-date symlink: /home/miguel/robos_autonomos/install/tb3_ra_interfaces/include/tb3_ra_interfaces/tb3_ra_interfaces/msg/detail/grid_map__rosidl_typesupport_introspection_cpp.hpp
[1.352s] -- Up-to-date symlink: /home/miguel/robos_autonomos/install/tb3_ra_interfaces/share/tb3_ra_interfaces/environment/pythonpath.sh
[1.353s] -- Up-to-date symlink: /home/miguel/robos_autonomos/install/tb3_ra_interfaces/share/tb3_ra_interfaces/environment/pythonpath.dsv
[1.353s] -- Up-to-date symlink: /home/miguel/robos_autonomos/install/tb3_ra_interfaces/local/lib/python3.10/dist-packages/tb3_ra_interfaces-0.0.0-py3.10.egg-info/PKG-INFO
[1.353s] -- Up-to-date symlink: /home/miguel/robos_autonomos/install/tb3_ra_interfaces/local/lib/python3.10/dist-packages/tb3_ra_interfaces-0.0.0-py3.10.egg-info/SOURCES.txt
[1.353s] -- Up-to-date symlink: /home/miguel/robos_autonomos/install/tb3_ra_interfaces/local/lib/python3.10/dist-packages/tb3_ra_interfaces-0.0.0-py3.10.egg-info/dependency_links.txt
[1.353s] -- Up-to-date symlink: /home/miguel/robos_autonomos/install/tb3_ra_interfaces/local/lib/python3.10/dist-packages/tb3_ra_interfaces-0.0.0-py3.10.egg-info/top_level.txt
[1.354s] -- Up-to-date symlink: /home/miguel/robos_autonomos/install/tb3_ra_interfaces/local/lib/python3.10/dist-packages/tb3_ra_interfaces/__init__.py
[1.355s] -- Up-to-date symlink: /home/miguel/robos_autonomos/install/tb3_ra_interfaces/local/lib/python3.10/dist-packages/tb3_ra_interfaces/_tb3_ra_interfaces_s.ep.rosidl_typesupport_c.c
[1.355s] -- Up-to-date symlink: /home/miguel/robos_autonomos/install/tb3_ra_interfaces/local/lib/python3.10/dist-packages/tb3_ra_interfaces/_tb3_ra_interfaces_s.ep.rosidl_typesupport_fastrtps_c.c
[1.355s] -- Up-to-date symlink: /home/miguel/robos_autonomos/install/tb3_ra_interfaces/local/lib/python3.10/dist-packages/tb3_ra_interfaces/_tb3_ra_interfaces_s.ep.rosidl_typesupport_introspection_c.c
[1.355s] -- Up-to-date symlink: /home/miguel/robos_autonomos/install/tb3_ra_interfaces/local/lib/python3.10/dist-packages/tb3_ra_interfaces/libtb3_ra_interfaces__rosidl_generator_py.so
[1.355s] -- Up-to-date symlink: /home/miguel/robos_autonomos/install/tb3_ra_interfaces/local/lib/python3.10/dist-packages/tb3_ra_interfaces/msg/__init__.py
[1.356s] -- Up-to-date symlink: /home/miguel/robos_autonomos/install/tb3_ra_interfaces/local/lib/python3.10/dist-packages/tb3_ra_interfaces/msg/_grid_map.py
[1.356s] -- Up-to-date symlink: /home/miguel/robos_autonomos/install/tb3_ra_interfaces/local/lib/python3.10/dist-packages/tb3_ra_interfaces/msg/_grid_map_s.c
[1.356s] -- Up-to-date symlink: /home/miguel/robos_autonomos/install/tb3_ra_interfaces/local/lib/python3.10/dist-packages/tb3_ra_interfaces/tb3_ra_interfaces_s__rosidl_typesupport_c.cpython-310-x86_64-linux-gnu.so
[1.356s] -- Up-to-date symlink: /home/miguel/robos_autonomos/install/tb3_ra_interfaces/local/lib/python3.10/dist-packages/tb3_ra_interfaces/tb3_ra_interfaces_s__rosidl_typesupport_fastrtps_c.cpython-310-x86_64-linux-gnu.so
[1.357s] -- Up-to-date symlink: /home/miguel/robos_autonomos/install/tb3_ra_interfaces/local/lib/python3.10/dist-packages/tb3_ra_interfaces/tb3_ra_interfaces_s__rosidl_typesupport_introspection_c.cpython-310-x86_64-linux-gnu.so
[1.357s] -- Up-to-date symlink: /home/miguel/robos_autonomos/install/tb3_ra_interfaces/local/lib/python3.10/dist-packages/tb3_ra_interfaces/tb3_ra_interfaces_s__rosidl_typesupport_fastrtps_c.cpython-310-x86_64-linux-gnu.so
[1.358s] -- Up-to-date symlink: /home/miguel/robos_autonomos/install/tb3_ra_interfaces/local/lib/python3.10/dist-packages/tb3_ra_interfaces/tb3_ra_interfaces_s__rosidl_typesupport_introspection_c.cpython-310-x86_64-linux-gnu.so
[1.358s] -- Up-to-date symlink: /home/miguel/robos_autonomos/install/tb3_ra_interfaces/local/lib/python3.10/dist-packages/tb3_ra_interfaces/tb3_ra_interfaces_s__rosidl_typesupport_c.cpython-310-x86_64-linux-gnu.so
[1.359s] -- Up-to-date symlink: /home/miguel/robos_autonomos/install/tb3_ra_interfaces/share/tb3_ra_interfaces/msg/GridMap.idl
[1.360s] -- Up-to-date symlink: /home/miguel/robos_autonomos/install/tb3_ra_interfaces/share/tb3_ra_interfaces/msg/GridMap.msg
[1.360s] -- Up-to-date symlink: /home/miguel/robos_autonomos/install/tb3_ra_interfaces/share/ament_index/resource_index/package_run_dependencies/tb3_ra_interfaces
[1.360s] -- Up-to-date symlink: /home/miguel/robos_autonomos/install/tb3_ra_interfaces/share/ament_index/resource_index/parent_prefix_path/tb3_ra_interfaces
[1.361s] -- Up-to-date symlink: /home/miguel/robos_autonomos/install/tb3_ra_interfaces/share/tb3_ra_interfaces/environment/ament_prefix_path.sh
[1.361s] -- Up-to-date symlink: /home/miguel/robos_autonomos/install/tb3_ra_interfaces/share/tb3_ra_interfaces/environment/ament_prefix_path.dsv
[1.361s] -- Up-to-date symlink: /home/miguel/robos_autonomos/install/tb3_ra_interfaces/share/tb3_ra_interfaces/environment/path.sh
[1.361s] -- Up-to-date symlink: /home/miguel/robos_autonomos/install/tb3_ra_interfaces/share/tb3_ra_interfaces/environment/path.dsv
[1.362s] -- Up-to-date symlink: /home/miguel/robos_autonomos/install/tb3_ra_interfaces/share/tb3_ra_interfaces/local_setup.bash
[1.362s] -- Up-to-date symlink: /home/miguel/robos_autonomos/install/tb3_ra_interfaces/share/tb3_ra_interfaces/local_setup.sh
[1.362s] -- Up-to-date symlink: /home/miguel/robos_autonomos/install/tb3_ra_interfaces/share/tb3_ra_interfaces/local_setup.zsh
[1.362s] -- Up-to-date symlink: /home/miguel/robos_autonomos/install/tb3_ra_interfaces/share/tb3_ra_interfaces/local_setup.dsv
[1.362s] -- Symlinking: /home/miguel/robos_autonomos/install/tb3_ra_interfaces/share/tb3_ra_interfaces/package.dsv
[1.371s] -- Up-to-date symlink: /home/miguel/robos_autonomos/install/tb3_ra_interfaces/share/ament_index/resource_index/packages/tb3_ra_interfaces
[1.371s] -- Up-to-date symlink: /home/miguel/robos_autonomos/install/tb3_ra_interfaces/share/tb3_ra_interfaces/cmake/rosidl_cmake-extras.cmake
[1.371s] -- Up-to-date symlink: /home/miguel/robos_autonomos/install/tb3_ra_interfaces/share/tb3_ra_interfaces/cmake/ament_cmake_export_include_directories-extras.cmake
[1.372s] -- Up-to-date symlink: /home/miguel/robos_autonomos/install/tb3_ra_interfaces/share/tb3_ra_interfaces/cmake/ament_cmake_export_libraries-extras.cmake
[1.372s] -- Up-to-date symlink: /home/miguel/robos_autonomos/install/tb3_ra_interfaces/share/tb3_ra_interfaces/cmake/ament_cmake_export_targets-extras.cmake
[1.372s] -- Up-to-date symlink: /home/miguel/robos_autonomos/install/tb3_ra_interfaces/share/tb3_ra_interfaces/cmake/rosidl_cmake_export_typesupport_targets-extras.cmake
[1.372s] -- Up-to-date symlink: /home/miguel/robos_autonomos/install/tb3_ra_interfaces/share/tb3_ra_interfaces/cmake/ament_cmake_export_dependencies-extras.cmake
[1.372s] -- Up-to-date symlink: /home/miguel/robos_autonomos/install/tb3_ra_interfaces/share/tb3_ra_interfaces/cmake/rosidl_cmake_export_typesupport_libraries-extras.cmake
[1.373s] -- Up-to-date symlink: /home/miguel/robos_autonomos/install/tb3_ra_interfaces/share/tb3_ra_interfaces/cmake/tb3_ra_interfacesConfig.cmake
[1.373s] -- Up-to-date symlink: /home/miguel/robos_autonomos/install/tb3_ra_interfaces/share/tb3_ra_interfaces/cmake/tb3_ra_interfacesConfig-version.cmake
[1.373s] -- Up-to-date symlink: /home/miguel/robos_autonomos/install/tb3_ra_interfaces/share/tb3_ra_interfaces/package.xml
[1.373s] -- Up-to-date: /home/miguel/robos_autonomos/install/tb3_ra_interfaces/lib/libtb3_ra_interfaces__rosidl_generator_c.so
[1.374s] -- Up-to-date: /home/miguel/robos_autonomos/install/tb3_ra_interfaces/lib/libtb3_ra_interfaces__rosidl_typesupport_fastrtps_c.so
[1.374s] -- Up-to-date: /home/miguel/robos_autonomos/install/tb3_ra_interfaces/lib/libtb3_ra_interfaces__rosidl_typesupport_introspection_c.so
[1.375s] -- Up-to-date: /home/miguel/robos_autonomos/install/tb3_ra_interfaces/lib/libtb3_ra_interfaces__rosidl_typesupport_c.so
[1.375s] -- Up-to-date: /home/miguel/robos_autonomos/install/tb3_ra_interfaces/lib/libtb3_ra_interfaces__rosidl_typesupport_fastrtps_cpp.so
[1.376s] -- Up-to-date: /home/miguel/robos_autonomos/install/tb3_ra_interfaces/lib/libtb3_ra_interfaces__rosidl_typesupport_introspection_cpp.so
[1.377s] -- Up-to-date: /home/miguel/robos_autonomos/install/tb3_ra_interfaces/lib/libtb3_ra_interfaces__rosidl_typesupport_cpp.so
[1.414s] Listing '/home/miguel/robos_autonomos/install/tb3_ra_interfaces/local/lib/python3.10/dist-packages/tb3_ra_interfaces'...
[1.414s] Listing '/home/miguel/robos_autonomos/install/tb3_ra_interfaces/local/lib/python3.10/dist-packages/tb3_ra_interfaces/msg'...
[1.420s] -- Up-to-date: /home/miguel/robos_autonomos/install/tb3_ra_interfaces/lib/libtb3_ra_interfaces__rosidl_generator_py.so
[1.422s] -- Up-to-date: /home/miguel/robos_autonomos/install/tb3_ra_interfaces/share/tb3_ra_interfaces/cmake/export_tb3_ra_interfaces__rosidl_generator_cExport.cmake
[1.422s] -- Up-to-date: /home/miguel/robos_autonomos/install/tb3_ra_interfaces/share/tb3_ra_interfaces/cmake/export_tb3_ra_interfaces__rosidl_generator_cExport-noconfig.cmake
[1.422s] -- Up-to-date: /home/miguel/robos_autonomos/install/tb3_ra_interfaces/share/tb3_ra_interfaces/cmake/export_tb3_ra_interfaces__rosidl_typesupport_fastrtps_cExport.cmake
[1.422s] -- Up-to-date: /home/miguel/robos_autonomos/install/tb3_ra_interfaces/share/tb3_ra_interfaces/cmake/export_tb3_ra_interfaces__rosidl_typesupport_fastrtps_cExport-noconfig.cmake
[1.423s] -- Up-to-date: /home/miguel/robos_autonomos/install/tb3_ra_interfaces/share/tb3_ra_interfaces/cmake/tb3_ra_interfaces__rosidl_typesupport_introspection_cExport.cmake
[1.423s] -- Up-to-date: /home/miguel/robos_autonomos/install/tb3_ra_interfaces/share/tb3_ra_interfaces/cmake/tb3_ra_interfaces__rosidl_typesupport_introspection_cExport-noconfig.cmake
[1.423s] -- Up-to-date: /home/miguel/robos_autonomos/install/tb3_ra_interfaces/share/tb3_ra_interfaces/cmake/tb3_ra_interfaces__rosidl_typesupport_cExport.cmake
[1.423s] -- Up-to-date: /home/miguel/robos_autonomos/install/tb3_ra_interfaces/share/tb3_ra_interfaces/cmake/tb3_ra_interfaces__rosidl_typesupport_cExport-noconfig.cmake
[1.424s] -- Up-to-date: /home/miguel/robos_autonomos/install/tb3_ra_interfaces/share/tb3_ra_interfaces/cmake/export_tb3_ra_interfaces__rosidl_generator_cppExport.cmake
[1.424s] -- Up-to-date: /home/miguel/robos_autonomos/install/tb3_ra_interfaces/share/tb3_ra_interfaces/cmake/export_tb3_ra_interfaces__rosidl_typesupport_fastrtps_cppExport.cmake
[1.424s] -- Up-to-date: /home/miguel/robos_autonomos/install/tb3_ra_interfaces/share/tb3_ra_interfaces/cmake/export_tb3_ra_interfaces__rosidl_typesupport_fastrtps_cppExport-noconfig.cmake
[1.425s] -- Up-to-date: /home/miguel/robos_autonomos/install/tb3_ra_interfaces/share/tb3_ra_interfaces/cmake/tb3_ra_interfaces__rosidl_typesupport_introspection_cppExport.cmake
[1.425s] -- Up-to-date: /home/miguel/robos_autonomos/install/tb3_ra_interfaces/share/tb3_ra_interfaces/cmake/tb3_ra_interfaces__rosidl_typesupport_introspection_cppExport-noconfig.cmake
[1.425s] -- Up-to-date: /home/miguel/robos_autonomos/install/tb3_ra_interfaces/share/tb3_ra_interfaces/cmake/tb3_ra_interfaces__rosidl_typesupport_cppExport.cmake
[1.425s] -- Up-to-date: /home/miguel/robos_autonomos/install/tb3_ra_interfaces/share/tb3_ra_interfaces/cmake/tb3_ra_interfaces__rosidl_typesupport_cppExport-noconfig.cmake
[1.426s] -- Up-to-date: /home/miguel/robos_autonomos/install/tb3_ra_interfaces/share/tb3_ra_interfaces/cmake/export_tb3_ra_interfaces__rosidl_generator_pyExport.cmake
[1.426s] -- Up-to-date: /home/miguel/robos_autonomos/install/tb3_ra_interfaces/share/tb3_ra_interfaces/cmake/export_tb3_ra_interfaces__rosidl_generator_pyExport-noconfig.cmake
[1.430s] Invoked command in '/home/miguel/robos_autonomos/build/tb3_ra_interfaces' returned '0': CMAKE_PREFIX_PATH=${CMAKE_PREFIX_PATH}:/home/miguel/robos_autonomos/install/tb3_ra:/opt/ros/humble /usr/bin/cmake --install /home/miguel/robos_autonomos/build/tb3_ra_interfaces
