[0.198s] DEBUG:colcon:Command line arguments: ['/usr/bin/colcon', 'build', '--symlink-install']
[0.198s] DEBUG:colcon:Parsed command line arguments: Namespace(log_base=None, log_level=None, verb_name='build', build_base='build', install_base='install', merge_install=False, symlink_install=True, test_result_base=None, continue_on_error=False, executor='parallel', parallel_workers=8, event_handlers=None, ignore_user_meta=False, metas=['./colcon.meta'], base_paths=['.'], packages_ignore=None, packages_ignore_regex=None, paths=None, packages_up_to=None, packages_up_to_regex=None, packages_above=None, packages_above_and_dependencies=None, packages_above_depth=None, packages_select_by_dep=None, packages_skip_by_dep=None, packages_skip_up_to=None, packages_select_build_failed=False, packages_skip_build_finished=False, packages_select_test_failures=False, packages_skip_test_passed=False, packages_select=None, packages_skip=None, packages_select_regex=None, packages_skip_regex=None, packages_start=None, packages_end=None, allow_overriding=[], cmake_args=None, cmake_target=None, cmake_target_skip_unavailable=False, cmake_clean_cache=False, cmake_clean_first=False, cmake_force_configure=False, ament_cmake_args=None, catkin_cmake_args=None, catkin_skip_building_tests=False, verb_parser=<colcon_defaults.argument_parser.defaults.DefaultArgumentsDecorator object at 0x7f699ab4eb00>, verb_extension=<colcon_core.verb.build.BuildVerb object at 0x7f699ab4e590>, main=<bound method BuildVerb.main of <colcon_core.verb.build.BuildVerb object at 0x7f699ab4e590>>)
[0.239s] Level 1:colcon.colcon_core.package_discovery:discover_packages(colcon_meta) check parameters
[0.239s] Level 1:colcon.colcon_core.package_discovery:discover_packages(recursive) check parameters
[0.239s] Level 1:colcon.colcon_core.package_discovery:discover_packages(ignore) check parameters
[0.239s] Level 1:colcon.colcon_core.package_discovery:discover_packages(path) check parameters
[0.239s] Level 1:colcon.colcon_core.package_discovery:discover_packages(colcon_meta) discover
[0.239s] Level 1:colcon.colcon_core.package_discovery:discover_packages(recursive) discover
[0.239s] INFO:colcon.colcon_core.package_discovery:Crawling recursively for packages in '/home/miguel/robos_autonomos'
[0.239s] Level 1:colcon.colcon_core.package_identification:_identify(.) by extensions ['ignore', 'ignore_ament_install']
[0.239s] Level 1:colcon.colcon_core.package_identification:_identify(.) by extension 'ignore'
[0.239s] Level 1:colcon.colcon_core.package_identification:_identify(.) by extension 'ignore_ament_install'
[0.239s] Level 1:colcon.colcon_core.package_identification:_identify(.) by extensions ['colcon_pkg']
[0.239s] Level 1:colcon.colcon_core.package_identification:_identify(.) by extension 'colcon_pkg'
[0.239s] Level 1:colcon.colcon_core.package_identification:_identify(.) by extensions ['colcon_meta']
[0.240s] Level 1:colcon.colcon_core.package_identification:_identify(.) by extension 'colcon_meta'
[0.240s] Level 1:colcon.colcon_core.package_identification:_identify(.) by extensions ['ros']
[0.240s] Level 1:colcon.colcon_core.package_identification:_identify(.) by extension 'ros'
[0.256s] Level 1:colcon.colcon_core.package_identification:_identify(.) by extensions ['cmake', 'python']
[0.256s] Level 1:colcon.colcon_core.package_identification:_identify(.) by extension 'cmake'
[0.256s] Level 1:colcon.colcon_core.package_identification:_identify(.) by extension 'python'
[0.256s] Level 1:colcon.colcon_core.package_identification:_identify(.) by extensions ['python_setup_py']
[0.256s] Level 1:colcon.colcon_core.package_identification:_identify(.) by extension 'python_setup_py'
[0.256s] Level 1:colcon.colcon_core.package_identification:_identify(build) by extensions ['ignore', 'ignore_ament_install']
[0.257s] Level 1:colcon.colcon_core.package_identification:_identify(build) by extension 'ignore'
[0.257s] Level 1:colcon.colcon_core.package_identification:_identify(build) ignored
[0.257s] Level 1:colcon.colcon_core.package_identification:_identify(install) by extensions ['ignore', 'ignore_ament_install']
[0.257s] Level 1:colcon.colcon_core.package_identification:_identify(install) by extension 'ignore'
[0.257s] Level 1:colcon.colcon_core.package_identification:_identify(install) ignored
[0.257s] Level 1:colcon.colcon_core.package_identification:_identify(log) by extensions ['ignore', 'ignore_ament_install']
[0.257s] Level 1:colcon.colcon_core.package_identification:_identify(log) by extension 'ignore'
[0.257s] Level 1:colcon.colcon_core.package_identification:_identify(log) ignored
[0.257s] Level 1:colcon.colcon_core.package_identification:_identify(src) by extensions ['ignore', 'ignore_ament_install']
[0.257s] Level 1:colcon.colcon_core.package_identification:_identify(src) by extension 'ignore'
[0.257s] Level 1:colcon.colcon_core.package_identification:_identify(src) by extension 'ignore_ament_install'
[0.257s] Level 1:colcon.colcon_core.package_identification:_identify(src) by extensions ['colcon_pkg']
[0.257s] Level 1:colcon.colcon_core.package_identification:_identify(src) by extension 'colcon_pkg'
[0.258s] Level 1:colcon.colcon_core.package_identification:_identify(src) by extensions ['colcon_meta']
[0.258s] Level 1:colcon.colcon_core.package_identification:_identify(src) by extension 'colcon_meta'
[0.258s] Level 1:colcon.colcon_core.package_identification:_identify(src) by extensions ['ros']
[0.258s] Level 1:colcon.colcon_core.package_identification:_identify(src) by extension 'ros'
[0.258s] Level 1:colcon.colcon_core.package_identification:_identify(src) by extensions ['cmake', 'python']
[0.258s] Level 1:colcon.colcon_core.package_identification:_identify(src) by extension 'cmake'
[0.258s] Level 1:colcon.colcon_core.package_identification:_identify(src) by extension 'python'
[0.258s] Level 1:colcon.colcon_core.package_identification:_identify(src) by extensions ['python_setup_py']
[0.258s] Level 1:colcon.colcon_core.package_identification:_identify(src) by extension 'python_setup_py'
[0.258s] Level 1:colcon.colcon_core.package_identification:_identify(src/tb3_ra) by extensions ['ignore', 'ignore_ament_install']
[0.258s] Level 1:colcon.colcon_core.package_identification:_identify(src/tb3_ra) by extension 'ignore'
[0.258s] Level 1:colcon.colcon_core.package_identification:_identify(src/tb3_ra) by extension 'ignore_ament_install'
[0.258s] Level 1:colcon.colcon_core.package_identification:_identify(src/tb3_ra) by extensions ['colcon_pkg']
[0.258s] Level 1:colcon.colcon_core.package_identification:_identify(src/tb3_ra) by extension 'colcon_pkg'
[0.258s] Level 1:colcon.colcon_core.package_identification:_identify(src/tb3_ra) by extensions ['colcon_meta']
[0.258s] Level 1:colcon.colcon_core.package_identification:_identify(src/tb3_ra) by extension 'colcon_meta'
[0.259s] Level 1:colcon.colcon_core.package_identification:_identify(src/tb3_ra) by extensions ['ros']
[0.259s] Level 1:colcon.colcon_core.package_identification:_identify(src/tb3_ra) by extension 'ros'
[0.262s] DEBUG:colcon.colcon_core.package_identification:Package 'src/tb3_ra' with type 'ros.ament_python' and name 'tb3_ra'
[0.262s] Level 1:colcon.colcon_core.package_identification:_identify(src/tb3_ra_bringup) by extensions ['ignore', 'ignore_ament_install']
[0.262s] Level 1:colcon.colcon_core.package_identification:_identify(src/tb3_ra_bringup) by extension 'ignore'
[0.262s] Level 1:colcon.colcon_core.package_identification:_identify(src/tb3_ra_bringup) by extension 'ignore_ament_install'
[0.262s] Level 1:colcon.colcon_core.package_identification:_identify(src/tb3_ra_bringup) by extensions ['colcon_pkg']
[0.262s] Level 1:colcon.colcon_core.package_identification:_identify(src/tb3_ra_bringup) by extension 'colcon_pkg'
[0.263s] Level 1:colcon.colcon_core.package_identification:_identify(src/tb3_ra_bringup) by extensions ['colcon_meta']
[0.263s] Level 1:colcon.colcon_core.package_identification:_identify(src/tb3_ra_bringup) by extension 'colcon_meta'
[0.263s] Level 1:colcon.colcon_core.package_identification:_identify(src/tb3_ra_bringup) by extensions ['ros']
[0.263s] Level 1:colcon.colcon_core.package_identification:_identify(src/tb3_ra_bringup) by extension 'ros'
[0.263s] DEBUG:colcon.colcon_core.package_identification:Package 'src/tb3_ra_bringup' with type 'ros.ament_cmake' and name 'tb3_ra_bringup'
[0.264s] Level 1:colcon.colcon_core.package_identification:_identify(src/tb3_ra_interfaces) by extensions ['ignore', 'ignore_ament_install']
[0.264s] Level 1:colcon.colcon_core.package_identification:_identify(src/tb3_ra_interfaces) by extension 'ignore'
[0.264s] Level 1:colcon.colcon_core.package_identification:_identify(src/tb3_ra_interfaces) by extension 'ignore_ament_install'
[0.264s] Level 1:colcon.colcon_core.package_identification:_identify(src/tb3_ra_interfaces) by extensions ['colcon_pkg']
[0.264s] Level 1:colcon.colcon_core.package_identification:_identify(src/tb3_ra_interfaces) by extension 'colcon_pkg'
[0.264s] Level 1:colcon.colcon_core.package_identification:_identify(src/tb3_ra_interfaces) by extensions ['colcon_meta']
[0.264s] Level 1:colcon.colcon_core.package_identification:_identify(src/tb3_ra_interfaces) by extension 'colcon_meta'
[0.264s] Level 1:colcon.colcon_core.package_identification:_identify(src/tb3_ra_interfaces) by extensions ['ros']
[0.264s] Level 1:colcon.colcon_core.package_identification:_identify(src/tb3_ra_interfaces) by extension 'ros'
[0.265s] DEBUG:colcon.colcon_core.package_identification:Package 'src/tb3_ra_interfaces' with type 'ros.ament_cmake' and name 'tb3_ra_interfaces'
[0.265s] Level 1:colcon.colcon_core.package_discovery:discover_packages(recursive) using defaults
[0.265s] Level 1:colcon.colcon_core.package_discovery:discover_packages(ignore) discover
[0.265s] Level 1:colcon.colcon_core.package_discovery:discover_packages(ignore) using defaults
[0.265s] Level 1:colcon.colcon_core.package_discovery:discover_packages(path) discover
[0.265s] Level 1:colcon.colcon_core.package_discovery:discover_packages(path) using defaults
[0.295s] Level 1:colcon.colcon_core.package_discovery:discover_packages(prefix_path) check parameters
[0.295s] Level 1:colcon.colcon_core.package_discovery:discover_packages(prefix_path) discover
[0.301s] DEBUG:colcon.colcon_installed_package_information.package_discovery:Found 3 installed packages in /home/miguel/turtlebot3_ws/install
[0.303s] DEBUG:colcon.colcon_installed_package_information.package_discovery:Found 3 installed packages in /home/miguel/robos_autonomos/install
[0.305s] DEBUG:colcon.colcon_installed_package_information.package_discovery:Found 371 installed packages in /opt/ros/humble
[0.307s] Level 1:colcon.colcon_core.package_discovery:discover_packages(prefix_path) using defaults
[0.394s] Level 5:colcon.colcon_core.verb:set package 'tb3_ra' build argument 'cmake_args' from command line to 'None'
[0.394s] Level 5:colcon.colcon_core.verb:set package 'tb3_ra' build argument 'cmake_target' from command line to 'None'
[0.394s] Level 5:colcon.colcon_core.verb:set package 'tb3_ra' build argument 'cmake_target_skip_unavailable' from command line to 'False'
[0.394s] Level 5:colcon.colcon_core.verb:set package 'tb3_ra' build argument 'cmake_clean_cache' from command line to 'False'
[0.394s] Level 5:colcon.colcon_core.verb:set package 'tb3_ra' build argument 'cmake_clean_first' from command line to 'False'
[0.394s] Level 5:colcon.colcon_core.verb:set package 'tb3_ra' build argument 'cmake_force_configure' from command line to 'False'
[0.394s] Level 5:colcon.colcon_core.verb:set package 'tb3_ra' build argument 'ament_cmake_args' from command line to 'None'
[0.394s] Level 5:colcon.colcon_core.verb:set package 'tb3_ra' build argument 'catkin_cmake_args' from command line to 'None'
[0.394s] Level 5:colcon.colcon_core.verb:set package 'tb3_ra' build argument 'catkin_skip_building_tests' from command line to 'False'
[0.394s] DEBUG:colcon.colcon_core.verb:Building package 'tb3_ra' with the following arguments: {'ament_cmake_args': None, 'build_base': '/home/miguel/robos_autonomos/build/tb3_ra', 'catkin_cmake_args': None, 'catkin_skip_building_tests': False, 'cmake_args': None, 'cmake_clean_cache': False, 'cmake_clean_first': False, 'cmake_force_configure': False, 'cmake_target': None, 'cmake_target_skip_unavailable': False, 'install_base': '/home/miguel/robos_autonomos/install/tb3_ra', 'merge_install': False, 'path': '/home/miguel/robos_autonomos/src/tb3_ra', 'symlink_install': True, 'test_result_base': None}
[0.396s] Level 5:colcon.colcon_core.verb:set package 'tb3_ra_interfaces' build argument 'cmake_args' from command line to 'None'
[0.396s] Level 5:colcon.colcon_core.verb:set package 'tb3_ra_interfaces' build argument 'cmake_target' from command line to 'None'
[0.396s] Level 5:colcon.colcon_core.verb:set package 'tb3_ra_interfaces' build argument 'cmake_target_skip_unavailable' from command line to 'False'
[0.396s] Level 5:colcon.colcon_core.verb:set package 'tb3_ra_interfaces' build argument 'cmake_clean_cache' from command line to 'False'
[0.396s] Level 5:colcon.colcon_core.verb:set package 'tb3_ra_interfaces' build argument 'cmake_clean_first' from command line to 'False'
[0.396s] Level 5:colcon.colcon_core.verb:set package 'tb3_ra_interfaces' build argument 'cmake_force_configure' from command line to 'False'
[0.396s] Level 5:colcon.colcon_core.verb:set package 'tb3_ra_interfaces' build argument 'ament_cmake_args' from command line to 'None'
[0.396s] Level 5:colcon.colcon_core.verb:set package 'tb3_ra_interfaces' build argument 'catkin_cmake_args' from command line to 'None'
[0.396s] Level 5:colcon.colcon_core.verb:set package 'tb3_ra_interfaces' build argument 'catkin_skip_building_tests' from command line to 'False'
[0.396s] DEBUG:colcon.colcon_core.verb:Building package 'tb3_ra_interfaces' with the following arguments: {'ament_cmake_args': None, 'build_base': '/home/miguel/robos_autonomos/build/tb3_ra_interfaces', 'catkin_cmake_args': None, 'catkin_skip_building_tests': False, 'cmake_args': None, 'cmake_clean_cache': False, 'cmake_clean_first': False, 'cmake_force_configure': False, 'cmake_target': None, 'cmake_target_skip_unavailable': False, 'install_base': '/home/miguel/robos_autonomos/install/tb3_ra_interfaces', 'merge_install': False, 'path': '/home/miguel/robos_autonomos/src/tb3_ra_interfaces', 'symlink_install': True, 'test_result_base': None}
[0.397s] Level 5:colcon.colcon_core.verb:set package 'tb3_ra_bringup' build argument 'cmake_args' from command line to 'None'
[0.398s] Level 5:colcon.colcon_core.verb:set package 'tb3_ra_bringup' build argument 'cmake_target' from command line to 'None'
[0.398s] Level 5:colcon.colcon_core.verb:set package 'tb3_ra_bringup' build argument 'cmake_target_skip_unavailable' from command line to 'False'
[0.398s] Level 5:colcon.colcon_core.verb:set package 'tb3_ra_bringup' build argument 'cmake_clean_cache' from command line to 'False'
[0.398s] Level 5:colcon.colcon_core.verb:set package 'tb3_ra_bringup' build argument 'cmake_clean_first' from command line to 'False'
[0.398s] Level 5:colcon.colcon_core.verb:set package 'tb3_ra_bringup' build argument 'cmake_force_configure' from command line to 'False'
[0.398s] Level 5:colcon.colcon_core.verb:set package 'tb3_ra_bringup' build argument 'ament_cmake_args' from command line to 'None'
[0.398s] Level 5:colcon.colcon_core.verb:set package 'tb3_ra_bringup' build argument 'catkin_cmake_args' from command line to 'None'
[0.398s] Level 5:colcon.colcon_core.verb:set package 'tb3_ra_bringup' build argument 'catkin_skip_building_tests' from command line to 'False'
[0.398s] DEBUG:colcon.colcon_core.verb:Building package 'tb3_ra_bringup' with the following arguments: {'ament_cmake_args': None, 'build_base': '/home/miguel/robos_autonomos/build/tb3_ra_bringup', 'catkin_cmake_args': None, 'catkin_skip_building_tests': False, 'cmake_args': None, 'cmake_clean_cache': False, 'cmake_clean_first': False, 'cmake_force_configure': False, 'cmake_target': None, 'cmake_target_skip_unavailable': False, 'install_base': '/home/miguel/robos_autonomos/install/tb3_ra_bringup', 'merge_install': False, 'path': '/home/miguel/robos_autonomos/src/tb3_ra_bringup', 'symlink_install': True, 'test_result_base': None}
[0.399s] INFO:colcon.colcon_core.executor:Executing jobs using 'parallel' executor
[0.403s] DEBUG:colcon.colcon_parallel_executor.executor.parallel:run_until_complete
[0.403s] INFO:colcon.colcon_ros.task.ament_python.build:Building ROS package in '/home/miguel/robos_autonomos/src/tb3_ra' with build type 'ament_python'
[0.403s] Level 1:colcon.colcon_core.shell:create_environment_hook('tb3_ra', 'ament_prefix_path')
[0.409s] INFO:colcon.colcon_core.plugin_system:Skipping extension 'colcon_core.shell.bat': Not used on non-Windows systems
[0.409s] INFO:colcon.colcon_core.shell:Creating environment hook '/home/miguel/robos_autonomos/install/tb3_ra/share/tb3_ra/hook/ament_prefix_path.ps1'
[0.410s] INFO:colcon.colcon_core.shell:Creating environment descriptor '/home/miguel/robos_autonomos/install/tb3_ra/share/tb3_ra/hook/ament_prefix_path.dsv'
[0.410s] INFO:colcon.colcon_core.shell:Creating environment hook '/home/miguel/robos_autonomos/install/tb3_ra/share/tb3_ra/hook/ament_prefix_path.sh'
[0.413s] INFO:colcon.colcon_core.shell:Skip shell extension 'powershell' for command environment: Not usable outside of PowerShell
[0.413s] DEBUG:colcon.colcon_core.shell:Skip shell extension 'dsv' for command environment
[0.420s] INFO:colcon.colcon_ros.task.ament_cmake.build:Building ROS package in '/home/miguel/robos_autonomos/src/tb3_ra_interfaces' with build type 'ament_cmake'
[0.421s] INFO:colcon.colcon_cmake.task.cmake.build:Building CMake package in '/home/miguel/robos_autonomos/src/tb3_ra_interfaces'
[0.422s] INFO:colcon.colcon_core.shell:Skip shell extension 'powershell' for command environment: Not usable outside of PowerShell
[0.422s] DEBUG:colcon.colcon_core.shell:Skip shell extension 'dsv' for command environment
[0.782s] INFO:colcon.colcon_core.task.python.build:Building Python package in '/home/miguel/robos_autonomos/src/tb3_ra'
[0.784s] INFO:colcon.colcon_core.shell:Skip shell extension 'powershell' for command environment: Not usable outside of PowerShell
[0.784s] DEBUG:colcon.colcon_core.shell:Skip shell extension 'dsv' for command environment
[0.797s] DEBUG:colcon.colcon_core.event_handler.log_command:Invoking command in '/home/miguel/robos_autonomos/build/tb3_ra_interfaces': CMAKE_PREFIX_PATH=${CMAKE_PREFIX_PATH}:/home/miguel/robos_autonomos/install/tb3_ra:/opt/ros/humble /usr/bin/cmake --build /home/miguel/robos_autonomos/build/tb3_ra_interfaces -- -j8 -l8
[1.360s] DEBUG:colcon.colcon_core.event_handler.log_command:Invoking command in '/home/miguel/robos_autonomos/build/tb3_ra': PYTHONPATH=/home/miguel/robos_autonomos/build/tb3_ra/prefix_override:/home/miguel/robos_autonomos/install/tb3_ra/lib/python3.10/site-packages:${PYTHONPATH} /usr/bin/python3 setup.py develop --editable --build-directory /home/miguel/robos_autonomos/build/tb3_ra/build --no-deps install_data
[2.048s] Level 1:colcon.colcon_core.shell:create_environment_hook('tb3_ra', 'pythonpath_develop')
[2.051s] INFO:colcon.colcon_core.shell:Creating environment hook '/home/miguel/robos_autonomos/build/tb3_ra/share/tb3_ra/hook/pythonpath_develop.ps1'
[2.052s] DEBUG:colcon.colcon_core.event_handler.log_command:Invoked command in '/home/miguel/robos_autonomos/build/tb3_ra' returned '0': PYTHONPATH=/home/miguel/robos_autonomos/build/tb3_ra/prefix_override:/home/miguel/robos_autonomos/install/tb3_ra/lib/python3.10/site-packages:${PYTHONPATH} /usr/bin/python3 setup.py develop --editable --build-directory /home/miguel/robos_autonomos/build/tb3_ra/build --no-deps install_data
[2.053s] INFO:colcon.colcon_core.shell:Creating environment descriptor '/home/miguel/robos_autonomos/build/tb3_ra/share/tb3_ra/hook/pythonpath_develop.dsv'
[2.054s] INFO:colcon.colcon_core.shell:Creating environment hook '/home/miguel/robos_autonomos/build/tb3_ra/share/tb3_ra/hook/pythonpath_develop.sh'
[2.063s] Level 1:colcon.colcon_core.environment:checking '/home/miguel/robos_autonomos/install/tb3_ra' for CMake module files
[2.064s] Level 1:colcon.colcon_core.environment:checking '/home/miguel/robos_autonomos/install/tb3_ra' for CMake config files
[2.065s] Level 1:colcon.colcon_core.environment:checking '/home/miguel/robos_autonomos/install/tb3_ra/lib'
[2.065s] Level 1:colcon.colcon_core.environment:checking '/home/miguel/robos_autonomos/install/tb3_ra/bin'
[2.065s] Level 1:colcon.colcon_core.environment:checking '/home/miguel/robos_autonomos/install/tb3_ra/lib/pkgconfig/tb3_ra.pc'
[2.066s] Level 1:colcon.colcon_core.environment:checking '/home/miguel/robos_autonomos/install/tb3_ra/lib/python3.10/site-packages'
[2.066s] Level 1:colcon.colcon_core.shell:create_environment_hook('tb3_ra', 'pythonpath')
[2.069s] INFO:colcon.colcon_core.shell:Creating environment hook '/home/miguel/robos_autonomos/install/tb3_ra/share/tb3_ra/hook/pythonpath.ps1'
[2.069s] INFO:colcon.colcon_core.shell:Creating environment descriptor '/home/miguel/robos_autonomos/install/tb3_ra/share/tb3_ra/hook/pythonpath.dsv'
[2.070s] INFO:colcon.colcon_core.shell:Creating environment hook '/home/miguel/robos_autonomos/install/tb3_ra/share/tb3_ra/hook/pythonpath.sh'
[2.071s] Level 1:colcon.colcon_core.environment:checking '/home/miguel/robos_autonomos/install/tb3_ra/bin'
[2.071s] Level 1:colcon.colcon_core.environment:create_environment_scripts_only(tb3_ra)
[2.073s] INFO:colcon.colcon_core.shell:Creating package script '/home/miguel/robos_autonomos/install/tb3_ra/share/tb3_ra/package.ps1'
[2.075s] INFO:colcon.colcon_core.shell:Creating package descriptor '/home/miguel/robos_autonomos/install/tb3_ra/share/tb3_ra/package.dsv'
[2.076s] INFO:colcon.colcon_core.shell:Creating package script '/home/miguel/robos_autonomos/install/tb3_ra/share/tb3_ra/package.sh'
[2.077s] INFO:colcon.colcon_core.shell:Creating package script '/home/miguel/robos_autonomos/install/tb3_ra/share/tb3_ra/package.bash'
[2.079s] INFO:colcon.colcon_core.shell:Creating package script '/home/miguel/robos_autonomos/install/tb3_ra/share/tb3_ra/package.zsh'
[2.080s] Level 1:colcon.colcon_core.environment:create_file_with_runtime_dependencies(/home/miguel/robos_autonomos/install/tb3_ra/share/colcon-core/packages/tb3_ra)
[2.081s] INFO:colcon.colcon_ros.task.ament_cmake.build:Building ROS package in '/home/miguel/robos_autonomos/src/tb3_ra_bringup' with build type 'ament_cmake'
[2.081s] INFO:colcon.colcon_cmake.task.cmake.build:Building CMake package in '/home/miguel/robos_autonomos/src/tb3_ra_bringup'
[2.083s] INFO:colcon.colcon_core.shell:Skip shell extension 'powershell' for command environment: Not usable outside of PowerShell
[2.083s] DEBUG:colcon.colcon_core.shell:Skip shell extension 'dsv' for command environment
[2.101s] DEBUG:colcon.colcon_core.event_handler.log_command:Invoking command in '/home/miguel/robos_autonomos/build/tb3_ra_bringup': AMENT_PREFIX_PATH=/home/miguel/robos_autonomos/install/tb3_ra:/home/miguel/robos_autonomos/install/tb3_ra_interfaces:/home/miguel/robos_autonomos/install/tb3_ra_bringup:/home/miguel/turtlebot3_ws/install/turtlebot3_simulations:/home/miguel/turtlebot3_ws/install/turtlebot3_gazebo:/home/miguel/turtlebot3_ws/install/turtlebot3_fake_node:/opt/ros/humble CMAKE_PREFIX_PATH=${CMAKE_PREFIX_PATH}:/home/miguel/robos_autonomos/install/tb3_ra:/opt/ros/humble PYTHONPATH=/home/miguel/robos_autonomos/build/tb3_ra:/home/miguel/robos_autonomos/install/tb3_ra/lib/python3.10/site-packages:/home/miguel/robos_autonomos/install/tb3_ra_interfaces/local/lib/python3.10/dist-packages:/opt/ros/humble/lib/python3.10/site-packages:/opt/ros/humble/local/lib/python3.10/dist-packages /usr/bin/cmake --build /home/miguel/robos_autonomos/build/tb3_ra_bringup -- -j8 -l8
[2.150s] DEBUG:colcon.colcon_core.event_handler.log_command:Invoked command in '/home/miguel/robos_autonomos/build/tb3_ra_bringup' returned '0': AMENT_PREFIX_PATH=/home/miguel/robos_autonomos/install/tb3_ra:/home/miguel/robos_autonomos/install/tb3_ra_interfaces:/home/miguel/robos_autonomos/install/tb3_ra_bringup:/home/miguel/turtlebot3_ws/install/turtlebot3_simulations:/home/miguel/turtlebot3_ws/install/turtlebot3_gazebo:/home/miguel/turtlebot3_ws/install/turtlebot3_fake_node:/opt/ros/humble CMAKE_PREFIX_PATH=${CMAKE_PREFIX_PATH}:/home/miguel/robos_autonomos/install/tb3_ra:/opt/ros/humble PYTHONPATH=/home/miguel/robos_autonomos/build/tb3_ra:/home/miguel/robos_autonomos/install/tb3_ra/lib/python3.10/site-packages:/home/miguel/robos_autonomos/install/tb3_ra_interfaces/local/lib/python3.10/dist-packages:/opt/ros/humble/lib/python3.10/site-packages:/opt/ros/humble/local/lib/python3.10/dist-packages /usr/bin/cmake --build /home/miguel/robos_autonomos/build/tb3_ra_bringup -- -j8 -l8
[2.187s] DEBUG:colcon.colcon_core.event_handler.log_command:Invoking command in '/home/miguel/robos_autonomos/build/tb3_ra_bringup': AMENT_PREFIX_PATH=/home/miguel/robos_autonomos/install/tb3_ra:/home/miguel/robos_autonomos/install/tb3_ra_interfaces:/home/miguel/robos_autonomos/install/tb3_ra_bringup:/home/miguel/turtlebot3_ws/install/turtlebot3_simulations:/home/miguel/turtlebot3_ws/install/turtlebot3_gazebo:/home/miguel/turtlebot3_ws/install/turtlebot3_fake_node:/opt/ros/humble CMAKE_PREFIX_PATH=${CMAKE_PREFIX_PATH}:/home/miguel/robos_autonomos/install/tb3_ra:/opt/ros/humble PYTHONPATH=/home/miguel/robos_autonomos/build/tb3_ra:/home/miguel/robos_autonomos/install/tb3_ra/lib/python3.10/site-packages:/home/miguel/robos_autonomos/install/tb3_ra_interfaces/local/lib/python3.10/dist-packages:/opt/ros/humble/lib/python3.10/site-packages:/opt/ros/humble/local/lib/python3.10/dist-packages /usr/bin/cmake --install /home/miguel/robos_autonomos/build/tb3_ra_bringup
[2.212s] Level 1:colcon.colcon_core.environment:create_environment_scripts_only(tb3_ra_bringup)
[2.214s] Level 1:colcon.colcon_core.environment:checking '/home/miguel/robos_autonomos/install/tb3_ra_bringup' for CMake module files
[2.215s] DEBUG:colcon.colcon_core.event_handler.log_command:Invoked command in '/home/miguel/robos_autonomos/build/tb3_ra_bringup' returned '0': AMENT_PREFIX_PATH=/home/miguel/robos_autonomos/install/tb3_ra:/home/miguel/robos_autonomos/install/tb3_ra_interfaces:/home/miguel/robos_autonomos/install/tb3_ra_bringup:/home/miguel/turtlebot3_ws/install/turtlebot3_simulations:/home/miguel/turtlebot3_ws/install/turtlebot3_gazebo:/home/miguel/turtlebot3_ws/install/turtlebot3_fake_node:/opt/ros/humble CMAKE_PREFIX_PATH=${CMAKE_PREFIX_PATH}:/home/miguel/robos_autonomos/install/tb3_ra:/opt/ros/humble PYTHONPATH=/home/miguel/robos_autonomos/build/tb3_ra:/home/miguel/robos_autonomos/install/tb3_ra/lib/python3.10/site-packages:/home/miguel/robos_autonomos/install/tb3_ra_interfaces/local/lib/python3.10/dist-packages:/opt/ros/humble/lib/python3.10/site-packages:/opt/ros/humble/local/lib/python3.10/dist-packages /usr/bin/cmake --install /home/miguel/robos_autonomos/build/tb3_ra_bringup
[2.215s] Level 1:colcon.colcon_core.environment:checking '/home/miguel/robos_autonomos/install/tb3_ra_bringup' for CMake config files
[2.216s] Level 1:colcon.colcon_core.shell:create_environment_hook('tb3_ra_bringup', 'cmake_prefix_path')
[2.218s] INFO:colcon.colcon_core.shell:Creating environment hook '/home/miguel/robos_autonomos/install/tb3_ra_bringup/share/tb3_ra_bringup/hook/cmake_prefix_path.ps1'
[2.218s] INFO:colcon.colcon_core.shell:Creating environment descriptor '/home/miguel/robos_autonomos/install/tb3_ra_bringup/share/tb3_ra_bringup/hook/cmake_prefix_path.dsv'
[2.219s] INFO:colcon.colcon_core.shell:Creating environment hook '/home/miguel/robos_autonomos/install/tb3_ra_bringup/share/tb3_ra_bringup/hook/cmake_prefix_path.sh'
[2.220s] Level 1:colcon.colcon_core.environment:checking '/home/miguel/robos_autonomos/install/tb3_ra_bringup/bin'
[2.220s] Level 1:colcon.colcon_core.environment:checking '/home/miguel/robos_autonomos/install/tb3_ra_bringup/lib/pkgconfig/tb3_ra_bringup.pc'
[2.220s] Level 1:colcon.colcon_core.environment:checking '/home/miguel/robos_autonomos/install/tb3_ra_bringup/lib/python3.10/site-packages'
[2.221s] Level 1:colcon.colcon_core.environment:checking '/home/miguel/robos_autonomos/install/tb3_ra_bringup/bin'
[2.223s] INFO:colcon.colcon_core.shell:Creating package script '/home/miguel/robos_autonomos/install/tb3_ra_bringup/share/tb3_ra_bringup/package.ps1'
[2.224s] INFO:colcon.colcon_core.shell:Creating package descriptor '/home/miguel/robos_autonomos/install/tb3_ra_bringup/share/tb3_ra_bringup/package.dsv'
[2.225s] INFO:colcon.colcon_core.shell:Creating package script '/home/miguel/robos_autonomos/install/tb3_ra_bringup/share/tb3_ra_bringup/package.sh'
[2.225s] INFO:colcon.colcon_core.shell:Creating package script '/home/miguel/robos_autonomos/install/tb3_ra_bringup/share/tb3_ra_bringup/package.bash'
[2.226s] INFO:colcon.colcon_core.shell:Creating package script '/home/miguel/robos_autonomos/install/tb3_ra_bringup/share/tb3_ra_bringup/package.zsh'
[2.226s] Level 1:colcon.colcon_core.environment:create_file_with_runtime_dependencies(/home/miguel/robos_autonomos/install/tb3_ra_bringup/share/colcon-core/packages/tb3_ra_bringup)
[2.251s] Level 1:colcon.colcon_core.environment:create_environment_scripts_only(tb3_ra_bringup)
[2.255s] Level 1:colcon.colcon_core.environment:checking '/home/miguel/robos_autonomos/install/tb3_ra_bringup' for CMake module files
[2.256s] Level 1:colcon.colcon_core.environment:checking '/home/miguel/robos_autonomos/install/tb3_ra_bringup' for CMake config files
[2.256s] Level 1:colcon.colcon_core.shell:create_environment_hook('tb3_ra_bringup', 'cmake_prefix_path')
[2.258s] INFO:colcon.colcon_core.shell:Creating environment hook '/home/miguel/robos_autonomos/install/tb3_ra_bringup/share/tb3_ra_bringup/hook/cmake_prefix_path.ps1'
[2.259s] INFO:colcon.colcon_core.shell:Creating environment descriptor '/home/miguel/robos_autonomos/install/tb3_ra_bringup/share/tb3_ra_bringup/hook/cmake_prefix_path.dsv'
[2.259s] INFO:colcon.colcon_core.shell:Creating environment hook '/home/miguel/robos_autonomos/install/tb3_ra_bringup/share/tb3_ra_bringup/hook/cmake_prefix_path.sh'
[2.260s] Level 1:colcon.colcon_core.environment:checking '/home/miguel/robos_autonomos/install/tb3_ra_bringup/bin'
[2.260s] Level 1:colcon.colcon_core.environment:checking '/home/miguel/robos_autonomos/install/tb3_ra_bringup/lib/pkgconfig/tb3_ra_bringup.pc'
[2.261s] Level 1:colcon.colcon_core.environment:checking '/home/miguel/robos_autonomos/install/tb3_ra_bringup/lib/python3.10/site-packages'
[2.261s] Level 1:colcon.colcon_core.environment:checking '/home/miguel/robos_autonomos/install/tb3_ra_bringup/bin'
[2.263s] INFO:colcon.colcon_core.shell:Creating package script '/home/miguel/robos_autonomos/install/tb3_ra_bringup/share/tb3_ra_bringup/package.ps1'
[2.264s] INFO:colcon.colcon_core.shell:Creating package descriptor '/home/miguel/robos_autonomos/install/tb3_ra_bringup/share/tb3_ra_bringup/package.dsv'
[2.264s] INFO:colcon.colcon_core.shell:Creating package script '/home/miguel/robos_autonomos/install/tb3_ra_bringup/share/tb3_ra_bringup/package.sh'
[2.265s] INFO:colcon.colcon_core.shell:Creating package script '/home/miguel/robos_autonomos/install/tb3_ra_bringup/share/tb3_ra_bringup/package.bash'
[2.266s] INFO:colcon.colcon_core.shell:Creating package script '/home/miguel/robos_autonomos/install/tb3_ra_bringup/share/tb3_ra_bringup/package.zsh'
[2.267s] Level 1:colcon.colcon_core.environment:create_file_with_runtime_dependencies(/home/miguel/robos_autonomos/install/tb3_ra_bringup/share/colcon-core/packages/tb3_ra_bringup)
[5.480s] DEBUG:colcon.colcon_core.event_handler.log_command:Invoked command in '/home/miguel/robos_autonomos/build/tb3_ra_interfaces' returned '0': CMAKE_PREFIX_PATH=${CMAKE_PREFIX_PATH}:/home/miguel/robos_autonomos/install/tb3_ra:/opt/ros/humble /usr/bin/cmake --build /home/miguel/robos_autonomos/build/tb3_ra_interfaces -- -j8 -l8
[5.535s] DEBUG:colcon.colcon_core.event_handler.log_command:Invoking command in '/home/miguel/robos_autonomos/build/tb3_ra_interfaces': CMAKE_PREFIX_PATH=${CMAKE_PREFIX_PATH}:/home/miguel/robos_autonomos/install/tb3_ra:/opt/ros/humble /usr/bin/cmake --install /home/miguel/robos_autonomos/build/tb3_ra_interfaces
[5.620s] Level 1:colcon.colcon_core.environment:create_environment_scripts_only(tb3_ra_interfaces)
[5.622s] Level 1:colcon.colcon_core.environment:checking '/home/miguel/robos_autonomos/install/tb3_ra_interfaces' for CMake module files
[5.622s] DEBUG:colcon.colcon_core.event_handler.log_command:Invoked command in '/home/miguel/robos_autonomos/build/tb3_ra_interfaces' returned '0': CMAKE_PREFIX_PATH=${CMAKE_PREFIX_PATH}:/home/miguel/robos_autonomos/install/tb3_ra:/opt/ros/humble /usr/bin/cmake --install /home/miguel/robos_autonomos/build/tb3_ra_interfaces
[5.624s] Level 1:colcon.colcon_core.environment:checking '/home/miguel/robos_autonomos/install/tb3_ra_interfaces' for CMake config files
[5.624s] Level 1:colcon.colcon_core.shell:create_environment_hook('tb3_ra_interfaces', 'cmake_prefix_path')
[5.626s] INFO:colcon.colcon_core.shell:Creating environment hook '/home/miguel/robos_autonomos/install/tb3_ra_interfaces/share/tb3_ra_interfaces/hook/cmake_prefix_path.ps1'
[5.627s] INFO:colcon.colcon_core.shell:Creating environment descriptor '/home/miguel/robos_autonomos/install/tb3_ra_interfaces/share/tb3_ra_interfaces/hook/cmake_prefix_path.dsv'
[5.628s] INFO:colcon.colcon_core.shell:Creating environment hook '/home/miguel/robos_autonomos/install/tb3_ra_interfaces/share/tb3_ra_interfaces/hook/cmake_prefix_path.sh'
[5.629s] Level 1:colcon.colcon_core.environment:checking '/home/miguel/robos_autonomos/install/tb3_ra_interfaces/lib'
[5.629s] Level 1:colcon.colcon_core.shell:create_environment_hook('tb3_ra_interfaces', 'ld_library_path_lib')
[5.632s] INFO:colcon.colcon_core.shell:Creating environment hook '/home/miguel/robos_autonomos/install/tb3_ra_interfaces/share/tb3_ra_interfaces/hook/ld_library_path_lib.ps1'
[5.632s] INFO:colcon.colcon_core.shell:Creating environment descriptor '/home/miguel/robos_autonomos/install/tb3_ra_interfaces/share/tb3_ra_interfaces/hook/ld_library_path_lib.dsv'
[5.633s] INFO:colcon.colcon_core.shell:Creating environment hook '/home/miguel/robos_autonomos/install/tb3_ra_interfaces/share/tb3_ra_interfaces/hook/ld_library_path_lib.sh'
[5.633s] Level 1:colcon.colcon_core.environment:checking '/home/miguel/robos_autonomos/install/tb3_ra_interfaces/bin'
[5.633s] Level 1:colcon.colcon_core.environment:checking '/home/miguel/robos_autonomos/install/tb3_ra_interfaces/lib/pkgconfig/tb3_ra_interfaces.pc'
[5.634s] Level 1:colcon.colcon_core.environment:checking '/home/miguel/robos_autonomos/install/tb3_ra_interfaces/lib/python3.10/site-packages'
[5.634s] Level 1:colcon.colcon_core.environment:checking '/home/miguel/robos_autonomos/install/tb3_ra_interfaces/bin'
[5.636s] INFO:colcon.colcon_core.shell:Creating package script '/home/miguel/robos_autonomos/install/tb3_ra_interfaces/share/tb3_ra_interfaces/package.ps1'
[5.637s] INFO:colcon.colcon_core.shell:Creating package descriptor '/home/miguel/robos_autonomos/install/tb3_ra_interfaces/share/tb3_ra_interfaces/package.dsv'
[5.637s] INFO:colcon.colcon_core.shell:Creating package script '/home/miguel/robos_autonomos/install/tb3_ra_interfaces/share/tb3_ra_interfaces/package.sh'
[5.638s] INFO:colcon.colcon_core.shell:Creating package script '/home/miguel/robos_autonomos/install/tb3_ra_interfaces/share/tb3_ra_interfaces/package.bash'
[5.639s] INFO:colcon.colcon_core.shell:Creating package script '/home/miguel/robos_autonomos/install/tb3_ra_interfaces/share/tb3_ra_interfaces/package.zsh'
[5.639s] Level 1:colcon.colcon_core.environment:create_file_with_runtime_dependencies(/home/miguel/robos_autonomos/install/tb3_ra_interfaces/share/colcon-core/packages/tb3_ra_interfaces)
[5.702s] Level 1:colcon.colcon_core.environment:create_environment_scripts_only(tb3_ra_interfaces)
[5.704s] Level 1:colcon.colcon_core.environment:checking '/home/miguel/robos_autonomos/install/tb3_ra_interfaces' for CMake module files
[5.705s] Level 1:colcon.colcon_core.environment:checking '/home/miguel/robos_autonomos/install/tb3_ra_interfaces' for CMake config files
[5.705s] Level 1:colcon.colcon_core.shell:create_environment_hook('tb3_ra_interfaces', 'cmake_prefix_path')
[5.707s] INFO:colcon.colcon_core.shell:Creating environment hook '/home/miguel/robos_autonomos/install/tb3_ra_interfaces/share/tb3_ra_interfaces/hook/cmake_prefix_path.ps1'
[5.708s] INFO:colcon.colcon_core.shell:Creating environment descriptor '/home/miguel/robos_autonomos/install/tb3_ra_interfaces/share/tb3_ra_interfaces/hook/cmake_prefix_path.dsv'
[5.708s] INFO:colcon.colcon_core.shell:Creating environment hook '/home/miguel/robos_autonomos/install/tb3_ra_interfaces/share/tb3_ra_interfaces/hook/cmake_prefix_path.sh'
[5.709s] Level 1:colcon.colcon_core.environment:checking '/home/miguel/robos_autonomos/install/tb3_ra_interfaces/lib'
[5.709s] Level 1:colcon.colcon_core.shell:create_environment_hook('tb3_ra_interfaces', 'ld_library_path_lib')
[5.711s] INFO:colcon.colcon_core.shell:Creating environment hook '/home/miguel/robos_autonomos/install/tb3_ra_interfaces/share/tb3_ra_interfaces/hook/ld_library_path_lib.ps1'
[5.712s] INFO:colcon.colcon_core.shell:Creating environment descriptor '/home/miguel/robos_autonomos/install/tb3_ra_interfaces/share/tb3_ra_interfaces/hook/ld_library_path_lib.dsv'
[5.712s] INFO:colcon.colcon_core.shell:Creating environment hook '/home/miguel/robos_autonomos/install/tb3_ra_interfaces/share/tb3_ra_interfaces/hook/ld_library_path_lib.sh'
[5.713s] Level 1:colcon.colcon_core.environment:checking '/home/miguel/robos_autonomos/install/tb3_ra_interfaces/bin'
[5.713s] Level 1:colcon.colcon_core.environment:checking '/home/miguel/robos_autonomos/install/tb3_ra_interfaces/lib/pkgconfig/tb3_ra_interfaces.pc'
[5.713s] Level 1:colcon.colcon_core.environment:checking '/home/miguel/robos_autonomos/install/tb3_ra_interfaces/lib/python3.10/site-packages'
[5.713s] Level 1:colcon.colcon_core.environment:checking '/home/miguel/robos_autonomos/install/tb3_ra_interfaces/bin'
[5.715s] INFO:colcon.colcon_core.shell:Creating package script '/home/miguel/robos_autonomos/install/tb3_ra_interfaces/share/tb3_ra_interfaces/package.ps1'
[5.716s] INFO:colcon.colcon_core.shell:Creating package descriptor '/home/miguel/robos_autonomos/install/tb3_ra_interfaces/share/tb3_ra_interfaces/package.dsv'
[5.716s] INFO:colcon.colcon_core.shell:Creating package script '/home/miguel/robos_autonomos/install/tb3_ra_interfaces/share/tb3_ra_interfaces/package.sh'
[5.717s] INFO:colcon.colcon_core.shell:Creating package script '/home/miguel/robos_autonomos/install/tb3_ra_interfaces/share/tb3_ra_interfaces/package.bash'
[5.717s] INFO:colcon.colcon_core.shell:Creating package script '/home/miguel/robos_autonomos/install/tb3_ra_interfaces/share/tb3_ra_interfaces/package.zsh'
[5.718s] Level 1:colcon.colcon_core.environment:create_file_with_runtime_dependencies(/home/miguel/robos_autonomos/install/tb3_ra_interfaces/share/colcon-core/packages/tb3_ra_interfaces)
[5.718s] DEBUG:colcon.colcon_parallel_executor.executor.parallel:closing loop
[5.719s] DEBUG:colcon.colcon_parallel_executor.executor.parallel:loop closed
[5.719s] DEBUG:colcon.colcon_parallel_executor.executor.parallel:run_until_complete finished with '0'
[5.719s] DEBUG:colcon.colcon_core.event_reactor:joining thread
[5.728s] INFO:colcon.colcon_core.plugin_system:Skipping extension 'colcon_notification.desktop_notification.terminal_notifier': Not used on non-Darwin systems
[5.729s] INFO:colcon.colcon_core.plugin_system:Skipping extension 'colcon_notification.desktop_notification.win32': Not used on non-Windows systems
[5.729s] INFO:colcon.colcon_notification.desktop_notification:Sending desktop notification using 'notify2'
[5.745s] DEBUG:colcon.colcon_core.event_reactor:joined thread
[5.747s] INFO:colcon.colcon_core.shell:Creating prefix script '/home/miguel/robos_autonomos/install/local_setup.ps1'
[5.748s] INFO:colcon.colcon_core.shell:Creating prefix util module '/home/miguel/robos_autonomos/install/_local_setup_util_ps1.py'
[5.750s] INFO:colcon.colcon_core.shell:Creating prefix chain script '/home/miguel/robos_autonomos/install/setup.ps1'
[5.752s] INFO:colcon.colcon_core.shell:Creating prefix script '/home/miguel/robos_autonomos/install/local_setup.sh'
[5.753s] INFO:colcon.colcon_core.shell:Creating prefix util module '/home/miguel/robos_autonomos/install/_local_setup_util_sh.py'
[5.754s] INFO:colcon.colcon_core.shell:Creating prefix chain script '/home/miguel/robos_autonomos/install/setup.sh'
[5.757s] INFO:colcon.colcon_core.shell:Creating prefix script '/home/miguel/robos_autonomos/install/local_setup.bash'
[5.758s] INFO:colcon.colcon_core.shell:Creating prefix chain script '/home/miguel/robos_autonomos/install/setup.bash'
[5.760s] INFO:colcon.colcon_core.shell:Creating prefix script '/home/miguel/robos_autonomos/install/local_setup.zsh'
[5.761s] INFO:colcon.colcon_core.shell:Creating prefix chain script '/home/miguel/robos_autonomos/install/setup.zsh'
