[0.567s] Invoking command in '/home/miguel/robos_autonomos/build/tb3_ra_interfaces': CMAKE_PREFIX_PATH=${CMAKE_PREFIX_PATH}:/home/miguel/robos_autonomos/install/tb3_ra2:/home/miguel/robos_autonomos/install/tb3_ra:/opt/ros/humble /usr/bin/cmake /home/miguel/robos_autonomos/src/tb3_ra_interfaces -DCMAKE_INSTALL_PREFIX=/home/miguel/robos_autonomos/install/tb3_ra_interfaces
[0.609s] -- Found ament_cmake: 1.3.3 (/opt/ros/humble/share/ament_cmake/cmake)
[0.771s] -- Override CMake install command with custom implementation using symlinks instead of copying resources
[0.796s] -- Found rosidl_default_generators: 1.2.0 (/opt/ros/humble/share/rosidl_default_generators/cmake)
[0.803s] -- Using all available rosidl_typesupport_c: rosidl_typesupport_fastrtps_c;rosidl_typesupport_introspection_c
[0.810s] -- Found rosidl_adapter: 3.1.4 (/opt/ros/humble/share/rosidl_adapter/cmake)
[0.874s] -- Using all available rosidl_typesupport_cpp: rosidl_typesupport_fastrtps_cpp;rosidl_typesupport_introspection_cpp
[1.211s] -- Found ament_cmake_ros: 0.10.0 (/opt/ros/humble/share/ament_cmake_ros/cmake)
[1.408s] -- Using all available rosidl_typesupport_c: rosidl_typesupport_fastrtps_c;rosidl_typesupport_introspection_c
[1.667s] -- Using all available rosidl_typesupport_cpp: rosidl_typesupport_fastrtps_cpp;rosidl_typesupport_introspection_cpp
[1.690s] -- Found python_cmake_module: 0.10.0 (/opt/ros/humble/share/python_cmake_module/cmake)
[1.716s] -- Using PYTHON_EXECUTABLE: /usr/bin/python3
[1.716s] -- Using PYTHON_INCLUDE_DIRS: /usr/include/python3.10
[1.716s] -- Using PYTHON_LIBRARIES: /usr/lib/x86_64-linux-gnu/libpython3.10.so
[1.741s] -- Configuring done
[1.772s] -- Generating done
[1.775s] -- Build files have been written to: /home/miguel/robos_autonomos/build/tb3_ra_interfaces
[1.782s] Invoked command in '/home/miguel/robos_autonomos/build/tb3_ra_interfaces' returned '0': CMAKE_PREFIX_PATH=${CMAKE_PREFIX_PATH}:/home/miguel/robos_autonomos/install/tb3_ra2:/home/miguel/robos_autonomos/install/tb3_ra:/opt/ros/humble /usr/bin/cmake /home/miguel/robos_autonomos/src/tb3_ra_interfaces -DCMAKE_INSTALL_PREFIX=/home/miguel/robos_autonomos/install/tb3_ra_interfaces
[1.784s] Invoking command in '/home/miguel/robos_autonomos/build/tb3_ra_interfaces': CMAKE_PREFIX_PATH=${CMAKE_PREFIX_PATH}:/home/miguel/robos_autonomos/install/tb3_ra2:/home/miguel/robos_autonomos/install/tb3_ra:/opt/ros/humble /usr/bin/cmake --build /home/miguel/robos_autonomos/build/tb3_ra_interfaces -- -j8 -l8
[1.817s] [35m[1mConsolidate compiler generated dependencies of target tb3_ra_interfaces__rosidl_generator_c[0m
[1.825s] [  3%] Built target tb3_ra_interfaces__cpp
[1.832s] [ 12%] Built target tb3_ra_interfaces__rosidl_generator_c
[1.837s] [35m[1mConsolidate compiler generated dependencies of target tb3_ra_interfaces__rosidl_typesupport_fastrtps_cpp[0m
[1.838s] [35m[1mConsolidate compiler generated dependencies of target tb3_ra_interfaces__rosidl_typesupport_introspection_cpp[0m
[1.845s] [35m[1mConsolidate compiler generated dependencies of target tb3_ra_interfaces__rosidl_typesupport_introspection_c[0m
[1.847s] [35m[1mConsolidate compiler generated dependencies of target tb3_ra_interfaces__rosidl_typesupport_cpp[0m
[1.848s] [ 12%] Built target ament_cmake_python_symlink_tb3_ra_interfaces
[1.849s] [35m[1mConsolidate compiler generated dependencies of target tb3_ra_interfaces__rosidl_typesupport_fastrtps_c[0m
[1.859s] [35m[1mConsolidate compiler generated dependencies of target tb3_ra_interfaces__rosidl_typesupport_c[0m
[1.861s] [ 22%] Built target tb3_ra_interfaces__rosidl_typesupport_introspection_cpp
[1.864s] [ 32%] Built target tb3_ra_interfaces__rosidl_typesupport_fastrtps_cpp
[1.867s] [ 41%] Built target tb3_ra_interfaces__rosidl_typesupport_introspection_c
[1.872s] [ 51%] Built target tb3_ra_interfaces__rosidl_typesupport_cpp
[1.874s] [ 61%] Built target tb3_ra_interfaces__rosidl_typesupport_fastrtps_c
[1.877s] [ 70%] Built target tb3_ra_interfaces__rosidl_typesupport_c
[1.894s] [ 70%] Built target tb3_ra_interfaces
[1.916s] [ 74%] Built target tb3_ra_interfaces__py
[1.926s] [35m[1mConsolidate compiler generated dependencies of target tb3_ra_interfaces__rosidl_generator_py[0m
[1.940s] [ 80%] Built target tb3_ra_interfaces__rosidl_generator_py
[1.948s] [35m[1mConsolidate compiler generated dependencies of target tb3_ra_interfaces__rosidl_typesupport_c__pyext[0m
[1.948s] [35m[1mConsolidate compiler generated dependencies of target tb3_ra_interfaces__rosidl_typesupport_fastrtps_c__pyext[0m
[1.949s] [35m[1mConsolidate compiler generated dependencies of target tb3_ra_interfaces__rosidl_typesupport_introspection_c__pyext[0m
[1.958s] [100%] Built target tb3_ra_interfaces__rosidl_typesupport_c__pyext
[1.958s] [100%] Built target tb3_ra_interfaces__rosidl_typesupport_fastrtps_c__pyext
[1.958s] [100%] Built target tb3_ra_interfaces__rosidl_typesupport_introspection_c__pyext
[2.156s] running egg_info
[2.156s] writing tb3_ra_interfaces.egg-info/PKG-INFO
[2.157s] writing dependency_links to tb3_ra_interfaces.egg-info/dependency_links.txt
[2.157s] writing top-level names to tb3_ra_interfaces.egg-info/top_level.txt
[2.159s] reading manifest file 'tb3_ra_interfaces.egg-info/SOURCES.txt'
[2.159s] writing manifest file 'tb3_ra_interfaces.egg-info/SOURCES.txt'
[2.192s] [100%] Built target ament_cmake_python_build_tb3_ra_interfaces_egg
[2.201s] Invoked command in '/home/miguel/robos_autonomos/build/tb3_ra_interfaces' returned '0': CMAKE_PREFIX_PATH=${CMAKE_PREFIX_PATH}:/home/miguel/robos_autonomos/install/tb3_ra2:/home/miguel/robos_autonomos/install/tb3_ra:/opt/ros/humble /usr/bin/cmake --build /home/miguel/robos_autonomos/build/tb3_ra_interfaces -- -j8 -l8
[2.251s] Invoking command in '/home/miguel/robos_autonomos/build/tb3_ra_interfaces': CMAKE_PREFIX_PATH=${CMAKE_PREFIX_PATH}:/home/miguel/robos_autonomos/install/tb3_ra2:/home/miguel/robos_autonomos/install/tb3_ra:/opt/ros/humble /usr/bin/cmake --install /home/miguel/robos_autonomos/build/tb3_ra_interfaces
[2.256s] -- Install configuration: ""
[2.257s] -- Execute custom install script
[2.257s] -- Up-to-date symlink: /home/miguel/robos_autonomos/install/tb3_ra_interfaces/share/ament_index/resource_index/rosidl_interfaces/tb3_ra_interfaces
[2.257s] -- Up-to-date symlink: /home/miguel/robos_autonomos/install/tb3_ra_interfaces/include/tb3_ra_interfaces/tb3_ra_interfaces/msg/detail/grid_map__functions.h
[2.257s] -- Up-to-date symlink: /home/miguel/robos_autonomos/install/tb3_ra_interfaces/include/tb3_ra_interfaces/tb3_ra_interfaces/msg/detail/grid_map__struct.h
[2.257s] -- Up-to-date symlink: /home/miguel/robos_autonomos/install/tb3_ra_interfaces/include/tb3_ra_interfaces/tb3_ra_interfaces/msg/detail/grid_map__type_support.h
[2.258s] -- Up-to-date symlink: /home/miguel/robos_autonomos/install/tb3_ra_interfaces/include/tb3_ra_interfaces/tb3_ra_interfaces/msg/grid_map.h
[2.258s] -- Up-to-date symlink: /home/miguel/robos_autonomos/install/tb3_ra_interfaces/include/tb3_ra_interfaces/tb3_ra_interfaces/msg/rosidl_generator_c__visibility_control.h
[2.258s] -- Up-to-date symlink: /home/miguel/robos_autonomos/install/tb3_ra_interfaces/share/tb3_ra_interfaces/environment/library_path.sh
[2.258s] -- Up-to-date symlink: /home/miguel/robos_autonomos/install/tb3_ra_interfaces/share/tb3_ra_interfaces/environment/library_path.dsv
[2.258s] -- Up-to-date symlink: /home/miguel/robos_autonomos/install/tb3_ra_interfaces/include/tb3_ra_interfaces/tb3_ra_interfaces/msg/detail/grid_map__rosidl_typesupport_fastrtps_c.h
[2.258s] -- Up-to-date symlink: /home/miguel/robos_autonomos/install/tb3_ra_interfaces/include/tb3_ra_interfaces/tb3_ra_interfaces/msg/rosidl_typesupport_fastrtps_c__visibility_control.h
[2.259s] -- Up-to-date symlink: /home/miguel/robos_autonomos/install/tb3_ra_interfaces/include/tb3_ra_interfaces/tb3_ra_interfaces/msg/detail/grid_map__rosidl_typesupport_introspection_c.h
[2.260s] -- Up-to-date symlink: /home/miguel/robos_autonomos/install/tb3_ra_interfaces/include/tb3_ra_interfaces/tb3_ra_interfaces/msg/rosidl_typesupport_introspection_c__visibility_control.h
[2.260s] -- Up-to-date symlink: /home/miguel/robos_autonomos/install/tb3_ra_interfaces/include/tb3_ra_interfaces/tb3_ra_interfaces/msg/detail/grid_map__builder.hpp
[2.261s] -- Up-to-date symlink: /home/miguel/robos_autonomos/install/tb3_ra_interfaces/include/tb3_ra_interfaces/tb3_ra_interfaces/msg/detail/grid_map__struct.hpp
[2.261s] -- Up-to-date symlink: /home/miguel/robos_autonomos/install/tb3_ra_interfaces/include/tb3_ra_interfaces/tb3_ra_interfaces/msg/detail/grid_map__traits.hpp
[2.261s] -- Up-to-date symlink: /home/miguel/robos_autonomos/install/tb3_ra_interfaces/include/tb3_ra_interfaces/tb3_ra_interfaces/msg/grid_map.hpp
[2.261s] -- Up-to-date symlink: /home/miguel/robos_autonomos/install/tb3_ra_interfaces/include/tb3_ra_interfaces/tb3_ra_interfaces/msg/detail/grid_map__rosidl_typesupport_fastrtps_cpp.hpp
[2.261s] -- Up-to-date symlink: /home/miguel/robos_autonomos/install/tb3_ra_interfaces/include/tb3_ra_interfaces/tb3_ra_interfaces/msg/rosidl_typesupport_fastrtps_cpp__visibility_control.h
[2.261s] -- Up-to-date symlink: /home/miguel/robos_autonomos/install/tb3_ra_interfaces/include/tb3_ra_interfaces/tb3_ra_interfaces/msg/detail/grid_map__rosidl_typesupport_introspection_cpp.hpp
[2.262s] -- Up-to-date symlink: /home/miguel/robos_autonomos/install/tb3_ra_interfaces/share/tb3_ra_interfaces/environment/pythonpath.sh
[2.262s] -- Up-to-date symlink: /home/miguel/robos_autonomos/install/tb3_ra_interfaces/share/tb3_ra_interfaces/environment/pythonpath.dsv
[2.262s] -- Up-to-date symlink: /home/miguel/robos_autonomos/install/tb3_ra_interfaces/local/lib/python3.10/dist-packages/tb3_ra_interfaces-0.0.0-py3.10.egg-info/PKG-INFO
[2.262s] -- Up-to-date symlink: /home/miguel/robos_autonomos/install/tb3_ra_interfaces/local/lib/python3.10/dist-packages/tb3_ra_interfaces-0.0.0-py3.10.egg-info/SOURCES.txt
[2.262s] -- Up-to-date symlink: /home/miguel/robos_autonomos/install/tb3_ra_interfaces/local/lib/python3.10/dist-packages/tb3_ra_interfaces-0.0.0-py3.10.egg-info/dependency_links.txt
[2.263s] -- Up-to-date symlink: /home/miguel/robos_autonomos/install/tb3_ra_interfaces/local/lib/python3.10/dist-packages/tb3_ra_interfaces-0.0.0-py3.10.egg-info/top_level.txt
[2.263s] -- Up-to-date symlink: /home/miguel/robos_autonomos/install/tb3_ra_interfaces/local/lib/python3.10/dist-packages/tb3_ra_interfaces/__init__.py
[2.263s] -- Up-to-date symlink: /home/miguel/robos_autonomos/install/tb3_ra_interfaces/local/lib/python3.10/dist-packages/tb3_ra_interfaces/_tb3_ra_interfaces_s.ep.rosidl_typesupport_c.c
[2.263s] -- Up-to-date symlink: /home/miguel/robos_autonomos/install/tb3_ra_interfaces/local/lib/python3.10/dist-packages/tb3_ra_interfaces/_tb3_ra_interfaces_s.ep.rosidl_typesupport_fastrtps_c.c
[2.263s] -- Up-to-date symlink: /home/miguel/robos_autonomos/install/tb3_ra_interfaces/local/lib/python3.10/dist-packages/tb3_ra_interfaces/_tb3_ra_interfaces_s.ep.rosidl_typesupport_introspection_c.c
[2.263s] -- Up-to-date symlink: /home/miguel/robos_autonomos/install/tb3_ra_interfaces/local/lib/python3.10/dist-packages/tb3_ra_interfaces/libtb3_ra_interfaces__rosidl_generator_py.so
[2.263s] -- Up-to-date symlink: /home/miguel/robos_autonomos/install/tb3_ra_interfaces/local/lib/python3.10/dist-packages/tb3_ra_interfaces/msg/__init__.py
[2.263s] -- Up-to-date symlink: /home/miguel/robos_autonomos/install/tb3_ra_interfaces/local/lib/python3.10/dist-packages/tb3_ra_interfaces/msg/_grid_map.py
[2.263s] -- Up-to-date symlink: /home/miguel/robos_autonomos/install/tb3_ra_interfaces/local/lib/python3.10/dist-packages/tb3_ra_interfaces/msg/_grid_map_s.c
[2.263s] -- Up-to-date symlink: /home/miguel/robos_autonomos/install/tb3_ra_interfaces/local/lib/python3.10/dist-packages/tb3_ra_interfaces/tb3_ra_interfaces_s__rosidl_typesupport_c.cpython-310-x86_64-linux-gnu.so
[2.264s] -- Up-to-date symlink: /home/miguel/robos_autonomos/install/tb3_ra_interfaces/local/lib/python3.10/dist-packages/tb3_ra_interfaces/tb3_ra_interfaces_s__rosidl_typesupport_fastrtps_c.cpython-310-x86_64-linux-gnu.so
[2.264s] -- Up-to-date symlink: /home/miguel/robos_autonomos/install/tb3_ra_interfaces/local/lib/python3.10/dist-packages/tb3_ra_interfaces/tb3_ra_interfaces_s__rosidl_typesupport_introspection_c.cpython-310-x86_64-linux-gnu.so
[2.264s] -- Up-to-date symlink: /home/miguel/robos_autonomos/install/tb3_ra_interfaces/local/lib/python3.10/dist-packages/tb3_ra_interfaces/tb3_ra_interfaces_s__rosidl_typesupport_fastrtps_c.cpython-310-x86_64-linux-gnu.so
[2.264s] -- Up-to-date symlink: /home/miguel/robos_autonomos/install/tb3_ra_interfaces/local/lib/python3.10/dist-packages/tb3_ra_interfaces/tb3_ra_interfaces_s__rosidl_typesupport_introspection_c.cpython-310-x86_64-linux-gnu.so
[2.264s] -- Up-to-date symlink: /home/miguel/robos_autonomos/install/tb3_ra_interfaces/local/lib/python3.10/dist-packages/tb3_ra_interfaces/tb3_ra_interfaces_s__rosidl_typesupport_c.cpython-310-x86_64-linux-gnu.so
[2.264s] -- Up-to-date symlink: /home/miguel/robos_autonomos/install/tb3_ra_interfaces/share/tb3_ra_interfaces/msg/GridMap.idl
[2.264s] -- Up-to-date symlink: /home/miguel/robos_autonomos/install/tb3_ra_interfaces/share/tb3_ra_interfaces/msg/GridMap.msg
[2.264s] -- Up-to-date symlink: /home/miguel/robos_autonomos/install/tb3_ra_interfaces/share/ament_index/resource_index/package_run_dependencies/tb3_ra_interfaces
[2.264s] -- Up-to-date symlink: /home/miguel/robos_autonomos/install/tb3_ra_interfaces/share/ament_index/resource_index/parent_prefix_path/tb3_ra_interfaces
[2.264s] -- Up-to-date symlink: /home/miguel/robos_autonomos/install/tb3_ra_interfaces/share/tb3_ra_interfaces/environment/ament_prefix_path.sh
[2.264s] -- Up-to-date symlink: /home/miguel/robos_autonomos/install/tb3_ra_interfaces/share/tb3_ra_interfaces/environment/ament_prefix_path.dsv
[2.264s] -- Up-to-date symlink: /home/miguel/robos_autonomos/install/tb3_ra_interfaces/share/tb3_ra_interfaces/environment/path.sh
[2.264s] -- Up-to-date symlink: /home/miguel/robos_autonomos/install/tb3_ra_interfaces/share/tb3_ra_interfaces/environment/path.dsv
[2.264s] -- Up-to-date symlink: /home/miguel/robos_autonomos/install/tb3_ra_interfaces/share/tb3_ra_interfaces/local_setup.bash
[2.265s] -- Up-to-date symlink: /home/miguel/robos_autonomos/install/tb3_ra_interfaces/share/tb3_ra_interfaces/local_setup.sh
[2.265s] -- Up-to-date symlink: /home/miguel/robos_autonomos/install/tb3_ra_interfaces/share/tb3_ra_interfaces/local_setup.zsh
[2.265s] -- Up-to-date symlink: /home/miguel/robos_autonomos/install/tb3_ra_interfaces/share/tb3_ra_interfaces/local_setup.dsv
[2.265s] -- Symlinking: /home/miguel/robos_autonomos/install/tb3_ra_interfaces/share/tb3_ra_interfaces/package.dsv
[2.273s] -- Up-to-date symlink: /home/miguel/robos_autonomos/install/tb3_ra_interfaces/share/ament_index/resource_index/packages/tb3_ra_interfaces
[2.273s] -- Up-to-date symlink: /home/miguel/robos_autonomos/install/tb3_ra_interfaces/share/tb3_ra_interfaces/cmake/rosidl_cmake-extras.cmake
[2.273s] -- Up-to-date symlink: /home/miguel/robos_autonomos/install/tb3_ra_interfaces/share/tb3_ra_interfaces/cmake/ament_cmake_export_include_directories-extras.cmake
[2.273s] -- Up-to-date symlink: /home/miguel/robos_autonomos/install/tb3_ra_interfaces/share/tb3_ra_interfaces/cmake/ament_cmake_export_libraries-extras.cmake
[2.273s] -- Up-to-date symlink: /home/miguel/robos_autonomos/install/tb3_ra_interfaces/share/tb3_ra_interfaces/cmake/ament_cmake_export_targets-extras.cmake
[2.274s] -- Up-to-date symlink: /home/miguel/robos_autonomos/install/tb3_ra_interfaces/share/tb3_ra_interfaces/cmake/rosidl_cmake_export_typesupport_targets-extras.cmake
[2.274s] -- Up-to-date symlink: /home/miguel/robos_autonomos/install/tb3_ra_interfaces/share/tb3_ra_interfaces/cmake/ament_cmake_export_dependencies-extras.cmake
[2.274s] -- Up-to-date symlink: /home/miguel/robos_autonomos/install/tb3_ra_interfaces/share/tb3_ra_interfaces/cmake/rosidl_cmake_export_typesupport_libraries-extras.cmake
[2.274s] -- Up-to-date symlink: /home/miguel/robos_autonomos/install/tb3_ra_interfaces/share/tb3_ra_interfaces/cmake/tb3_ra_interfacesConfig.cmake
[2.274s] -- Up-to-date symlink: /home/miguel/robos_autonomos/install/tb3_ra_interfaces/share/tb3_ra_interfaces/cmake/tb3_ra_interfacesConfig-version.cmake
[2.274s] -- Up-to-date symlink: /home/miguel/robos_autonomos/install/tb3_ra_interfaces/share/tb3_ra_interfaces/package.xml
[2.275s] -- Up-to-date: /home/miguel/robos_autonomos/install/tb3_ra_interfaces/lib/libtb3_ra_interfaces__rosidl_generator_c.so
[2.275s] -- Up-to-date: /home/miguel/robos_autonomos/install/tb3_ra_interfaces/lib/libtb3_ra_interfaces__rosidl_typesupport_fastrtps_c.so
[2.275s] -- Up-to-date: /home/miguel/robos_autonomos/install/tb3_ra_interfaces/lib/libtb3_ra_interfaces__rosidl_typesupport_introspection_c.so
[2.275s] -- Up-to-date: /home/miguel/robos_autonomos/install/tb3_ra_interfaces/lib/libtb3_ra_interfaces__rosidl_typesupport_c.so
[2.275s] -- Up-to-date: /home/miguel/robos_autonomos/install/tb3_ra_interfaces/lib/libtb3_ra_interfaces__rosidl_typesupport_fastrtps_cpp.so
[2.276s] -- Up-to-date: /home/miguel/robos_autonomos/install/tb3_ra_interfaces/lib/libtb3_ra_interfaces__rosidl_typesupport_introspection_cpp.so
[2.276s] -- Up-to-date: /home/miguel/robos_autonomos/install/tb3_ra_interfaces/lib/libtb3_ra_interfaces__rosidl_typesupport_cpp.so
[2.310s] Listing '/home/miguel/robos_autonomos/install/tb3_ra_interfaces/local/lib/python3.10/dist-packages/tb3_ra_interfaces'...
[2.310s] Compiling '/home/miguel/robos_autonomos/install/tb3_ra_interfaces/local/lib/python3.10/dist-packages/tb3_ra_interfaces/__init__.py'...
[2.310s] Listing '/home/miguel/robos_autonomos/install/tb3_ra_interfaces/local/lib/python3.10/dist-packages/tb3_ra_interfaces/msg'...
[2.316s] -- Up-to-date: /home/miguel/robos_autonomos/install/tb3_ra_interfaces/lib/libtb3_ra_interfaces__rosidl_generator_py.so
[2.316s] -- Up-to-date: /home/miguel/robos_autonomos/install/tb3_ra_interfaces/share/tb3_ra_interfaces/cmake/export_tb3_ra_interfaces__rosidl_generator_cExport.cmake
[2.316s] -- Up-to-date: /home/miguel/robos_autonomos/install/tb3_ra_interfaces/share/tb3_ra_interfaces/cmake/export_tb3_ra_interfaces__rosidl_generator_cExport-noconfig.cmake
[2.316s] -- Up-to-date: /home/miguel/robos_autonomos/install/tb3_ra_interfaces/share/tb3_ra_interfaces/cmake/export_tb3_ra_interfaces__rosidl_typesupport_fastrtps_cExport.cmake
[2.316s] -- Up-to-date: /home/miguel/robos_autonomos/install/tb3_ra_interfaces/share/tb3_ra_interfaces/cmake/export_tb3_ra_interfaces__rosidl_typesupport_fastrtps_cExport-noconfig.cmake
[2.317s] -- Up-to-date: /home/miguel/robos_autonomos/install/tb3_ra_interfaces/share/tb3_ra_interfaces/cmake/tb3_ra_interfaces__rosidl_typesupport_introspection_cExport.cmake
[2.317s] -- Up-to-date: /home/miguel/robos_autonomos/install/tb3_ra_interfaces/share/tb3_ra_interfaces/cmake/tb3_ra_interfaces__rosidl_typesupport_introspection_cExport-noconfig.cmake
[2.317s] -- Up-to-date: /home/miguel/robos_autonomos/install/tb3_ra_interfaces/share/tb3_ra_interfaces/cmake/tb3_ra_interfaces__rosidl_typesupport_cExport.cmake
[2.317s] -- Up-to-date: /home/miguel/robos_autonomos/install/tb3_ra_interfaces/share/tb3_ra_interfaces/cmake/tb3_ra_interfaces__rosidl_typesupport_cExport-noconfig.cmake
[2.317s] -- Up-to-date: /home/miguel/robos_autonomos/install/tb3_ra_interfaces/share/tb3_ra_interfaces/cmake/export_tb3_ra_interfaces__rosidl_generator_cppExport.cmake
[2.317s] -- Up-to-date: /home/miguel/robos_autonomos/install/tb3_ra_interfaces/share/tb3_ra_interfaces/cmake/export_tb3_ra_interfaces__rosidl_typesupport_fastrtps_cppExport.cmake
[2.317s] -- Up-to-date: /home/miguel/robos_autonomos/install/tb3_ra_interfaces/share/tb3_ra_interfaces/cmake/export_tb3_ra_interfaces__rosidl_typesupport_fastrtps_cppExport-noconfig.cmake
[2.317s] -- Up-to-date: /home/miguel/robos_autonomos/install/tb3_ra_interfaces/share/tb3_ra_interfaces/cmake/tb3_ra_interfaces__rosidl_typesupport_introspection_cppExport.cmake
[2.317s] -- Up-to-date: /home/miguel/robos_autonomos/install/tb3_ra_interfaces/share/tb3_ra_interfaces/cmake/tb3_ra_interfaces__rosidl_typesupport_introspection_cppExport-noconfig.cmake
[2.317s] -- Up-to-date: /home/miguel/robos_autonomos/install/tb3_ra_interfaces/share/tb3_ra_interfaces/cmake/tb3_ra_interfaces__rosidl_typesupport_cppExport.cmake
[2.317s] -- Up-to-date: /home/miguel/robos_autonomos/install/tb3_ra_interfaces/share/tb3_ra_interfaces/cmake/tb3_ra_interfaces__rosidl_typesupport_cppExport-noconfig.cmake
[2.317s] -- Up-to-date: /home/miguel/robos_autonomos/install/tb3_ra_interfaces/share/tb3_ra_interfaces/cmake/export_tb3_ra_interfaces__rosidl_generator_pyExport.cmake
[2.317s] -- Up-to-date: /home/miguel/robos_autonomos/install/tb3_ra_interfaces/share/tb3_ra_interfaces/cmake/export_tb3_ra_interfaces__rosidl_generator_pyExport-noconfig.cmake
[2.321s] Invoked command in '/home/miguel/robos_autonomos/build/tb3_ra_interfaces' returned '0': CMAKE_PREFIX_PATH=${CMAKE_PREFIX_PATH}:/home/miguel/robos_autonomos/install/tb3_ra2:/home/miguel/robos_autonomos/install/tb3_ra:/opt/ros/humble /usr/bin/cmake --install /home/miguel/robos_autonomos/build/tb3_ra_interfaces
