[0.150s] DEBUG:colcon:Command line arguments: ['/usr/bin/colcon', 'build', '--symlink-install']
[0.150s] DEBUG:colcon:Parsed command line arguments: Namespace(log_base=None, log_level=None, verb_name='build', build_base='build', install_base='install', merge_install=False, symlink_install=True, test_result_base=None, continue_on_error=False, executor='parallel', parallel_workers=8, event_handlers=None, ignore_user_meta=False, metas=['./colcon.meta'], base_paths=['.'], packages_ignore=None, packages_ignore_regex=None, paths=None, packages_up_to=None, packages_up_to_regex=None, packages_above=None, packages_above_and_dependencies=None, packages_above_depth=None, packages_select_by_dep=None, packages_skip_by_dep=None, packages_skip_up_to=None, packages_select_build_failed=False, packages_skip_build_finished=False, packages_select_test_failures=False, packages_skip_test_passed=False, packages_select=None, packages_skip=None, packages_select_regex=None, packages_skip_regex=None, packages_start=None, packages_end=None, allow_overriding=[], cmake_args=None, cmake_target=None, cmake_target_skip_unavailable=False, cmake_clean_cache=False, cmake_clean_first=False, cmake_force_configure=False, ament_cmake_args=None, catkin_cmake_args=None, catkin_skip_building_tests=False, verb_parser=<colcon_defaults.argument_parser.defaults.DefaultArgumentsDecorator object at 0x7f5b73291b10>, verb_extension=<colcon_core.verb.build.BuildVerb object at 0x7f5b732915a0>, main=<bound method BuildVerb.main of <colcon_core.verb.build.BuildVerb object at 0x7f5b732915a0>>)
[0.195s] Level 1:colcon.colcon_core.package_discovery:discover_packages(colcon_meta) check parameters
[0.195s] Level 1:colcon.colcon_core.package_discovery:discover_packages(recursive) check parameters
[0.196s] Level 1:colcon.colcon_core.package_discovery:discover_packages(ignore) check parameters
[0.196s] Level 1:colcon.colcon_core.package_discovery:discover_packages(path) check parameters
[0.196s] Level 1:colcon.colcon_core.package_discovery:discover_packages(colcon_meta) discover
[0.196s] Level 1:colcon.colcon_core.package_discovery:discover_packages(recursive) discover
[0.196s] INFO:colcon.colcon_core.package_discovery:Crawling recursively for packages in '/home/miguel/robos_autonomos'
[0.196s] Level 1:colcon.colcon_core.package_identification:_identify(.) by extensions ['ignore', 'ignore_ament_install']
[0.196s] Level 1:colcon.colcon_core.package_identification:_identify(.) by extension 'ignore'
[0.196s] Level 1:colcon.colcon_core.package_identification:_identify(.) by extension 'ignore_ament_install'
[0.196s] Level 1:colcon.colcon_core.package_identification:_identify(.) by extensions ['colcon_pkg']
[0.196s] Level 1:colcon.colcon_core.package_identification:_identify(.) by extension 'colcon_pkg'
[0.196s] Level 1:colcon.colcon_core.package_identification:_identify(.) by extensions ['colcon_meta']
[0.196s] Level 1:colcon.colcon_core.package_identification:_identify(.) by extension 'colcon_meta'
[0.196s] Level 1:colcon.colcon_core.package_identification:_identify(.) by extensions ['ros']
[0.196s] Level 1:colcon.colcon_core.package_identification:_identify(.) by extension 'ros'
[0.207s] Level 1:colcon.colcon_core.package_identification:_identify(.) by extensions ['cmake', 'python']
[0.207s] Level 1:colcon.colcon_core.package_identification:_identify(.) by extension 'cmake'
[0.207s] Level 1:colcon.colcon_core.package_identification:_identify(.) by extension 'python'
[0.207s] Level 1:colcon.colcon_core.package_identification:_identify(.) by extensions ['python_setup_py']
[0.207s] Level 1:colcon.colcon_core.package_identification:_identify(.) by extension 'python_setup_py'
[0.207s] Level 1:colcon.colcon_core.package_identification:_identify(build) by extensions ['ignore', 'ignore_ament_install']
[0.207s] Level 1:colcon.colcon_core.package_identification:_identify(build) by extension 'ignore'
[0.207s] Level 1:colcon.colcon_core.package_identification:_identify(build) ignored
[0.208s] Level 1:colcon.colcon_core.package_identification:_identify(install) by extensions ['ignore', 'ignore_ament_install']
[0.208s] Level 1:colcon.colcon_core.package_identification:_identify(install) by extension 'ignore'
[0.208s] Level 1:colcon.colcon_core.package_identification:_identify(install) ignored
[0.208s] Level 1:colcon.colcon_core.package_identification:_identify(log) by extensions ['ignore', 'ignore_ament_install']
[0.208s] Level 1:colcon.colcon_core.package_identification:_identify(log) by extension 'ignore'
[0.208s] Level 1:colcon.colcon_core.package_identification:_identify(log) ignored
[0.208s] Level 1:colcon.colcon_core.package_identification:_identify(src) by extensions ['ignore', 'ignore_ament_install']
[0.208s] Level 1:colcon.colcon_core.package_identification:_identify(src) by extension 'ignore'
[0.208s] Level 1:colcon.colcon_core.package_identification:_identify(src) by extension 'ignore_ament_install'
[0.208s] Level 1:colcon.colcon_core.package_identification:_identify(src) by extensions ['colcon_pkg']
[0.208s] Level 1:colcon.colcon_core.package_identification:_identify(src) by extension 'colcon_pkg'
[0.208s] Level 1:colcon.colcon_core.package_identification:_identify(src) by extensions ['colcon_meta']
[0.208s] Level 1:colcon.colcon_core.package_identification:_identify(src) by extension 'colcon_meta'
[0.208s] Level 1:colcon.colcon_core.package_identification:_identify(src) by extensions ['ros']
[0.208s] Level 1:colcon.colcon_core.package_identification:_identify(src) by extension 'ros'
[0.208s] Level 1:colcon.colcon_core.package_identification:_identify(src) by extensions ['cmake', 'python']
[0.208s] Level 1:colcon.colcon_core.package_identification:_identify(src) by extension 'cmake'
[0.209s] Level 1:colcon.colcon_core.package_identification:_identify(src) by extension 'python'
[0.209s] Level 1:colcon.colcon_core.package_identification:_identify(src) by extensions ['python_setup_py']
[0.209s] Level 1:colcon.colcon_core.package_identification:_identify(src) by extension 'python_setup_py'
[0.209s] Level 1:colcon.colcon_core.package_identification:_identify(src/tb3_ra) by extensions ['ignore', 'ignore_ament_install']
[0.209s] Level 1:colcon.colcon_core.package_identification:_identify(src/tb3_ra) by extension 'ignore'
[0.209s] Level 1:colcon.colcon_core.package_identification:_identify(src/tb3_ra) by extension 'ignore_ament_install'
[0.209s] Level 1:colcon.colcon_core.package_identification:_identify(src/tb3_ra) by extensions ['colcon_pkg']
[0.209s] Level 1:colcon.colcon_core.package_identification:_identify(src/tb3_ra) by extension 'colcon_pkg'
[0.209s] Level 1:colcon.colcon_core.package_identification:_identify(src/tb3_ra) by extensions ['colcon_meta']
[0.209s] Level 1:colcon.colcon_core.package_identification:_identify(src/tb3_ra) by extension 'colcon_meta'
[0.209s] Level 1:colcon.colcon_core.package_identification:_identify(src/tb3_ra) by extensions ['ros']
[0.209s] Level 1:colcon.colcon_core.package_identification:_identify(src/tb3_ra) by extension 'ros'
[0.212s] DEBUG:colcon.colcon_core.package_identification:Package 'src/tb3_ra' with type 'ros.ament_python' and name 'tb3_ra'
[0.212s] Level 1:colcon.colcon_core.package_identification:_identify(src/tb3_ra_bringup) by extensions ['ignore', 'ignore_ament_install']
[0.213s] Level 1:colcon.colcon_core.package_identification:_identify(src/tb3_ra_bringup) by extension 'ignore'
[0.213s] Level 1:colcon.colcon_core.package_identification:_identify(src/tb3_ra_bringup) by extension 'ignore_ament_install'
[0.213s] Level 1:colcon.colcon_core.package_identification:_identify(src/tb3_ra_bringup) by extensions ['colcon_pkg']
[0.213s] Level 1:colcon.colcon_core.package_identification:_identify(src/tb3_ra_bringup) by extension 'colcon_pkg'
[0.213s] Level 1:colcon.colcon_core.package_identification:_identify(src/tb3_ra_bringup) by extensions ['colcon_meta']
[0.213s] Level 1:colcon.colcon_core.package_identification:_identify(src/tb3_ra_bringup) by extension 'colcon_meta'
[0.213s] Level 1:colcon.colcon_core.package_identification:_identify(src/tb3_ra_bringup) by extensions ['ros']
[0.213s] Level 1:colcon.colcon_core.package_identification:_identify(src/tb3_ra_bringup) by extension 'ros'
[0.213s] DEBUG:colcon.colcon_core.package_identification:Package 'src/tb3_ra_bringup' with type 'ros.ament_cmake' and name 'tb3_ra_bringup'
[0.213s] Level 1:colcon.colcon_core.package_discovery:discover_packages(recursive) using defaults
[0.213s] Level 1:colcon.colcon_core.package_discovery:discover_packages(ignore) discover
[0.213s] Level 1:colcon.colcon_core.package_discovery:discover_packages(ignore) using defaults
[0.213s] Level 1:colcon.colcon_core.package_discovery:discover_packages(path) discover
[0.213s] Level 1:colcon.colcon_core.package_discovery:discover_packages(path) using defaults
[0.237s] Level 1:colcon.colcon_core.package_discovery:discover_packages(prefix_path) check parameters
[0.237s] Level 1:colcon.colcon_core.package_discovery:discover_packages(prefix_path) discover
[0.240s] DEBUG:colcon.colcon_installed_package_information.package_discovery:Found 3 installed packages in /home/miguel/turtlebot3_ws/install
[0.241s] DEBUG:colcon.colcon_installed_package_information.package_discovery:Found 1 installed packages in /home/miguel/robos_autonomos/install
[0.243s] DEBUG:colcon.colcon_installed_package_information.package_discovery:Found 371 installed packages in /opt/ros/humble
[0.245s] Level 1:colcon.colcon_core.package_discovery:discover_packages(prefix_path) using defaults
[0.316s] Level 5:colcon.colcon_core.verb:set package 'tb3_ra' build argument 'cmake_args' from command line to 'None'
[0.316s] Level 5:colcon.colcon_core.verb:set package 'tb3_ra' build argument 'cmake_target' from command line to 'None'
[0.316s] Level 5:colcon.colcon_core.verb:set package 'tb3_ra' build argument 'cmake_target_skip_unavailable' from command line to 'False'
[0.316s] Level 5:colcon.colcon_core.verb:set package 'tb3_ra' build argument 'cmake_clean_cache' from command line to 'False'
[0.316s] Level 5:colcon.colcon_core.verb:set package 'tb3_ra' build argument 'cmake_clean_first' from command line to 'False'
[0.316s] Level 5:colcon.colcon_core.verb:set package 'tb3_ra' build argument 'cmake_force_configure' from command line to 'False'
[0.316s] Level 5:colcon.colcon_core.verb:set package 'tb3_ra' build argument 'ament_cmake_args' from command line to 'None'
[0.316s] Level 5:colcon.colcon_core.verb:set package 'tb3_ra' build argument 'catkin_cmake_args' from command line to 'None'
[0.316s] Level 5:colcon.colcon_core.verb:set package 'tb3_ra' build argument 'catkin_skip_building_tests' from command line to 'False'
[0.316s] DEBUG:colcon.colcon_core.verb:Building package 'tb3_ra' with the following arguments: {'ament_cmake_args': None, 'build_base': '/home/miguel/robos_autonomos/build/tb3_ra', 'catkin_cmake_args': None, 'catkin_skip_building_tests': False, 'cmake_args': None, 'cmake_clean_cache': False, 'cmake_clean_first': False, 'cmake_force_configure': False, 'cmake_target': None, 'cmake_target_skip_unavailable': False, 'install_base': '/home/miguel/robos_autonomos/install/tb3_ra', 'merge_install': False, 'path': '/home/miguel/robos_autonomos/src/tb3_ra', 'symlink_install': True, 'test_result_base': None}
[0.317s] Level 5:colcon.colcon_core.verb:set package 'tb3_ra_bringup' build argument 'cmake_args' from command line to 'None'
[0.317s] Level 5:colcon.colcon_core.verb:set package 'tb3_ra_bringup' build argument 'cmake_target' from command line to 'None'
[0.317s] Level 5:colcon.colcon_core.verb:set package 'tb3_ra_bringup' build argument 'cmake_target_skip_unavailable' from command line to 'False'
[0.317s] Level 5:colcon.colcon_core.verb:set package 'tb3_ra_bringup' build argument 'cmake_clean_cache' from command line to 'False'
[0.317s] Level 5:colcon.colcon_core.verb:set package 'tb3_ra_bringup' build argument 'cmake_clean_first' from command line to 'False'
[0.317s] Level 5:colcon.colcon_core.verb:set package 'tb3_ra_bringup' build argument 'cmake_force_configure' from command line to 'False'
[0.317s] Level 5:colcon.colcon_core.verb:set package 'tb3_ra_bringup' build argument 'ament_cmake_args' from command line to 'None'
[0.317s] Level 5:colcon.colcon_core.verb:set package 'tb3_ra_bringup' build argument 'catkin_cmake_args' from command line to 'None'
[0.317s] Level 5:colcon.colcon_core.verb:set package 'tb3_ra_bringup' build argument 'catkin_skip_building_tests' from command line to 'False'
[0.317s] DEBUG:colcon.colcon_core.verb:Building package 'tb3_ra_bringup' with the following arguments: {'ament_cmake_args': None, 'build_base': '/home/miguel/robos_autonomos/build/tb3_ra_bringup', 'catkin_cmake_args': None, 'catkin_skip_building_tests': False, 'cmake_args': None, 'cmake_clean_cache': False, 'cmake_clean_first': False, 'cmake_force_configure': False, 'cmake_target': None, 'cmake_target_skip_unavailable': False, 'install_base': '/home/miguel/robos_autonomos/install/tb3_ra_bringup', 'merge_install': False, 'path': '/home/miguel/robos_autonomos/src/tb3_ra_bringup', 'symlink_install': True, 'test_result_base': None}
[0.318s] INFO:colcon.colcon_core.executor:Executing jobs using 'parallel' executor
[0.322s] DEBUG:colcon.colcon_parallel_executor.executor.parallel:run_until_complete
[0.322s] INFO:colcon.colcon_ros.task.ament_python.build:Building ROS package in '/home/miguel/robos_autonomos/src/tb3_ra' with build type 'ament_python'
[0.322s] Level 1:colcon.colcon_core.shell:create_environment_hook('tb3_ra', 'ament_prefix_path')
[0.327s] INFO:colcon.colcon_core.plugin_system:Skipping extension 'colcon_core.shell.bat': Not used on non-Windows systems
[0.327s] INFO:colcon.colcon_core.shell:Creating environment hook '/home/miguel/robos_autonomos/install/tb3_ra/share/tb3_ra/hook/ament_prefix_path.ps1'
[0.328s] INFO:colcon.colcon_core.shell:Creating environment descriptor '/home/miguel/robos_autonomos/install/tb3_ra/share/tb3_ra/hook/ament_prefix_path.dsv'
[0.329s] INFO:colcon.colcon_core.shell:Creating environment hook '/home/miguel/robos_autonomos/install/tb3_ra/share/tb3_ra/hook/ament_prefix_path.sh'
[0.331s] INFO:colcon.colcon_core.shell:Skip shell extension 'powershell' for command environment: Not usable outside of PowerShell
[0.331s] DEBUG:colcon.colcon_core.shell:Skip shell extension 'dsv' for command environment
[0.336s] INFO:colcon.colcon_ros.task.ament_cmake.build:Building ROS package in '/home/miguel/robos_autonomos/src/tb3_ra_bringup' with build type 'ament_cmake'
[0.336s] INFO:colcon.colcon_cmake.task.cmake.build:Building CMake package in '/home/miguel/robos_autonomos/src/tb3_ra_bringup'
[0.337s] INFO:colcon.colcon_core.shell:Skip shell extension 'powershell' for command environment: Not usable outside of PowerShell
[0.338s] DEBUG:colcon.colcon_core.shell:Skip shell extension 'dsv' for command environment
[0.599s] INFO:colcon.colcon_core.task.python.build:Building Python package in '/home/miguel/robos_autonomos/src/tb3_ra'
[0.600s] INFO:colcon.colcon_core.shell:Skip shell extension 'powershell' for command environment: Not usable outside of PowerShell
[0.600s] DEBUG:colcon.colcon_core.shell:Skip shell extension 'dsv' for command environment
[0.607s] DEBUG:colcon.colcon_core.event_handler.log_command:Invoking command in '/home/miguel/robos_autonomos/build/tb3_ra_bringup': CMAKE_PREFIX_PATH=${CMAKE_PREFIX_PATH}:/home/miguel/robos_autonomos/install/tb3_ra:/opt/ros/humble /usr/bin/cmake /home/miguel/robos_autonomos/src/tb3_ra_bringup -DAMENT_CMAKE_SYMLINK_INSTALL=1 -DCMAKE_INSTALL_PREFIX=/home/miguel/robos_autonomos/install/tb3_ra_bringup
[0.982s] DEBUG:colcon.colcon_core.event_handler.log_command:Invoking command in '/home/miguel/robos_autonomos/build/tb3_ra': PYTHONPATH=/home/miguel/robos_autonomos/build/tb3_ra/prefix_override:/home/miguel/robos_autonomos/install/tb3_ra/lib/python3.10/site-packages:${PYTHONPATH} /usr/bin/python3 setup.py develop --editable --build-directory /home/miguel/robos_autonomos/build/tb3_ra/build --no-deps install_data
[1.252s] DEBUG:colcon.colcon_core.event_handler.log_command:Invoked command in '/home/miguel/robos_autonomos/build/tb3_ra_bringup' returned '0': CMAKE_PREFIX_PATH=${CMAKE_PREFIX_PATH}:/home/miguel/robos_autonomos/install/tb3_ra:/opt/ros/humble /usr/bin/cmake /home/miguel/robos_autonomos/src/tb3_ra_bringup -DAMENT_CMAKE_SYMLINK_INSTALL=1 -DCMAKE_INSTALL_PREFIX=/home/miguel/robos_autonomos/install/tb3_ra_bringup
[1.254s] DEBUG:colcon.colcon_core.event_handler.log_command:Invoking command in '/home/miguel/robos_autonomos/build/tb3_ra_bringup': CMAKE_PREFIX_PATH=${CMAKE_PREFIX_PATH}:/home/miguel/robos_autonomos/install/tb3_ra:/opt/ros/humble /usr/bin/cmake --build /home/miguel/robos_autonomos/build/tb3_ra_bringup -- -j8 -l8
[1.283s] DEBUG:colcon.colcon_core.event_handler.log_command:Invoked command in '/home/miguel/robos_autonomos/build/tb3_ra_bringup' returned '0': CMAKE_PREFIX_PATH=${CMAKE_PREFIX_PATH}:/home/miguel/robos_autonomos/install/tb3_ra:/opt/ros/humble /usr/bin/cmake --build /home/miguel/robos_autonomos/build/tb3_ra_bringup -- -j8 -l8
[1.304s] DEBUG:colcon.colcon_core.event_handler.log_command:Invoking command in '/home/miguel/robos_autonomos/build/tb3_ra_bringup': CMAKE_PREFIX_PATH=${CMAKE_PREFIX_PATH}:/home/miguel/robos_autonomos/install/tb3_ra:/opt/ros/humble /usr/bin/cmake --install /home/miguel/robos_autonomos/build/tb3_ra_bringup
[1.417s] Level 1:colcon.colcon_core.environment:create_environment_scripts_only(tb3_ra_bringup)
[1.418s] DEBUG:colcon.colcon_core.event_handler.log_command:Invoked command in '/home/miguel/robos_autonomos/build/tb3_ra_bringup' returned '0': CMAKE_PREFIX_PATH=${CMAKE_PREFIX_PATH}:/home/miguel/robos_autonomos/install/tb3_ra:/opt/ros/humble /usr/bin/cmake --install /home/miguel/robos_autonomos/build/tb3_ra_bringup
[1.428s] Level 1:colcon.colcon_core.environment:checking '/home/miguel/robos_autonomos/install/tb3_ra_bringup' for CMake module files
[1.428s] Level 1:colcon.colcon_core.environment:checking '/home/miguel/robos_autonomos/install/tb3_ra_bringup' for CMake config files
[1.429s] Level 1:colcon.colcon_core.shell:create_environment_hook('tb3_ra_bringup', 'cmake_prefix_path')
[1.430s] INFO:colcon.colcon_core.shell:Creating environment hook '/home/miguel/robos_autonomos/install/tb3_ra_bringup/share/tb3_ra_bringup/hook/cmake_prefix_path.ps1'
[1.430s] INFO:colcon.colcon_core.shell:Creating environment descriptor '/home/miguel/robos_autonomos/install/tb3_ra_bringup/share/tb3_ra_bringup/hook/cmake_prefix_path.dsv'
[1.431s] INFO:colcon.colcon_core.shell:Creating environment hook '/home/miguel/robos_autonomos/install/tb3_ra_bringup/share/tb3_ra_bringup/hook/cmake_prefix_path.sh'
[1.431s] Level 1:colcon.colcon_core.environment:checking '/home/miguel/robos_autonomos/install/tb3_ra_bringup/bin'
[1.431s] Level 1:colcon.colcon_core.environment:checking '/home/miguel/robos_autonomos/install/tb3_ra_bringup/lib/pkgconfig/tb3_ra_bringup.pc'
[1.431s] Level 1:colcon.colcon_core.environment:checking '/home/miguel/robos_autonomos/install/tb3_ra_bringup/lib/python3.10/site-packages'
[1.432s] Level 1:colcon.colcon_core.environment:checking '/home/miguel/robos_autonomos/install/tb3_ra_bringup/bin'
[1.433s] INFO:colcon.colcon_core.shell:Creating package script '/home/miguel/robos_autonomos/install/tb3_ra_bringup/share/tb3_ra_bringup/package.ps1'
[1.434s] INFO:colcon.colcon_core.shell:Creating package descriptor '/home/miguel/robos_autonomos/install/tb3_ra_bringup/share/tb3_ra_bringup/package.dsv'
[1.435s] INFO:colcon.colcon_core.shell:Creating package script '/home/miguel/robos_autonomos/install/tb3_ra_bringup/share/tb3_ra_bringup/package.sh'
[1.436s] INFO:colcon.colcon_core.shell:Creating package script '/home/miguel/robos_autonomos/install/tb3_ra_bringup/share/tb3_ra_bringup/package.bash'
[1.436s] INFO:colcon.colcon_core.shell:Creating package script '/home/miguel/robos_autonomos/install/tb3_ra_bringup/share/tb3_ra_bringup/package.zsh'
[1.437s] Level 1:colcon.colcon_core.environment:create_file_with_runtime_dependencies(/home/miguel/robos_autonomos/install/tb3_ra_bringup/share/colcon-core/packages/tb3_ra_bringup)
[1.454s] Level 1:colcon.colcon_core.environment:create_environment_scripts_only(tb3_ra_bringup)
[1.456s] Level 1:colcon.colcon_core.environment:checking '/home/miguel/robos_autonomos/install/tb3_ra_bringup' for CMake module files
[1.457s] Level 1:colcon.colcon_core.environment:checking '/home/miguel/robos_autonomos/install/tb3_ra_bringup' for CMake config files
[1.457s] Level 1:colcon.colcon_core.shell:create_environment_hook('tb3_ra_bringup', 'cmake_prefix_path')
[1.458s] INFO:colcon.colcon_core.shell:Creating environment hook '/home/miguel/robos_autonomos/install/tb3_ra_bringup/share/tb3_ra_bringup/hook/cmake_prefix_path.ps1'
[1.459s] INFO:colcon.colcon_core.shell:Creating environment descriptor '/home/miguel/robos_autonomos/install/tb3_ra_bringup/share/tb3_ra_bringup/hook/cmake_prefix_path.dsv'
[1.459s] INFO:colcon.colcon_core.shell:Creating environment hook '/home/miguel/robos_autonomos/install/tb3_ra_bringup/share/tb3_ra_bringup/hook/cmake_prefix_path.sh'
[1.460s] Level 1:colcon.colcon_core.environment:checking '/home/miguel/robos_autonomos/install/tb3_ra_bringup/bin'
[1.460s] Level 1:colcon.colcon_core.environment:checking '/home/miguel/robos_autonomos/install/tb3_ra_bringup/lib/pkgconfig/tb3_ra_bringup.pc'
[1.460s] Level 1:colcon.colcon_core.environment:checking '/home/miguel/robos_autonomos/install/tb3_ra_bringup/lib/python3.10/site-packages'
[1.460s] Level 1:colcon.colcon_core.environment:checking '/home/miguel/robos_autonomos/install/tb3_ra_bringup/bin'
[1.461s] INFO:colcon.colcon_core.shell:Creating package script '/home/miguel/robos_autonomos/install/tb3_ra_bringup/share/tb3_ra_bringup/package.ps1'
[1.462s] INFO:colcon.colcon_core.shell:Creating package descriptor '/home/miguel/robos_autonomos/install/tb3_ra_bringup/share/tb3_ra_bringup/package.dsv'
[1.462s] INFO:colcon.colcon_core.shell:Creating package script '/home/miguel/robos_autonomos/install/tb3_ra_bringup/share/tb3_ra_bringup/package.sh'
[1.463s] INFO:colcon.colcon_core.shell:Creating package script '/home/miguel/robos_autonomos/install/tb3_ra_bringup/share/tb3_ra_bringup/package.bash'
[1.463s] INFO:colcon.colcon_core.shell:Creating package script '/home/miguel/robos_autonomos/install/tb3_ra_bringup/share/tb3_ra_bringup/package.zsh'
[1.463s] Level 1:colcon.colcon_core.environment:create_file_with_runtime_dependencies(/home/miguel/robos_autonomos/install/tb3_ra_bringup/share/colcon-core/packages/tb3_ra_bringup)
[1.464s] Level 1:colcon.colcon_core.shell:create_environment_hook('tb3_ra', 'pythonpath_develop')
[1.465s] INFO:colcon.colcon_core.shell:Creating environment hook '/home/miguel/robos_autonomos/build/tb3_ra/share/tb3_ra/hook/pythonpath_develop.ps1'
[1.466s] DEBUG:colcon.colcon_core.event_handler.log_command:Invoked command in '/home/miguel/robos_autonomos/build/tb3_ra' returned '0': PYTHONPATH=/home/miguel/robos_autonomos/build/tb3_ra/prefix_override:/home/miguel/robos_autonomos/install/tb3_ra/lib/python3.10/site-packages:${PYTHONPATH} /usr/bin/python3 setup.py develop --editable --build-directory /home/miguel/robos_autonomos/build/tb3_ra/build --no-deps install_data
[1.466s] INFO:colcon.colcon_core.shell:Creating environment descriptor '/home/miguel/robos_autonomos/build/tb3_ra/share/tb3_ra/hook/pythonpath_develop.dsv'
[1.466s] INFO:colcon.colcon_core.shell:Creating environment hook '/home/miguel/robos_autonomos/build/tb3_ra/share/tb3_ra/hook/pythonpath_develop.sh'
[1.469s] Level 1:colcon.colcon_core.environment:checking '/home/miguel/robos_autonomos/install/tb3_ra' for CMake module files
[1.469s] Level 1:colcon.colcon_core.environment:checking '/home/miguel/robos_autonomos/install/tb3_ra' for CMake config files
[1.469s] Level 1:colcon.colcon_core.environment:checking '/home/miguel/robos_autonomos/install/tb3_ra/lib'
[1.470s] Level 1:colcon.colcon_core.environment:checking '/home/miguel/robos_autonomos/install/tb3_ra/bin'
[1.470s] Level 1:colcon.colcon_core.environment:checking '/home/miguel/robos_autonomos/install/tb3_ra/lib/pkgconfig/tb3_ra.pc'
[1.470s] Level 1:colcon.colcon_core.environment:checking '/home/miguel/robos_autonomos/install/tb3_ra/lib/python3.10/site-packages'
[1.470s] Level 1:colcon.colcon_core.shell:create_environment_hook('tb3_ra', 'pythonpath')
[1.471s] INFO:colcon.colcon_core.shell:Creating environment hook '/home/miguel/robos_autonomos/install/tb3_ra/share/tb3_ra/hook/pythonpath.ps1'
[1.471s] INFO:colcon.colcon_core.shell:Creating environment descriptor '/home/miguel/robos_autonomos/install/tb3_ra/share/tb3_ra/hook/pythonpath.dsv'
[1.472s] INFO:colcon.colcon_core.shell:Creating environment hook '/home/miguel/robos_autonomos/install/tb3_ra/share/tb3_ra/hook/pythonpath.sh'
[1.472s] Level 1:colcon.colcon_core.environment:checking '/home/miguel/robos_autonomos/install/tb3_ra/bin'
[1.472s] Level 1:colcon.colcon_core.environment:create_environment_scripts_only(tb3_ra)
[1.474s] INFO:colcon.colcon_core.shell:Creating package script '/home/miguel/robos_autonomos/install/tb3_ra/share/tb3_ra/package.ps1'
[1.474s] INFO:colcon.colcon_core.shell:Creating package descriptor '/home/miguel/robos_autonomos/install/tb3_ra/share/tb3_ra/package.dsv'
[1.474s] INFO:colcon.colcon_core.shell:Creating package script '/home/miguel/robos_autonomos/install/tb3_ra/share/tb3_ra/package.sh'
[1.475s] INFO:colcon.colcon_core.shell:Creating package script '/home/miguel/robos_autonomos/install/tb3_ra/share/tb3_ra/package.bash'
[1.475s] INFO:colcon.colcon_core.shell:Creating package script '/home/miguel/robos_autonomos/install/tb3_ra/share/tb3_ra/package.zsh'
[1.475s] Level 1:colcon.colcon_core.environment:create_file_with_runtime_dependencies(/home/miguel/robos_autonomos/install/tb3_ra/share/colcon-core/packages/tb3_ra)
[1.475s] DEBUG:colcon.colcon_parallel_executor.executor.parallel:closing loop
[1.476s] DEBUG:colcon.colcon_parallel_executor.executor.parallel:loop closed
[1.476s] DEBUG:colcon.colcon_parallel_executor.executor.parallel:run_until_complete finished with '0'
[1.476s] DEBUG:colcon.colcon_core.event_reactor:joining thread
[1.483s] INFO:colcon.colcon_core.plugin_system:Skipping extension 'colcon_notification.desktop_notification.terminal_notifier': Not used on non-Darwin systems
[1.483s] INFO:colcon.colcon_core.plugin_system:Skipping extension 'colcon_notification.desktop_notification.win32': Not used on non-Windows systems
[1.483s] INFO:colcon.colcon_notification.desktop_notification:Sending desktop notification using 'notify2'
[1.497s] DEBUG:colcon.colcon_core.event_reactor:joined thread
[1.498s] INFO:colcon.colcon_core.shell:Creating prefix script '/home/miguel/robos_autonomos/install/local_setup.ps1'
[1.499s] INFO:colcon.colcon_core.shell:Creating prefix util module '/home/miguel/robos_autonomos/install/_local_setup_util_ps1.py'
[1.502s] INFO:colcon.colcon_core.shell:Creating prefix chain script '/home/miguel/robos_autonomos/install/setup.ps1'
[1.504s] INFO:colcon.colcon_core.shell:Creating prefix script '/home/miguel/robos_autonomos/install/local_setup.sh'
[1.505s] INFO:colcon.colcon_core.shell:Creating prefix util module '/home/miguel/robos_autonomos/install/_local_setup_util_sh.py'
[1.505s] INFO:colcon.colcon_core.shell:Creating prefix chain script '/home/miguel/robos_autonomos/install/setup.sh'
[1.507s] INFO:colcon.colcon_core.shell:Creating prefix script '/home/miguel/robos_autonomos/install/local_setup.bash'
[1.508s] INFO:colcon.colcon_core.shell:Creating prefix chain script '/home/miguel/robos_autonomos/install/setup.bash'
[1.509s] INFO:colcon.colcon_core.shell:Creating prefix script '/home/miguel/robos_autonomos/install/local_setup.zsh'
[1.510s] INFO:colcon.colcon_core.shell:Creating prefix chain script '/home/miguel/robos_autonomos/install/setup.zsh'
