[0.567s] Invoking command in '/home/miguel/robos_autonomos/build/tb3_ra_interfaces': CMAKE_PREFIX_PATH=${CMAKE_PREFIX_PATH}:/home/miguel/robos_autonomos/install/tb3_ra2:/home/miguel/robos_autonomos/install/tb3_ra:/opt/ros/humble /usr/bin/cmake /home/miguel/robos_autonomos/src/tb3_ra_interfaces -DAMENT_CMAKE_SYMLINK_INSTALL=1 -DCMAKE_INSTALL_PREFIX=/home/miguel/robos_autonomos/install/tb3_ra_interfaces
[0.578s] -- Found ament_cmake: 1.3.3 (/opt/ros/humble/share/ament_cmake/cmake)
[0.724s] -- Override CMake install command with custom implementation using symlinks instead of copying resources
[0.732s] -- Found rosidl_default_generators: 1.2.0 (/opt/ros/humble/share/rosidl_default_generators/cmake)
[0.735s] -- Using all available rosidl_typesupport_c: rosidl_typesupport_fastrtps_c;rosidl_typesupport_introspection_c
[0.738s] -- Found rosidl_adapter: 3.1.4 (/opt/ros/humble/share/rosidl_adapter/cmake)
[0.775s] -- Using all available rosidl_typesupport_cpp: rosidl_typesupport_fastrtps_cpp;rosidl_typesupport_introspection_cpp
[1.109s] -- Found ament_cmake_ros: 0.10.0 (/opt/ros/humble/share/ament_cmake_ros/cmake)
[1.347s] -- Using all available rosidl_typesupport_c: rosidl_typesupport_fastrtps_c;rosidl_typesupport_introspection_c
[1.706s] -- Using all available rosidl_typesupport_cpp: rosidl_typesupport_fastrtps_cpp;rosidl_typesupport_introspection_cpp
[1.741s] -- Found python_cmake_module: 0.10.0 (/opt/ros/humble/share/python_cmake_module/cmake)
[1.775s] -- Using PYTHON_EXECUTABLE: /usr/bin/python3
[1.775s] -- Using PYTHON_INCLUDE_DIRS: /usr/include/python3.10
[1.775s] -- Using PYTHON_LIBRARIES: /usr/lib/x86_64-linux-gnu/libpython3.10.so
[1.808s] -- Configuring done
[1.844s] -- Generating done
[1.847s] -- Build files have been written to: /home/miguel/robos_autonomos/build/tb3_ra_interfaces
[1.854s] Invoked command in '/home/miguel/robos_autonomos/build/tb3_ra_interfaces' returned '0': CMAKE_PREFIX_PATH=${CMAKE_PREFIX_PATH}:/home/miguel/robos_autonomos/install/tb3_ra2:/home/miguel/robos_autonomos/install/tb3_ra:/opt/ros/humble /usr/bin/cmake /home/miguel/robos_autonomos/src/tb3_ra_interfaces -DAMENT_CMAKE_SYMLINK_INSTALL=1 -DCMAKE_INSTALL_PREFIX=/home/miguel/robos_autonomos/install/tb3_ra_interfaces
[1.856s] Invoking command in '/home/miguel/robos_autonomos/build/tb3_ra_interfaces': CMAKE_PREFIX_PATH=${CMAKE_PREFIX_PATH}:/home/miguel/robos_autonomos/install/tb3_ra2:/home/miguel/robos_autonomos/install/tb3_ra:/opt/ros/humble /usr/bin/cmake --build /home/miguel/robos_autonomos/build/tb3_ra_interfaces -- -j8 -l8
[1.897s] [35m[1mConsolidate compiler generated dependencies of target tb3_ra_interfaces__rosidl_generator_c[0m
[1.911s] [  9%] Built target tb3_ra_interfaces__rosidl_generator_c
[1.911s] [ 12%] Built target tb3_ra_interfaces__cpp
[1.921s] [ 12%] Built target ament_cmake_python_symlink_tb3_ra_interfaces
[1.924s] [35m[1mConsolidate compiler generated dependencies of target tb3_ra_interfaces__rosidl_typesupport_fastrtps_cpp[0m
[1.924s] [35m[1mConsolidate compiler generated dependencies of target tb3_ra_interfaces__rosidl_typesupport_introspection_c[0m
[1.924s] [35m[1mConsolidate compiler generated dependencies of target tb3_ra_interfaces__rosidl_typesupport_fastrtps_c[0m
[1.925s] [35m[1mConsolidate compiler generated dependencies of target tb3_ra_interfaces__rosidl_typesupport_c[0m
[1.931s] [35m[1mConsolidate compiler generated dependencies of target tb3_ra_interfaces__rosidl_typesupport_introspection_cpp[0m
[1.936s] [35m[1mConsolidate compiler generated dependencies of target tb3_ra_interfaces__rosidl_typesupport_cpp[0m
[1.942s] [ 22%] Built target tb3_ra_interfaces__rosidl_typesupport_c
[1.942s] [ 32%] Built target tb3_ra_interfaces__rosidl_typesupport_introspection_c
[1.945s] [ 41%] Built target tb3_ra_interfaces__rosidl_typesupport_fastrtps_c
[1.951s] [ 51%] Built target tb3_ra_interfaces__rosidl_typesupport_fastrtps_cpp
[1.955s] [ 61%] Built target tb3_ra_interfaces__rosidl_typesupport_introspection_cpp
[1.957s] [ 70%] Built target tb3_ra_interfaces__rosidl_typesupport_cpp
[1.981s] [ 70%] Built target tb3_ra_interfaces
[2.003s] [ 74%] Built target tb3_ra_interfaces__py
[2.013s] [35m[1mConsolidate compiler generated dependencies of target tb3_ra_interfaces__rosidl_generator_py[0m
[2.026s] [ 80%] Built target tb3_ra_interfaces__rosidl_generator_py
[2.039s] [35m[1mConsolidate compiler generated dependencies of target tb3_ra_interfaces__rosidl_typesupport_introspection_c__pyext[0m
[2.042s] [35m[1mConsolidate compiler generated dependencies of target tb3_ra_interfaces__rosidl_typesupport_c__pyext[0m
[2.042s] [35m[1mConsolidate compiler generated dependencies of target tb3_ra_interfaces__rosidl_typesupport_fastrtps_c__pyext[0m
[2.053s] [ 87%] Built target tb3_ra_interfaces__rosidl_typesupport_introspection_c__pyext
[2.057s] [ 93%] Built target tb3_ra_interfaces__rosidl_typesupport_c__pyext
[2.060s] [100%] Built target tb3_ra_interfaces__rosidl_typesupport_fastrtps_c__pyext
[2.320s] running egg_info
[2.321s] writing tb3_ra_interfaces.egg-info/PKG-INFO
[2.321s] writing dependency_links to tb3_ra_interfaces.egg-info/dependency_links.txt
[2.322s] writing top-level names to tb3_ra_interfaces.egg-info/top_level.txt
[2.324s] reading manifest file 'tb3_ra_interfaces.egg-info/SOURCES.txt'
[2.325s] writing manifest file 'tb3_ra_interfaces.egg-info/SOURCES.txt'
[2.358s] [100%] Built target ament_cmake_python_build_tb3_ra_interfaces_egg
[2.370s] Invoked command in '/home/miguel/robos_autonomos/build/tb3_ra_interfaces' returned '0': CMAKE_PREFIX_PATH=${CMAKE_PREFIX_PATH}:/home/miguel/robos_autonomos/install/tb3_ra2:/home/miguel/robos_autonomos/install/tb3_ra:/opt/ros/humble /usr/bin/cmake --build /home/miguel/robos_autonomos/build/tb3_ra_interfaces -- -j8 -l8
[2.415s] Invoking command in '/home/miguel/robos_autonomos/build/tb3_ra_interfaces': CMAKE_PREFIX_PATH=${CMAKE_PREFIX_PATH}:/home/miguel/robos_autonomos/install/tb3_ra2:/home/miguel/robos_autonomos/install/tb3_ra:/opt/ros/humble /usr/bin/cmake --install /home/miguel/robos_autonomos/build/tb3_ra_interfaces
[2.422s] -- Install configuration: ""
[2.422s] -- Execute custom install script
[2.422s] -- Up-to-date symlink: /home/miguel/robos_autonomos/install/tb3_ra_interfaces/share/ament_index/resource_index/rosidl_interfaces/tb3_ra_interfaces
[2.423s] -- Up-to-date symlink: /home/miguel/robos_autonomos/install/tb3_ra_interfaces/include/tb3_ra_interfaces/tb3_ra_interfaces/msg/detail/grid_map__functions.h
[2.423s] -- Up-to-date symlink: /home/miguel/robos_autonomos/install/tb3_ra_interfaces/include/tb3_ra_interfaces/tb3_ra_interfaces/msg/detail/grid_map__struct.h
[2.423s] -- Up-to-date symlink: /home/miguel/robos_autonomos/install/tb3_ra_interfaces/include/tb3_ra_interfaces/tb3_ra_interfaces/msg/detail/grid_map__type_support.h
[2.423s] -- Up-to-date symlink: /home/miguel/robos_autonomos/install/tb3_ra_interfaces/include/tb3_ra_interfaces/tb3_ra_interfaces/msg/grid_map.h
[2.424s] -- Up-to-date symlink: /home/miguel/robos_autonomos/install/tb3_ra_interfaces/include/tb3_ra_interfaces/tb3_ra_interfaces/msg/rosidl_generator_c__visibility_control.h
[2.424s] -- Up-to-date symlink: /home/miguel/robos_autonomos/install/tb3_ra_interfaces/share/tb3_ra_interfaces/environment/library_path.sh
[2.424s] -- Up-to-date symlink: /home/miguel/robos_autonomos/install/tb3_ra_interfaces/share/tb3_ra_interfaces/environment/library_path.dsv
[2.424s] -- Up-to-date symlink: /home/miguel/robos_autonomos/install/tb3_ra_interfaces/include/tb3_ra_interfaces/tb3_ra_interfaces/msg/detail/grid_map__rosidl_typesupport_fastrtps_c.h
[2.424s] -- Up-to-date symlink: /home/miguel/robos_autonomos/install/tb3_ra_interfaces/include/tb3_ra_interfaces/tb3_ra_interfaces/msg/rosidl_typesupport_fastrtps_c__visibility_control.h
[2.425s] -- Up-to-date symlink: /home/miguel/robos_autonomos/install/tb3_ra_interfaces/include/tb3_ra_interfaces/tb3_ra_interfaces/msg/detail/grid_map__rosidl_typesupport_introspection_c.h
[2.425s] -- Up-to-date symlink: /home/miguel/robos_autonomos/install/tb3_ra_interfaces/include/tb3_ra_interfaces/tb3_ra_interfaces/msg/rosidl_typesupport_introspection_c__visibility_control.h
[2.425s] -- Up-to-date symlink: /home/miguel/robos_autonomos/install/tb3_ra_interfaces/include/tb3_ra_interfaces/tb3_ra_interfaces/msg/detail/grid_map__builder.hpp
[2.425s] -- Up-to-date symlink: /home/miguel/robos_autonomos/install/tb3_ra_interfaces/include/tb3_ra_interfaces/tb3_ra_interfaces/msg/detail/grid_map__struct.hpp
[2.425s] -- Up-to-date symlink: /home/miguel/robos_autonomos/install/tb3_ra_interfaces/include/tb3_ra_interfaces/tb3_ra_interfaces/msg/detail/grid_map__traits.hpp
[2.425s] -- Up-to-date symlink: /home/miguel/robos_autonomos/install/tb3_ra_interfaces/include/tb3_ra_interfaces/tb3_ra_interfaces/msg/grid_map.hpp
[2.426s] -- Up-to-date symlink: /home/miguel/robos_autonomos/install/tb3_ra_interfaces/include/tb3_ra_interfaces/tb3_ra_interfaces/msg/detail/grid_map__rosidl_typesupport_fastrtps_cpp.hpp
[2.426s] -- Up-to-date symlink: /home/miguel/robos_autonomos/install/tb3_ra_interfaces/include/tb3_ra_interfaces/tb3_ra_interfaces/msg/rosidl_typesupport_fastrtps_cpp__visibility_control.h
[2.427s] -- Up-to-date symlink: /home/miguel/robos_autonomos/install/tb3_ra_interfaces/include/tb3_ra_interfaces/tb3_ra_interfaces/msg/detail/grid_map__rosidl_typesupport_introspection_cpp.hpp
[2.427s] -- Up-to-date symlink: /home/miguel/robos_autonomos/install/tb3_ra_interfaces/share/tb3_ra_interfaces/environment/pythonpath.sh
[2.427s] -- Up-to-date symlink: /home/miguel/robos_autonomos/install/tb3_ra_interfaces/share/tb3_ra_interfaces/environment/pythonpath.dsv
[2.427s] -- Up-to-date symlink: /home/miguel/robos_autonomos/install/tb3_ra_interfaces/local/lib/python3.10/dist-packages/tb3_ra_interfaces-0.0.0-py3.10.egg-info/PKG-INFO
[2.427s] -- Up-to-date symlink: /home/miguel/robos_autonomos/install/tb3_ra_interfaces/local/lib/python3.10/dist-packages/tb3_ra_interfaces-0.0.0-py3.10.egg-info/SOURCES.txt
[2.428s] -- Up-to-date symlink: /home/miguel/robos_autonomos/install/tb3_ra_interfaces/local/lib/python3.10/dist-packages/tb3_ra_interfaces-0.0.0-py3.10.egg-info/dependency_links.txt
[2.428s] -- Up-to-date symlink: /home/miguel/robos_autonomos/install/tb3_ra_interfaces/local/lib/python3.10/dist-packages/tb3_ra_interfaces-0.0.0-py3.10.egg-info/top_level.txt
[2.428s] -- Up-to-date symlink: /home/miguel/robos_autonomos/install/tb3_ra_interfaces/local/lib/python3.10/dist-packages/tb3_ra_interfaces/__init__.py
[2.428s] -- Up-to-date symlink: /home/miguel/robos_autonomos/install/tb3_ra_interfaces/local/lib/python3.10/dist-packages/tb3_ra_interfaces/_tb3_ra_interfaces_s.ep.rosidl_typesupport_c.c
[2.428s] -- Up-to-date symlink: /home/miguel/robos_autonomos/install/tb3_ra_interfaces/local/lib/python3.10/dist-packages/tb3_ra_interfaces/_tb3_ra_interfaces_s.ep.rosidl_typesupport_fastrtps_c.c
[2.429s] -- Up-to-date symlink: /home/miguel/robos_autonomos/install/tb3_ra_interfaces/local/lib/python3.10/dist-packages/tb3_ra_interfaces/_tb3_ra_interfaces_s.ep.rosidl_typesupport_introspection_c.c
[2.429s] -- Up-to-date symlink: /home/miguel/robos_autonomos/install/tb3_ra_interfaces/local/lib/python3.10/dist-packages/tb3_ra_interfaces/libtb3_ra_interfaces__rosidl_generator_py.so
[2.429s] -- Up-to-date symlink: /home/miguel/robos_autonomos/install/tb3_ra_interfaces/local/lib/python3.10/dist-packages/tb3_ra_interfaces/msg/__init__.py
[2.429s] -- Up-to-date symlink: /home/miguel/robos_autonomos/install/tb3_ra_interfaces/local/lib/python3.10/dist-packages/tb3_ra_interfaces/msg/_grid_map.py
[2.429s] -- Up-to-date symlink: /home/miguel/robos_autonomos/install/tb3_ra_interfaces/local/lib/python3.10/dist-packages/tb3_ra_interfaces/msg/_grid_map_s.c
[2.429s] -- Up-to-date symlink: /home/miguel/robos_autonomos/install/tb3_ra_interfaces/local/lib/python3.10/dist-packages/tb3_ra_interfaces/tb3_ra_interfaces_s__rosidl_typesupport_c.cpython-310-x86_64-linux-gnu.so
[2.429s] -- Up-to-date symlink: /home/miguel/robos_autonomos/install/tb3_ra_interfaces/local/lib/python3.10/dist-packages/tb3_ra_interfaces/tb3_ra_interfaces_s__rosidl_typesupport_fastrtps_c.cpython-310-x86_64-linux-gnu.so
[2.430s] -- Up-to-date symlink: /home/miguel/robos_autonomos/install/tb3_ra_interfaces/local/lib/python3.10/dist-packages/tb3_ra_interfaces/tb3_ra_interfaces_s__rosidl_typesupport_introspection_c.cpython-310-x86_64-linux-gnu.so
[2.430s] -- Up-to-date symlink: /home/miguel/robos_autonomos/install/tb3_ra_interfaces/local/lib/python3.10/dist-packages/tb3_ra_interfaces/tb3_ra_interfaces_s__rosidl_typesupport_fastrtps_c.cpython-310-x86_64-linux-gnu.so
[2.430s] -- Up-to-date symlink: /home/miguel/robos_autonomos/install/tb3_ra_interfaces/local/lib/python3.10/dist-packages/tb3_ra_interfaces/tb3_ra_interfaces_s__rosidl_typesupport_introspection_c.cpython-310-x86_64-linux-gnu.so
[2.430s] -- Up-to-date symlink: /home/miguel/robos_autonomos/install/tb3_ra_interfaces/local/lib/python3.10/dist-packages/tb3_ra_interfaces/tb3_ra_interfaces_s__rosidl_typesupport_c.cpython-310-x86_64-linux-gnu.so
[2.431s] -- Up-to-date symlink: /home/miguel/robos_autonomos/install/tb3_ra_interfaces/share/tb3_ra_interfaces/msg/GridMap.idl
[2.431s] -- Up-to-date symlink: /home/miguel/robos_autonomos/install/tb3_ra_interfaces/share/tb3_ra_interfaces/msg/GridMap.msg
[2.431s] -- Up-to-date symlink: /home/miguel/robos_autonomos/install/tb3_ra_interfaces/share/ament_index/resource_index/package_run_dependencies/tb3_ra_interfaces
[2.431s] -- Up-to-date symlink: /home/miguel/robos_autonomos/install/tb3_ra_interfaces/share/ament_index/resource_index/parent_prefix_path/tb3_ra_interfaces
[2.431s] -- Up-to-date symlink: /home/miguel/robos_autonomos/install/tb3_ra_interfaces/share/tb3_ra_interfaces/environment/ament_prefix_path.sh
[2.431s] -- Up-to-date symlink: /home/miguel/robos_autonomos/install/tb3_ra_interfaces/share/tb3_ra_interfaces/environment/ament_prefix_path.dsv
[2.432s] -- Up-to-date symlink: /home/miguel/robos_autonomos/install/tb3_ra_interfaces/share/tb3_ra_interfaces/environment/path.sh
[2.432s] -- Up-to-date symlink: /home/miguel/robos_autonomos/install/tb3_ra_interfaces/share/tb3_ra_interfaces/environment/path.dsv
[2.432s] -- Up-to-date symlink: /home/miguel/robos_autonomos/install/tb3_ra_interfaces/share/tb3_ra_interfaces/local_setup.bash
[2.432s] -- Up-to-date symlink: /home/miguel/robos_autonomos/install/tb3_ra_interfaces/share/tb3_ra_interfaces/local_setup.sh
[2.432s] -- Up-to-date symlink: /home/miguel/robos_autonomos/install/tb3_ra_interfaces/share/tb3_ra_interfaces/local_setup.zsh
[2.432s] -- Up-to-date symlink: /home/miguel/robos_autonomos/install/tb3_ra_interfaces/share/tb3_ra_interfaces/local_setup.dsv
[2.433s] -- Symlinking: /home/miguel/robos_autonomos/install/tb3_ra_interfaces/share/tb3_ra_interfaces/package.dsv
[2.441s] -- Up-to-date symlink: /home/miguel/robos_autonomos/install/tb3_ra_interfaces/share/ament_index/resource_index/packages/tb3_ra_interfaces
[2.441s] -- Up-to-date symlink: /home/miguel/robos_autonomos/install/tb3_ra_interfaces/share/tb3_ra_interfaces/cmake/rosidl_cmake-extras.cmake
[2.442s] -- Up-to-date symlink: /home/miguel/robos_autonomos/install/tb3_ra_interfaces/share/tb3_ra_interfaces/cmake/ament_cmake_export_include_directories-extras.cmake
[2.442s] -- Up-to-date symlink: /home/miguel/robos_autonomos/install/tb3_ra_interfaces/share/tb3_ra_interfaces/cmake/ament_cmake_export_libraries-extras.cmake
[2.442s] -- Up-to-date symlink: /home/miguel/robos_autonomos/install/tb3_ra_interfaces/share/tb3_ra_interfaces/cmake/ament_cmake_export_targets-extras.cmake
[2.442s] -- Up-to-date symlink: /home/miguel/robos_autonomos/install/tb3_ra_interfaces/share/tb3_ra_interfaces/cmake/rosidl_cmake_export_typesupport_targets-extras.cmake
[2.442s] -- Up-to-date symlink: /home/miguel/robos_autonomos/install/tb3_ra_interfaces/share/tb3_ra_interfaces/cmake/ament_cmake_export_dependencies-extras.cmake
[2.442s] -- Up-to-date symlink: /home/miguel/robos_autonomos/install/tb3_ra_interfaces/share/tb3_ra_interfaces/cmake/rosidl_cmake_export_typesupport_libraries-extras.cmake
[2.442s] -- Up-to-date symlink: /home/miguel/robos_autonomos/install/tb3_ra_interfaces/share/tb3_ra_interfaces/cmake/tb3_ra_interfacesConfig.cmake
[2.443s] -- Up-to-date symlink: /home/miguel/robos_autonomos/install/tb3_ra_interfaces/share/tb3_ra_interfaces/cmake/tb3_ra_interfacesConfig-version.cmake
[2.443s] -- Up-to-date symlink: /home/miguel/robos_autonomos/install/tb3_ra_interfaces/share/tb3_ra_interfaces/package.xml
[2.443s] -- Up-to-date: /home/miguel/robos_autonomos/install/tb3_ra_interfaces/lib/libtb3_ra_interfaces__rosidl_generator_c.so
[2.443s] -- Up-to-date: /home/miguel/robos_autonomos/install/tb3_ra_interfaces/lib/libtb3_ra_interfaces__rosidl_typesupport_fastrtps_c.so
[2.443s] -- Up-to-date: /home/miguel/robos_autonomos/install/tb3_ra_interfaces/lib/libtb3_ra_interfaces__rosidl_typesupport_introspection_c.so
[2.444s] -- Up-to-date: /home/miguel/robos_autonomos/install/tb3_ra_interfaces/lib/libtb3_ra_interfaces__rosidl_typesupport_c.so
[2.444s] -- Up-to-date: /home/miguel/robos_autonomos/install/tb3_ra_interfaces/lib/libtb3_ra_interfaces__rosidl_typesupport_fastrtps_cpp.so
[2.444s] -- Up-to-date: /home/miguel/robos_autonomos/install/tb3_ra_interfaces/lib/libtb3_ra_interfaces__rosidl_typesupport_introspection_cpp.so
[2.444s] -- Up-to-date: /home/miguel/robos_autonomos/install/tb3_ra_interfaces/lib/libtb3_ra_interfaces__rosidl_typesupport_cpp.so
[2.482s] Listing '/home/miguel/robos_autonomos/install/tb3_ra_interfaces/local/lib/python3.10/dist-packages/tb3_ra_interfaces'...
[2.482s] Compiling '/home/miguel/robos_autonomos/install/tb3_ra_interfaces/local/lib/python3.10/dist-packages/tb3_ra_interfaces/__init__.py'...
[2.482s] Listing '/home/miguel/robos_autonomos/install/tb3_ra_interfaces/local/lib/python3.10/dist-packages/tb3_ra_interfaces/msg'...
[2.487s] -- Up-to-date: /home/miguel/robos_autonomos/install/tb3_ra_interfaces/lib/libtb3_ra_interfaces__rosidl_generator_py.so
[2.487s] -- Up-to-date: /home/miguel/robos_autonomos/install/tb3_ra_interfaces/share/tb3_ra_interfaces/cmake/export_tb3_ra_interfaces__rosidl_generator_cExport.cmake
[2.488s] -- Up-to-date: /home/miguel/robos_autonomos/install/tb3_ra_interfaces/share/tb3_ra_interfaces/cmake/export_tb3_ra_interfaces__rosidl_generator_cExport-noconfig.cmake
[2.488s] -- Up-to-date: /home/miguel/robos_autonomos/install/tb3_ra_interfaces/share/tb3_ra_interfaces/cmake/export_tb3_ra_interfaces__rosidl_typesupport_fastrtps_cExport.cmake
[2.488s] -- Up-to-date: /home/miguel/robos_autonomos/install/tb3_ra_interfaces/share/tb3_ra_interfaces/cmake/export_tb3_ra_interfaces__rosidl_typesupport_fastrtps_cExport-noconfig.cmake
[2.488s] -- Up-to-date: /home/miguel/robos_autonomos/install/tb3_ra_interfaces/share/tb3_ra_interfaces/cmake/tb3_ra_interfaces__rosidl_typesupport_introspection_cExport.cmake
[2.488s] -- Up-to-date: /home/miguel/robos_autonomos/install/tb3_ra_interfaces/share/tb3_ra_interfaces/cmake/tb3_ra_interfaces__rosidl_typesupport_introspection_cExport-noconfig.cmake
[2.488s] -- Up-to-date: /home/miguel/robos_autonomos/install/tb3_ra_interfaces/share/tb3_ra_interfaces/cmake/tb3_ra_interfaces__rosidl_typesupport_cExport.cmake
[2.488s] -- Up-to-date: /home/miguel/robos_autonomos/install/tb3_ra_interfaces/share/tb3_ra_interfaces/cmake/tb3_ra_interfaces__rosidl_typesupport_cExport-noconfig.cmake
[2.488s] -- Up-to-date: /home/miguel/robos_autonomos/install/tb3_ra_interfaces/share/tb3_ra_interfaces/cmake/export_tb3_ra_interfaces__rosidl_generator_cppExport.cmake
[2.488s] -- Up-to-date: /home/miguel/robos_autonomos/install/tb3_ra_interfaces/share/tb3_ra_interfaces/cmake/export_tb3_ra_interfaces__rosidl_typesupport_fastrtps_cppExport.cmake
[2.488s] -- Up-to-date: /home/miguel/robos_autonomos/install/tb3_ra_interfaces/share/tb3_ra_interfaces/cmake/export_tb3_ra_interfaces__rosidl_typesupport_fastrtps_cppExport-noconfig.cmake
[2.488s] -- Up-to-date: /home/miguel/robos_autonomos/install/tb3_ra_interfaces/share/tb3_ra_interfaces/cmake/tb3_ra_interfaces__rosidl_typesupport_introspection_cppExport.cmake
[2.489s] -- Up-to-date: /home/miguel/robos_autonomos/install/tb3_ra_interfaces/share/tb3_ra_interfaces/cmake/tb3_ra_interfaces__rosidl_typesupport_introspection_cppExport-noconfig.cmake
[2.489s] -- Up-to-date: /home/miguel/robos_autonomos/install/tb3_ra_interfaces/share/tb3_ra_interfaces/cmake/tb3_ra_interfaces__rosidl_typesupport_cppExport.cmake
[2.489s] -- Up-to-date: /home/miguel/robos_autonomos/install/tb3_ra_interfaces/share/tb3_ra_interfaces/cmake/tb3_ra_interfaces__rosidl_typesupport_cppExport-noconfig.cmake
[2.489s] -- Up-to-date: /home/miguel/robos_autonomos/install/tb3_ra_interfaces/share/tb3_ra_interfaces/cmake/export_tb3_ra_interfaces__rosidl_generator_pyExport.cmake
[2.489s] -- Up-to-date: /home/miguel/robos_autonomos/install/tb3_ra_interfaces/share/tb3_ra_interfaces/cmake/export_tb3_ra_interfaces__rosidl_generator_pyExport-noconfig.cmake
[2.494s] Invoked command in '/home/miguel/robos_autonomos/build/tb3_ra_interfaces' returned '0': CMAKE_PREFIX_PATH=${CMAKE_PREFIX_PATH}:/home/miguel/robos_autonomos/install/tb3_ra2:/home/miguel/robos_autonomos/install/tb3_ra:/opt/ros/humble /usr/bin/cmake --install /home/miguel/robos_autonomos/build/tb3_ra_interfaces
